nohup: ignoring input
2026-01-08 19:43:36 WARNING ==> CUDA extension for structured kernels (Cauchy and Vandermonde multiplication) not found. Install by going to extensions/kernels/ and running `python setup.py install`, for improved speed and memory efficiency. Note that the kernel changed for state-spaces 4.0 and must be recompiled.
2026-01-08 19:43:36 WARNING ==> Falling back on slow Cauchy and Vandermonde kernel. Install at least one of pykeops or the CUDA extension for better speed and memory efficiency.
2026-01-08 19:43:36 INFO ==> Label: age --------------------------------------------------------------------------------
2026-01-08 19:43:36 INFO ==> Loading data from /home/emilyzho/physio-data/data/tiles-holdout/fitbit.
Default device set to CUDA.

2026-01-08 19:45:27 INFO ==> Fold 1 --------------------------------------------------------------------------------
2026-01-08 19:45:27 INFO ==> Constructing S4 (H, N, L) = (128, 32, None)
2026-01-08 19:45:27 INFO ==> Constructing S4 (H, N, L) = (128, 32, None)
2026-01-08 19:45:27 INFO ==> Constructing S4 (H, N, L) = (128, 32, None)
2026-01-08 19:45:27 INFO ==> Constructing S4 (H, N, L) = (128, 32, None)
2026-01-08 19:45:27 INFO ==> Constructing S4 (H, N, L) = (128, 32, None)
2026-01-08 19:45:27 INFO ==> Constructing S4 (H, N, L) = (128, 32, None)
2026-01-08 19:45:28 INFO ==> S4: Initializing kernel to length 2
2026-01-08 19:45:28 INFO ==> S4: Initializing kernel to length 2
2026-01-08 19:45:28 INFO ==> S4: Initializing kernel to length 2
2026-01-08 19:45:28 INFO ==> S4: Initializing kernel to length 2
2026-01-08 19:45:28 INFO ==> S4: Initializing kernel to length 2
2026-01-08 19:45:28 INFO ==> S4: Initializing kernel to length 2
2026-01-08 19:49:06 INFO ==> ACC | bACC | F1 | AUC: 0.6428571428571429 0.5723279420249425 0.5725503894732209 0.6112229668469406
2026-01-08 19:49:06 INFO ==> ------------------------------------------------------------
2026-01-08 19:49:06 INFO ==> Training labels: Counter({np.int64(0): 443, np.int64(1): 236})
2026-01-08 19:49:06 INFO ==> Testing labels: Counter({np.int64(0): 2725, np.int64(1): 1447})
2026-01-08 19:49:06 INFO ==> Fold 2 --------------------------------------------------------------------------------
2026-01-08 19:49:06 INFO ==> Constructing S4 (H, N, L) = (128, 32, None)
2026-01-08 19:49:06 INFO ==> Constructing S4 (H, N, L) = (128, 32, None)
2026-01-08 19:49:06 INFO ==> Constructing S4 (H, N, L) = (128, 32, None)
2026-01-08 19:49:06 INFO ==> Constructing S4 (H, N, L) = (128, 32, None)
2026-01-08 19:49:06 INFO ==> Constructing S4 (H, N, L) = (128, 32, None)
2026-01-08 19:49:06 INFO ==> Constructing S4 (H, N, L) = (128, 32, None)
2026-01-08 19:49:06 INFO ==> S4: Initializing kernel to length 2
2026-01-08 19:49:06 INFO ==> S4: Initializing kernel to length 2
2026-01-08 19:49:06 INFO ==> S4: Initializing kernel to length 2
2026-01-08 19:49:06 INFO ==> S4: Initializing kernel to length 2
2026-01-08 19:49:06 INFO ==> S4: Initializing kernel to length 2
2026-01-08 19:49:06 INFO ==> S4: Initializing kernel to length 2
2026-01-08 19:52:45 INFO ==> ACC | bACC | F1 | AUC: 0.6608341323106424 0.5864135224412419 0.5871015844472585 0.6292855195500973
2026-01-08 19:52:45 INFO ==> ------------------------------------------------------------
2026-01-08 19:52:45 INFO ==> Training labels: Counter({np.int64(0): 443, np.int64(1): 236})
2026-01-08 19:52:45 INFO ==> Testing labels: Counter({np.int64(0): 2725, np.int64(1): 1447})
2026-01-08 19:52:45 INFO ==> Fold 3 --------------------------------------------------------------------------------
2026-01-08 19:52:45 INFO ==> Constructing S4 (H, N, L) = (128, 32, None)
2026-01-08 19:52:45 INFO ==> Constructing S4 (H, N, L) = (128, 32, None)
2026-01-08 19:52:45 INFO ==> Constructing S4 (H, N, L) = (128, 32, None)
2026-01-08 19:52:45 INFO ==> Constructing S4 (H, N, L) = (128, 32, None)
2026-01-08 19:52:45 INFO ==> Constructing S4 (H, N, L) = (128, 32, None)
2026-01-08 19:52:45 INFO ==> Constructing S4 (H, N, L) = (128, 32, None)
2026-01-08 19:52:45 INFO ==> S4: Initializing kernel to length 2
2026-01-08 19:52:45 INFO ==> S4: Initializing kernel to length 2
2026-01-08 19:52:45 INFO ==> S4: Initializing kernel to length 2
2026-01-08 19:52:45 INFO ==> S4: Initializing kernel to length 2
2026-01-08 19:52:45 INFO ==> S4: Initializing kernel to length 2
2026-01-08 19:52:45 INFO ==> S4: Initializing kernel to length 2
2026-01-08 19:55:59 INFO ==> ACC | bACC | F1 | AUC: 0.6471716203259827 0.5719034002650216 0.5712076932014192 0.6019801804429284
2026-01-08 19:55:59 INFO ==> ------------------------------------------------------------
2026-01-08 19:55:59 INFO ==> Training labels: Counter({np.int64(0): 443, np.int64(1): 236})
2026-01-08 19:55:59 INFO ==> Testing labels: Counter({np.int64(0): 2725, np.int64(1): 1447})
2026-01-08 19:55:59 INFO ==> Fold 4 --------------------------------------------------------------------------------
2026-01-08 19:55:59 INFO ==> Constructing S4 (H, N, L) = (128, 32, None)
2026-01-08 19:55:59 INFO ==> Constructing S4 (H, N, L) = (128, 32, None)
2026-01-08 19:55:59 INFO ==> Constructing S4 (H, N, L) = (128, 32, None)
2026-01-08 19:55:59 INFO ==> Constructing S4 (H, N, L) = (128, 32, None)
2026-01-08 19:55:59 INFO ==> Constructing S4 (H, N, L) = (128, 32, None)
2026-01-08 19:55:59 INFO ==> Constructing S4 (H, N, L) = (128, 32, None)
2026-01-08 19:55:59 INFO ==> S4: Initializing kernel to length 2
2026-01-08 19:55:59 INFO ==> S4: Initializing kernel to length 2
2026-01-08 19:55:59 INFO ==> S4: Initializing kernel to length 2
2026-01-08 19:55:59 INFO ==> S4: Initializing kernel to length 2
2026-01-08 19:55:59 INFO ==> S4: Initializing kernel to length 2
2026-01-08 19:55:59 INFO ==> S4: Initializing kernel to length 2
2026-01-08 19:59:38 INFO ==> ACC | bACC | F1 | AUC: 0.6538830297219559 0.576878958680725 0.5762199042360507 0.6311142953152046
2026-01-08 19:59:38 INFO ==> ------------------------------------------------------------
2026-01-08 19:59:38 INFO ==> Training labels: Counter({np.int64(0): 443, np.int64(1): 236})
2026-01-08 19:59:38 INFO ==> Testing labels: Counter({np.int64(0): 2725, np.int64(1): 1447})
2026-01-08 19:59:38 INFO ==> Fold 5 --------------------------------------------------------------------------------
2026-01-08 19:59:38 INFO ==> Constructing S4 (H, N, L) = (128, 32, None)
2026-01-08 19:59:38 INFO ==> Constructing S4 (H, N, L) = (128, 32, None)
2026-01-08 19:59:38 INFO ==> Constructing S4 (H, N, L) = (128, 32, None)
2026-01-08 19:59:38 INFO ==> Constructing S4 (H, N, L) = (128, 32, None)
2026-01-08 19:59:38 INFO ==> Constructing S4 (H, N, L) = (128, 32, None)
2026-01-08 19:59:38 INFO ==> Constructing S4 (H, N, L) = (128, 32, None)
2026-01-08 19:59:38 INFO ==> S4: Initializing kernel to length 2
2026-01-08 19:59:38 INFO ==> S4: Initializing kernel to length 2
2026-01-08 19:59:38 INFO ==> S4: Initializing kernel to length 2
2026-01-08 19:59:38 INFO ==> S4: Initializing kernel to length 2
2026-01-08 19:59:38 INFO ==> S4: Initializing kernel to length 2
2026-01-08 19:59:38 INFO ==> S4: Initializing kernel to length 2
2026-01-08 20:01:44 INFO ==> ACC | bACC | F1 | AUC: 0.6610738255033557 0.5958342156819234 0.5982309983379513 0.6361530024156274
2026-01-08 20:01:44 INFO ==> ------------------------------------------------------------
2026-01-08 20:01:44 INFO ==> Training labels: Counter({np.int64(0): 443, np.int64(1): 236})
2026-01-08 20:01:44 INFO ==> Testing labels: Counter({np.int64(0): 2725, np.int64(1): 1447})
2026-01-08 20:01:44 INFO ==> 
Average ACC: 0.6531639501438159
2026-01-08 20:01:44 INFO ==> 
Average bACC: 0.5806716078187709
2026-01-08 20:01:44 INFO ==> 
Average F1: 0.5810621139391802
2026-01-08 20:01:44 INFO ==> 
Average AUC: 0.6219511929141597
2026-01-08 20:01:44 INFO ==> Label: shift --------------------------------------------------------------------------------
2026-01-08 20:01:44 INFO ==> Loading data from /home/emilyzho/physio-data/data/tiles-holdout/fitbit.
=================================================================
Layer (type:depth-idx)                   Param #
=================================================================
S4Model                                  --
├─Linear: 1-1                            184,448
├─ModuleList: 1-2                        --
│    └─S4Block: 2-1                      --
│    │    └─FFTConv: 3-1                 33,024
│    │    └─Identity: 3-2                --
│    │    └─Dropout: 3-3                 --
│    │    └─Sequential: 3-4              33,024
│    └─S4Block: 2-2                      --
│    │    └─FFTConv: 3-5                 33,024
│    │    └─Identity: 3-6                --
│    │    └─Dropout: 3-7                 --
│    │    └─Sequential: 3-8              33,024
│    └─S4Block: 2-3                      --
│    │    └─FFTConv: 3-9                 33,024
│    │    └─Identity: 3-10               --
│    │    └─Dropout: 3-11                --
│    │    └─Sequential: 3-12             33,024
│    └─S4Block: 2-4                      --
│    │    └─FFTConv: 3-13                33,024
│    │    └─Identity: 3-14               --
│    │    └─Dropout: 3-15                --
│    │    └─Sequential: 3-16             33,024
│    └─S4Block: 2-5                      --
│    │    └─FFTConv: 3-17                33,024
│    │    └─Identity: 3-18               --
│    │    └─Dropout: 3-19                --
│    │    └─Sequential: 3-20             33,024
│    └─S4Block: 2-6                      --
│    │    └─FFTConv: 3-21                33,024
│    │    └─Identity: 3-22               --
│    │    └─Dropout: 3-23                --
│    │    └─Sequential: 3-24             33,024
├─ModuleList: 1-3                        --
│    └─LayerNorm: 2-7                    256
│    └─LayerNorm: 2-8                    256
│    └─LayerNorm: 2-9                    256
│    └─LayerNorm: 2-10                   256
│    └─LayerNorm: 2-11                   256
│    └─LayerNorm: 2-12                   256
├─ModuleList: 1-4                        --
│    └─Dropout1d: 2-13                   --
│    └─Dropout1d: 2-14                   --
│    └─Dropout1d: 2-15                   --
│    └─Dropout1d: 2-16                   --
│    └─Dropout1d: 2-17                   --
│    └─Dropout1d: 2-18                   --
├─Linear: 1-5                            129
=================================================================
Total params: 582,401
Trainable params: 582,401
Non-trainable params: 0
=================================================================

2026-01-08 20:03:33 INFO ==> Fold 1 --------------------------------------------------------------------------------
2026-01-08 20:03:33 INFO ==> Constructing S4 (H, N, L) = (128, 32, None)
2026-01-08 20:03:33 INFO ==> Constructing S4 (H, N, L) = (128, 32, None)
2026-01-08 20:03:33 INFO ==> Constructing S4 (H, N, L) = (128, 32, None)
2026-01-08 20:03:33 INFO ==> Constructing S4 (H, N, L) = (128, 32, None)
2026-01-08 20:03:33 INFO ==> Constructing S4 (H, N, L) = (128, 32, None)
2026-01-08 20:03:33 INFO ==> Constructing S4 (H, N, L) = (128, 32, None)
2026-01-08 20:03:33 INFO ==> S4: Initializing kernel to length 2
2026-01-08 20:03:33 INFO ==> S4: Initializing kernel to length 2
2026-01-08 20:03:33 INFO ==> S4: Initializing kernel to length 2
2026-01-08 20:03:33 INFO ==> S4: Initializing kernel to length 2
2026-01-08 20:03:33 INFO ==> S4: Initializing kernel to length 2
2026-01-08 20:03:33 INFO ==> S4: Initializing kernel to length 2
2026-01-08 20:06:35 INFO ==> ACC | bACC | F1 | AUC: 0.8367689357622243 0.694125120964654 0.7177749701174234 0.8176893836546294
2026-01-08 20:06:35 INFO ==> ------------------------------------------------------------
2026-01-08 20:06:35 INFO ==> Training labels: Counter({np.int64(0): 537, np.int64(1): 142})
2026-01-08 20:06:35 INFO ==> Testing labels: Counter({np.int64(0): 3302, np.int64(1): 870})
2026-01-08 20:06:35 INFO ==> Fold 2 --------------------------------------------------------------------------------
2026-01-08 20:06:35 INFO ==> Constructing S4 (H, N, L) = (128, 32, None)
2026-01-08 20:06:35 INFO ==> Constructing S4 (H, N, L) = (128, 32, None)
2026-01-08 20:06:35 INFO ==> Constructing S4 (H, N, L) = (128, 32, None)
2026-01-08 20:06:35 INFO ==> Constructing S4 (H, N, L) = (128, 32, None)
2026-01-08 20:06:35 INFO ==> Constructing S4 (H, N, L) = (128, 32, None)
2026-01-08 20:06:35 INFO ==> Constructing S4 (H, N, L) = (128, 32, None)
2026-01-08 20:06:35 INFO ==> S4: Initializing kernel to length 2
2026-01-08 20:06:35 INFO ==> S4: Initializing kernel to length 2
2026-01-08 20:06:35 INFO ==> S4: Initializing kernel to length 2
2026-01-08 20:06:35 INFO ==> S4: Initializing kernel to length 2
2026-01-08 20:06:35 INFO ==> S4: Initializing kernel to length 2
2026-01-08 20:06:35 INFO ==> S4: Initializing kernel to length 2
2026-01-08 20:09:40 INFO ==> ACC | bACC | F1 | AUC: 0.8314956855225312 0.6920636744014426 0.7129607745211479 0.8180399200763033
2026-01-08 20:09:40 INFO ==> ------------------------------------------------------------
2026-01-08 20:09:40 INFO ==> Training labels: Counter({np.int64(0): 537, np.int64(1): 142})
2026-01-08 20:09:40 INFO ==> Testing labels: Counter({np.int64(0): 3302, np.int64(1): 870})
2026-01-08 20:09:40 INFO ==> Fold 3 --------------------------------------------------------------------------------
2026-01-08 20:09:40 INFO ==> Constructing S4 (H, N, L) = (128, 32, None)
2026-01-08 20:09:40 INFO ==> Constructing S4 (H, N, L) = (128, 32, None)
2026-01-08 20:09:40 INFO ==> Constructing S4 (H, N, L) = (128, 32, None)
2026-01-08 20:09:40 INFO ==> Constructing S4 (H, N, L) = (128, 32, None)
2026-01-08 20:09:40 INFO ==> Constructing S4 (H, N, L) = (128, 32, None)
2026-01-08 20:09:41 INFO ==> Constructing S4 (H, N, L) = (128, 32, None)
2026-01-08 20:09:41 INFO ==> S4: Initializing kernel to length 2
2026-01-08 20:09:41 INFO ==> S4: Initializing kernel to length 2
2026-01-08 20:09:41 INFO ==> S4: Initializing kernel to length 2
2026-01-08 20:09:41 INFO ==> S4: Initializing kernel to length 2
2026-01-08 20:09:41 INFO ==> S4: Initializing kernel to length 2
2026-01-08 20:09:41 INFO ==> S4: Initializing kernel to length 2
2026-01-08 20:12:40 INFO ==> ACC | bACC | F1 | AUC: 0.839405560882071 0.6940976210864889 0.7194548155285239 0.8145154103747642
2026-01-08 20:12:40 INFO ==> ------------------------------------------------------------
2026-01-08 20:12:40 INFO ==> Training labels: Counter({np.int64(0): 537, np.int64(1): 142})
2026-01-08 20:12:40 INFO ==> Testing labels: Counter({np.int64(0): 3302, np.int64(1): 870})
2026-01-08 20:12:40 INFO ==> Fold 4 --------------------------------------------------------------------------------
2026-01-08 20:12:40 INFO ==> Constructing S4 (H, N, L) = (128, 32, None)
2026-01-08 20:12:40 INFO ==> Constructing S4 (H, N, L) = (128, 32, None)
2026-01-08 20:12:40 INFO ==> Constructing S4 (H, N, L) = (128, 32, None)
2026-01-08 20:12:40 INFO ==> Constructing S4 (H, N, L) = (128, 32, None)
2026-01-08 20:12:40 INFO ==> Constructing S4 (H, N, L) = (128, 32, None)
2026-01-08 20:12:40 INFO ==> Constructing S4 (H, N, L) = (128, 32, None)
2026-01-08 20:12:40 INFO ==> S4: Initializing kernel to length 2
2026-01-08 20:12:40 INFO ==> S4: Initializing kernel to length 2
2026-01-08 20:12:40 INFO ==> S4: Initializing kernel to length 2
2026-01-08 20:12:40 INFO ==> S4: Initializing kernel to length 2
2026-01-08 20:12:40 INFO ==> S4: Initializing kernel to length 2
2026-01-08 20:12:40 INFO ==> S4: Initializing kernel to length 2
2026-01-08 20:15:44 INFO ==> ACC | bACC | F1 | AUC: 0.8434803451581975 0.7042910252929259 0.7293789361037848 0.8120285859493027
2026-01-08 20:15:44 INFO ==> ------------------------------------------------------------
2026-01-08 20:15:44 INFO ==> Training labels: Counter({np.int64(0): 537, np.int64(1): 142})
2026-01-08 20:15:44 INFO ==> Testing labels: Counter({np.int64(0): 3302, np.int64(1): 870})
2026-01-08 20:15:44 INFO ==> Fold 5 --------------------------------------------------------------------------------
2026-01-08 20:15:44 INFO ==> Constructing S4 (H, N, L) = (128, 32, None)
2026-01-08 20:15:44 INFO ==> Constructing S4 (H, N, L) = (128, 32, None)
2026-01-08 20:15:44 INFO ==> Constructing S4 (H, N, L) = (128, 32, None)
2026-01-08 20:15:44 INFO ==> Constructing S4 (H, N, L) = (128, 32, None)
2026-01-08 20:15:44 INFO ==> Constructing S4 (H, N, L) = (128, 32, None)
2026-01-08 20:15:44 INFO ==> Constructing S4 (H, N, L) = (128, 32, None)
2026-01-08 20:15:44 INFO ==> S4: Initializing kernel to length 2
2026-01-08 20:15:44 INFO ==> S4: Initializing kernel to length 2
2026-01-08 20:15:44 INFO ==> S4: Initializing kernel to length 2
2026-01-08 20:15:44 INFO ==> S4: Initializing kernel to length 2
2026-01-08 20:15:44 INFO ==> S4: Initializing kernel to length 2
2026-01-08 20:15:44 INFO ==> S4: Initializing kernel to length 2
2026-01-08 20:17:47 INFO ==> ACC | bACC | F1 | AUC: 0.838686481303931 0.6999926899058042 0.7231708486980455 0.8110180524516664
2026-01-08 20:17:47 INFO ==> ------------------------------------------------------------
2026-01-08 20:17:47 INFO ==> Training labels: Counter({np.int64(0): 537, np.int64(1): 142})
2026-01-08 20:17:47 INFO ==> Testing labels: Counter({np.int64(0): 3302, np.int64(1): 870})
2026-01-08 20:17:47 INFO ==> 
Average ACC: 0.837967401725791
2026-01-08 20:17:47 INFO ==> 
Average bACC: 0.6969140263302631
2026-01-08 20:17:47 INFO ==> 
Average F1: 0.7205480689937851
2026-01-08 20:17:47 INFO ==> 
Average AUC: 0.8146582705013332
2026-01-08 20:17:47 INFO ==> Label: anxiety --------------------------------------------------------------------------------
2026-01-08 20:17:47 INFO ==> Loading data from /home/emilyzho/physio-data/data/tiles-holdout/fitbit.
=================================================================
Layer (type:depth-idx)                   Param #
=================================================================
S4Model                                  --
├─Linear: 1-1                            184,448
├─ModuleList: 1-2                        --
│    └─S4Block: 2-1                      --
│    │    └─FFTConv: 3-1                 33,024
│    │    └─Identity: 3-2                --
│    │    └─Dropout: 3-3                 --
│    │    └─Sequential: 3-4              33,024
│    └─S4Block: 2-2                      --
│    │    └─FFTConv: 3-5                 33,024
│    │    └─Identity: 3-6                --
│    │    └─Dropout: 3-7                 --
│    │    └─Sequential: 3-8              33,024
│    └─S4Block: 2-3                      --
│    │    └─FFTConv: 3-9                 33,024
│    │    └─Identity: 3-10               --
│    │    └─Dropout: 3-11                --
│    │    └─Sequential: 3-12             33,024
│    └─S4Block: 2-4                      --
│    │    └─FFTConv: 3-13                33,024
│    │    └─Identity: 3-14               --
│    │    └─Dropout: 3-15                --
│    │    └─Sequential: 3-16             33,024
│    └─S4Block: 2-5                      --
│    │    └─FFTConv: 3-17                33,024
│    │    └─Identity: 3-18               --
│    │    └─Dropout: 3-19                --
│    │    └─Sequential: 3-20             33,024
│    └─S4Block: 2-6                      --
│    │    └─FFTConv: 3-21                33,024
│    │    └─Identity: 3-22               --
│    │    └─Dropout: 3-23                --
│    │    └─Sequential: 3-24             33,024
├─ModuleList: 1-3                        --
│    └─LayerNorm: 2-7                    256
│    └─LayerNorm: 2-8                    256
│    └─LayerNorm: 2-9                    256
│    └─LayerNorm: 2-10                   256
│    └─LayerNorm: 2-11                   256
│    └─LayerNorm: 2-12                   256
├─ModuleList: 1-4                        --
│    └─Dropout1d: 2-13                   --
│    └─Dropout1d: 2-14                   --
│    └─Dropout1d: 2-15                   --
│    └─Dropout1d: 2-16                   --
│    └─Dropout1d: 2-17                   --
│    └─Dropout1d: 2-18                   --
├─Linear: 1-5                            129
=================================================================
Total params: 582,401
Trainable params: 582,401
Non-trainable params: 0
=================================================================

2026-01-08 20:19:39 INFO ==> Fold 1 --------------------------------------------------------------------------------
2026-01-08 20:19:39 INFO ==> Constructing S4 (H, N, L) = (128, 32, None)
2026-01-08 20:19:39 INFO ==> Constructing S4 (H, N, L) = (128, 32, None)
2026-01-08 20:19:39 INFO ==> Constructing S4 (H, N, L) = (128, 32, None)
2026-01-08 20:19:39 INFO ==> Constructing S4 (H, N, L) = (128, 32, None)
2026-01-08 20:19:39 INFO ==> Constructing S4 (H, N, L) = (128, 32, None)
2026-01-08 20:19:39 INFO ==> Constructing S4 (H, N, L) = (128, 32, None)
2026-01-08 20:19:39 INFO ==> S4: Initializing kernel to length 2
2026-01-08 20:19:39 INFO ==> S4: Initializing kernel to length 2
2026-01-08 20:19:39 INFO ==> S4: Initializing kernel to length 2
2026-01-08 20:19:39 INFO ==> S4: Initializing kernel to length 2
2026-01-08 20:19:39 INFO ==> S4: Initializing kernel to length 2
2026-01-08 20:19:39 INFO ==> S4: Initializing kernel to length 2
2026-01-08 20:22:42 INFO ==> ACC | bACC | F1 | AUC: 0.6709012464046021 0.5165368040332999 0.5062914664442051 0.5288302475777026
2026-01-08 20:22:42 INFO ==> ------------------------------------------------------------
2026-01-08 20:22:42 INFO ==> Training labels: Counter({np.int64(0): 490, np.int64(1): 189})
2026-01-08 20:22:42 INFO ==> Testing labels: Counter({np.int64(0): 3009, np.int64(1): 1163})
2026-01-08 20:22:42 INFO ==> Fold 2 --------------------------------------------------------------------------------
2026-01-08 20:22:43 INFO ==> Constructing S4 (H, N, L) = (128, 32, None)
2026-01-08 20:22:43 INFO ==> Constructing S4 (H, N, L) = (128, 32, None)
2026-01-08 20:22:43 INFO ==> Constructing S4 (H, N, L) = (128, 32, None)
2026-01-08 20:22:43 INFO ==> Constructing S4 (H, N, L) = (128, 32, None)
2026-01-08 20:22:43 INFO ==> Constructing S4 (H, N, L) = (128, 32, None)
2026-01-08 20:22:43 INFO ==> Constructing S4 (H, N, L) = (128, 32, None)
2026-01-08 20:22:43 INFO ==> S4: Initializing kernel to length 2
2026-01-08 20:22:43 INFO ==> S4: Initializing kernel to length 2
2026-01-08 20:22:43 INFO ==> S4: Initializing kernel to length 2
2026-01-08 20:22:43 INFO ==> S4: Initializing kernel to length 2
2026-01-08 20:22:43 INFO ==> S4: Initializing kernel to length 2
2026-01-08 20:22:43 INFO ==> S4: Initializing kernel to length 2
2026-01-08 20:25:45 INFO ==> ACC | bACC | F1 | AUC: 0.6565196548418025 0.5023466430745025 0.49060493133214433 0.5258929431253389
2026-01-08 20:25:45 INFO ==> ------------------------------------------------------------
2026-01-08 20:25:45 INFO ==> Training labels: Counter({np.int64(0): 490, np.int64(1): 189})
2026-01-08 20:25:45 INFO ==> Testing labels: Counter({np.int64(0): 3009, np.int64(1): 1163})
2026-01-08 20:25:45 INFO ==> Fold 3 --------------------------------------------------------------------------------
2026-01-08 20:25:45 INFO ==> Constructing S4 (H, N, L) = (128, 32, None)
2026-01-08 20:25:45 INFO ==> Constructing S4 (H, N, L) = (128, 32, None)
2026-01-08 20:25:45 INFO ==> Constructing S4 (H, N, L) = (128, 32, None)
2026-01-08 20:25:45 INFO ==> Constructing S4 (H, N, L) = (128, 32, None)
2026-01-08 20:25:45 INFO ==> Constructing S4 (H, N, L) = (128, 32, None)
2026-01-08 20:25:45 INFO ==> Constructing S4 (H, N, L) = (128, 32, None)
2026-01-08 20:25:45 INFO ==> S4: Initializing kernel to length 2
2026-01-08 20:25:45 INFO ==> S4: Initializing kernel to length 2
2026-01-08 20:25:45 INFO ==> S4: Initializing kernel to length 2
2026-01-08 20:25:45 INFO ==> S4: Initializing kernel to length 2
2026-01-08 20:25:45 INFO ==> S4: Initializing kernel to length 2
2026-01-08 20:25:45 INFO ==> S4: Initializing kernel to length 2
2026-01-08 20:28:48 INFO ==> ACC | bACC | F1 | AUC: 0.6483700862895494 0.5164785094415807 0.5134403787332232 0.5245407372036942
2026-01-08 20:28:48 INFO ==> ------------------------------------------------------------
2026-01-08 20:28:48 INFO ==> Training labels: Counter({np.int64(0): 490, np.int64(1): 189})
2026-01-08 20:28:48 INFO ==> Testing labels: Counter({np.int64(0): 3009, np.int64(1): 1163})
2026-01-08 20:28:48 INFO ==> Fold 4 --------------------------------------------------------------------------------
2026-01-08 20:28:48 INFO ==> Constructing S4 (H, N, L) = (128, 32, None)
2026-01-08 20:28:48 INFO ==> Constructing S4 (H, N, L) = (128, 32, None)
2026-01-08 20:28:48 INFO ==> Constructing S4 (H, N, L) = (128, 32, None)
2026-01-08 20:28:48 INFO ==> Constructing S4 (H, N, L) = (128, 32, None)
2026-01-08 20:28:48 INFO ==> Constructing S4 (H, N, L) = (128, 32, None)
2026-01-08 20:28:48 INFO ==> Constructing S4 (H, N, L) = (128, 32, None)
2026-01-08 20:28:48 INFO ==> S4: Initializing kernel to length 2
2026-01-08 20:28:48 INFO ==> S4: Initializing kernel to length 2
2026-01-08 20:28:48 INFO ==> S4: Initializing kernel to length 2
2026-01-08 20:28:48 INFO ==> S4: Initializing kernel to length 2
2026-01-08 20:28:48 INFO ==> S4: Initializing kernel to length 2
2026-01-08 20:28:48 INFO ==> S4: Initializing kernel to length 2
2026-01-08 20:31:50 INFO ==> ACC | bACC | F1 | AUC: 0.6481303930968361 0.5115647611479119 0.5070336194517602 0.5272417199533529
2026-01-08 20:31:50 INFO ==> ------------------------------------------------------------
2026-01-08 20:31:50 INFO ==> Training labels: Counter({np.int64(0): 490, np.int64(1): 189})
2026-01-08 20:31:50 INFO ==> Testing labels: Counter({np.int64(0): 3009, np.int64(1): 1163})
2026-01-08 20:31:50 INFO ==> Fold 5 --------------------------------------------------------------------------------
2026-01-08 20:31:51 INFO ==> Constructing S4 (H, N, L) = (128, 32, None)
2026-01-08 20:31:51 INFO ==> Constructing S4 (H, N, L) = (128, 32, None)
2026-01-08 20:31:51 INFO ==> Constructing S4 (H, N, L) = (128, 32, None)
2026-01-08 20:31:51 INFO ==> Constructing S4 (H, N, L) = (128, 32, None)
2026-01-08 20:31:51 INFO ==> Constructing S4 (H, N, L) = (128, 32, None)
2026-01-08 20:31:51 INFO ==> Constructing S4 (H, N, L) = (128, 32, None)
2026-01-08 20:31:51 INFO ==> S4: Initializing kernel to length 2
2026-01-08 20:31:51 INFO ==> S4: Initializing kernel to length 2
2026-01-08 20:31:51 INFO ==> S4: Initializing kernel to length 2
2026-01-08 20:31:51 INFO ==> S4: Initializing kernel to length 2
2026-01-08 20:31:51 INFO ==> S4: Initializing kernel to length 2
2026-01-08 20:31:51 INFO ==> S4: Initializing kernel to length 2
2026-01-08 20:34:21 INFO ==> ACC | bACC | F1 | AUC: 0.6517257909875359 0.5137935291288644 0.5090605181597079 0.5330871815622207
2026-01-08 20:34:21 INFO ==> ------------------------------------------------------------
2026-01-08 20:34:21 INFO ==> Training labels: Counter({np.int64(0): 490, np.int64(1): 189})
2026-01-08 20:34:21 INFO ==> Testing labels: Counter({np.int64(0): 3009, np.int64(1): 1163})
2026-01-08 20:34:21 INFO ==> 
Average ACC: 0.6551294343240652
2026-01-08 20:34:21 INFO ==> 
Average bACC: 0.512144049365232
2026-01-08 20:34:21 INFO ==> 
Average F1: 0.5052861828242081
2026-01-08 20:34:21 INFO ==> 
Average AUC: 0.5279185658844618
2026-01-08 20:34:21 INFO ==> Label: stress --------------------------------------------------------------------------------
2026-01-08 20:34:21 INFO ==> Loading data from /home/emilyzho/physio-data/data/tiles-holdout/fitbit.
=================================================================
Layer (type:depth-idx)                   Param #
=================================================================
S4Model                                  --
├─Linear: 1-1                            184,448
├─ModuleList: 1-2                        --
│    └─S4Block: 2-1                      --
│    │    └─FFTConv: 3-1                 33,024
│    │    └─Identity: 3-2                --
│    │    └─Dropout: 3-3                 --
│    │    └─Sequential: 3-4              33,024
│    └─S4Block: 2-2                      --
│    │    └─FFTConv: 3-5                 33,024
│    │    └─Identity: 3-6                --
│    │    └─Dropout: 3-7                 --
│    │    └─Sequential: 3-8              33,024
│    └─S4Block: 2-3                      --
│    │    └─FFTConv: 3-9                 33,024
│    │    └─Identity: 3-10               --
│    │    └─Dropout: 3-11                --
│    │    └─Sequential: 3-12             33,024
│    └─S4Block: 2-4                      --
│    │    └─FFTConv: 3-13                33,024
│    │    └─Identity: 3-14               --
│    │    └─Dropout: 3-15                --
│    │    └─Sequential: 3-16             33,024
│    └─S4Block: 2-5                      --
│    │    └─FFTConv: 3-17                33,024
│    │    └─Identity: 3-18               --
│    │    └─Dropout: 3-19                --
│    │    └─Sequential: 3-20             33,024
│    └─S4Block: 2-6                      --
│    │    └─FFTConv: 3-21                33,024
│    │    └─Identity: 3-22               --
│    │    └─Dropout: 3-23                --
│    │    └─Sequential: 3-24             33,024
├─ModuleList: 1-3                        --
│    └─LayerNorm: 2-7                    256
│    └─LayerNorm: 2-8                    256
│    └─LayerNorm: 2-9                    256
│    └─LayerNorm: 2-10                   256
│    └─LayerNorm: 2-11                   256
│    └─LayerNorm: 2-12                   256
├─ModuleList: 1-4                        --
│    └─Dropout1d: 2-13                   --
│    └─Dropout1d: 2-14                   --
│    └─Dropout1d: 2-15                   --
│    └─Dropout1d: 2-16                   --
│    └─Dropout1d: 2-17                   --
│    └─Dropout1d: 2-18                   --
├─Linear: 1-5                            129
=================================================================
Total params: 582,401
Trainable params: 582,401
Non-trainable params: 0
=================================================================

2026-01-08 20:36:08 INFO ==> Fold 1 --------------------------------------------------------------------------------
2026-01-08 20:36:08 INFO ==> Constructing S4 (H, N, L) = (128, 32, None)
2026-01-08 20:36:08 INFO ==> Constructing S4 (H, N, L) = (128, 32, None)
2026-01-08 20:36:08 INFO ==> Constructing S4 (H, N, L) = (128, 32, None)
2026-01-08 20:36:08 INFO ==> Constructing S4 (H, N, L) = (128, 32, None)
2026-01-08 20:36:09 INFO ==> Constructing S4 (H, N, L) = (128, 32, None)
2026-01-08 20:36:09 INFO ==> Constructing S4 (H, N, L) = (128, 32, None)
2026-01-08 20:36:09 INFO ==> S4: Initializing kernel to length 2
2026-01-08 20:36:09 INFO ==> S4: Initializing kernel to length 2
2026-01-08 20:36:09 INFO ==> S4: Initializing kernel to length 2
2026-01-08 20:36:09 INFO ==> S4: Initializing kernel to length 2
2026-01-08 20:36:09 INFO ==> S4: Initializing kernel to length 2
2026-01-08 20:36:09 INFO ==> S4: Initializing kernel to length 2
2026-01-08 20:38:08 INFO ==> ACC | bACC | F1 | AUC: 0.5958772770853308 0.5253326160391736 0.5226540735148851 0.5360775913707891
2026-01-08 20:38:08 INFO ==> ------------------------------------------------------------
2026-01-08 20:38:08 INFO ==> Training labels: Counter({np.int64(0): 443, np.int64(1): 236})
2026-01-08 20:38:08 INFO ==> Testing labels: Counter({np.int64(0): 2721, np.int64(1): 1451})
2026-01-08 20:38:08 INFO ==> Fold 2 --------------------------------------------------------------------------------
2026-01-08 20:38:08 INFO ==> Constructing S4 (H, N, L) = (128, 32, None)
2026-01-08 20:38:08 INFO ==> Constructing S4 (H, N, L) = (128, 32, None)
2026-01-08 20:38:08 INFO ==> Constructing S4 (H, N, L) = (128, 32, None)
2026-01-08 20:38:08 INFO ==> Constructing S4 (H, N, L) = (128, 32, None)
2026-01-08 20:38:08 INFO ==> Constructing S4 (H, N, L) = (128, 32, None)
2026-01-08 20:38:08 INFO ==> Constructing S4 (H, N, L) = (128, 32, None)
2026-01-08 20:38:08 INFO ==> S4: Initializing kernel to length 2
2026-01-08 20:38:08 INFO ==> S4: Initializing kernel to length 2
2026-01-08 20:38:08 INFO ==> S4: Initializing kernel to length 2
2026-01-08 20:38:08 INFO ==> S4: Initializing kernel to length 2
2026-01-08 20:38:08 INFO ==> S4: Initializing kernel to length 2
2026-01-08 20:38:08 INFO ==> S4: Initializing kernel to length 2
2026-01-08 20:40:09 INFO ==> ACC | bACC | F1 | AUC: 0.6241610738255033 0.5410649640048519 0.5351039150020738 0.5671071491077768
2026-01-08 20:40:09 INFO ==> ------------------------------------------------------------
2026-01-08 20:40:09 INFO ==> Training labels: Counter({np.int64(0): 443, np.int64(1): 236})
2026-01-08 20:40:09 INFO ==> Testing labels: Counter({np.int64(0): 2721, np.int64(1): 1451})
2026-01-08 20:40:09 INFO ==> Fold 3 --------------------------------------------------------------------------------
2026-01-08 20:40:09 INFO ==> Constructing S4 (H, N, L) = (128, 32, None)
2026-01-08 20:40:09 INFO ==> Constructing S4 (H, N, L) = (128, 32, None)
2026-01-08 20:40:09 INFO ==> Constructing S4 (H, N, L) = (128, 32, None)
2026-01-08 20:40:09 INFO ==> Constructing S4 (H, N, L) = (128, 32, None)
2026-01-08 20:40:09 INFO ==> Constructing S4 (H, N, L) = (128, 32, None)
2026-01-08 20:40:09 INFO ==> Constructing S4 (H, N, L) = (128, 32, None)
2026-01-08 20:40:09 INFO ==> S4: Initializing kernel to length 2
2026-01-08 20:40:09 INFO ==> S4: Initializing kernel to length 2
2026-01-08 20:40:09 INFO ==> S4: Initializing kernel to length 2
2026-01-08 20:40:09 INFO ==> S4: Initializing kernel to length 2
2026-01-08 20:40:09 INFO ==> S4: Initializing kernel to length 2
2026-01-08 20:40:09 INFO ==> S4: Initializing kernel to length 2
2026-01-08 20:42:13 INFO ==> ACC | bACC | F1 | AUC: 0.5913231064237776 0.5248970979220505 0.5231969638013614 0.5531766481239034
2026-01-08 20:42:13 INFO ==> ------------------------------------------------------------
2026-01-08 20:42:13 INFO ==> Training labels: Counter({np.int64(0): 443, np.int64(1): 236})
2026-01-08 20:42:13 INFO ==> Testing labels: Counter({np.int64(0): 2721, np.int64(1): 1451})
2026-01-08 20:42:13 INFO ==> Fold 4 --------------------------------------------------------------------------------
2026-01-08 20:42:13 INFO ==> Constructing S4 (H, N, L) = (128, 32, None)
2026-01-08 20:42:13 INFO ==> Constructing S4 (H, N, L) = (128, 32, None)
2026-01-08 20:42:13 INFO ==> Constructing S4 (H, N, L) = (128, 32, None)
2026-01-08 20:42:13 INFO ==> Constructing S4 (H, N, L) = (128, 32, None)
2026-01-08 20:42:13 INFO ==> Constructing S4 (H, N, L) = (128, 32, None)
2026-01-08 20:42:13 INFO ==> Constructing S4 (H, N, L) = (128, 32, None)
2026-01-08 20:42:13 INFO ==> S4: Initializing kernel to length 2
2026-01-08 20:42:13 INFO ==> S4: Initializing kernel to length 2
2026-01-08 20:42:13 INFO ==> S4: Initializing kernel to length 2
2026-01-08 20:42:13 INFO ==> S4: Initializing kernel to length 2
2026-01-08 20:42:13 INFO ==> S4: Initializing kernel to length 2
2026-01-08 20:42:13 INFO ==> S4: Initializing kernel to length 2
2026-01-08 20:44:18 INFO ==> ACC | bACC | F1 | AUC: 0.600431447746884 0.5231947907018212 0.5182659935283689 0.5495291364026533
2026-01-08 20:44:18 INFO ==> ------------------------------------------------------------
2026-01-08 20:44:18 INFO ==> Training labels: Counter({np.int64(0): 443, np.int64(1): 236})
2026-01-08 20:44:18 INFO ==> Testing labels: Counter({np.int64(0): 2721, np.int64(1): 1451})
2026-01-08 20:44:18 INFO ==> Fold 5 --------------------------------------------------------------------------------
2026-01-08 20:44:18 INFO ==> Constructing S4 (H, N, L) = (128, 32, None)
2026-01-08 20:44:18 INFO ==> Constructing S4 (H, N, L) = (128, 32, None)
2026-01-08 20:44:18 INFO ==> Constructing S4 (H, N, L) = (128, 32, None)
2026-01-08 20:44:18 INFO ==> Constructing S4 (H, N, L) = (128, 32, None)
2026-01-08 20:44:18 INFO ==> Constructing S4 (H, N, L) = (128, 32, None)
2026-01-08 20:44:18 INFO ==> Constructing S4 (H, N, L) = (128, 32, None)
2026-01-08 20:44:18 INFO ==> S4: Initializing kernel to length 2
2026-01-08 20:44:18 INFO ==> S4: Initializing kernel to length 2
2026-01-08 20:44:18 INFO ==> S4: Initializing kernel to length 2
2026-01-08 20:44:18 INFO ==> S4: Initializing kernel to length 2
2026-01-08 20:44:18 INFO ==> S4: Initializing kernel to length 2
2026-01-08 20:44:18 INFO ==> S4: Initializing kernel to length 2
2026-01-08 20:46:24 INFO ==> ACC | bACC | F1 | AUC: 0.6011505273250239 0.5390252853789768 0.538609921596609 0.5526353848402209
2026-01-08 20:46:24 INFO ==> ------------------------------------------------------------
2026-01-08 20:46:24 INFO ==> Training labels: Counter({np.int64(0): 443, np.int64(1): 236})
2026-01-08 20:46:24 INFO ==> Testing labels: Counter({np.int64(0): 2721, np.int64(1): 1451})
2026-01-08 20:46:24 INFO ==> 
Average ACC: 0.6025886864813039
2026-01-08 20:46:24 INFO ==> 
Average bACC: 0.5307029508093748
2026-01-08 20:46:24 INFO ==> 
Average F1: 0.5275661734886596
2026-01-08 20:46:24 INFO ==> 
Average AUC: 0.5517051819690687
=================================================================
Layer (type:depth-idx)                   Param #
=================================================================
S4Model                                  --
├─Linear: 1-1                            184,448
├─ModuleList: 1-2                        --
│    └─S4Block: 2-1                      --
│    │    └─FFTConv: 3-1                 33,024
│    │    └─Identity: 3-2                --
│    │    └─Dropout: 3-3                 --
│    │    └─Sequential: 3-4              33,024
│    └─S4Block: 2-2                      --
│    │    └─FFTConv: 3-5                 33,024
│    │    └─Identity: 3-6                --
│    │    └─Dropout: 3-7                 --
│    │    └─Sequential: 3-8              33,024
│    └─S4Block: 2-3                      --
│    │    └─FFTConv: 3-9                 33,024
│    │    └─Identity: 3-10               --
│    │    └─Dropout: 3-11                --
│    │    └─Sequential: 3-12             33,024
│    └─S4Block: 2-4                      --
│    │    └─FFTConv: 3-13                33,024
│    │    └─Identity: 3-14               --
│    │    └─Dropout: 3-15                --
│    │    └─Sequential: 3-16             33,024
│    └─S4Block: 2-5                      --
│    │    └─FFTConv: 3-17                33,024
│    │    └─Identity: 3-18               --
│    │    └─Dropout: 3-19                --
│    │    └─Sequential: 3-20             33,024
│    └─S4Block: 2-6                      --
│    │    └─FFTConv: 3-21                33,024
│    │    └─Identity: 3-22               --
│    │    └─Dropout: 3-23                --
│    │    └─Sequential: 3-24             33,024
├─ModuleList: 1-3                        --
│    └─LayerNorm: 2-7                    256
│    └─LayerNorm: 2-8                    256
│    └─LayerNorm: 2-9                    256
│    └─LayerNorm: 2-10                   256
│    └─LayerNorm: 2-11                   256
│    └─LayerNorm: 2-12                   256
├─ModuleList: 1-4                        --
│    └─Dropout1d: 2-13                   --
│    └─Dropout1d: 2-14                   --
│    └─Dropout1d: 2-15                   --
│    └─Dropout1d: 2-16                   --
│    └─Dropout1d: 2-17                   --
│    └─Dropout1d: 2-18                   --
├─Linear: 1-5                            129
=================================================================
Total params: 582,401
Trainable params: 582,401
Non-trainable params: 0
=================================================================
