nohup: ignoring input
2026-01-08 19:23:29 INFO ==> Label: age --------------------------------------------------------------------------------
2026-01-08 19:23:29 INFO ==> Loading data from /home/emilyzho/physio-data/data/tiles-holdout/fitbit.
Default device set to CUDA.

2026-01-08 19:25:21 INFO ==> Fold 1 --------------------------------------------------------------------------------
2026-01-08 19:27:07 INFO ==> ACC | bACC | F1 | AUC: 0.6601150527325024 0.5594478928247624 0.5468200703100032 0.6159241201346665
2026-01-08 19:27:07 INFO ==> ------------------------------------------------------------
2026-01-08 19:27:07 INFO ==> Training labels: Counter({np.int64(0): 443, np.int64(1): 236})
2026-01-08 19:27:07 INFO ==> Testing labels: Counter({np.int64(0): 2725, np.int64(1): 1447})
2026-01-08 19:27:07 INFO ==> Fold 2 --------------------------------------------------------------------------------
2026-01-08 19:28:47 INFO ==> ACC | bACC | F1 | AUC: 0.6663470757430489 0.5324555074402592 0.4784797686117134 0.6306159532851898
2026-01-08 19:28:47 INFO ==> ------------------------------------------------------------
2026-01-08 19:28:47 INFO ==> Training labels: Counter({np.int64(0): 443, np.int64(1): 236})
2026-01-08 19:28:47 INFO ==> Testing labels: Counter({np.int64(0): 2725, np.int64(1): 1447})
2026-01-08 19:28:47 INFO ==> Fold 3 --------------------------------------------------------------------------------
2026-01-08 19:30:28 INFO ==> ACC | bACC | F1 | AUC: 0.6728187919463087 0.5596113439384237 0.5374435437985596 0.6074370890738826
2026-01-08 19:30:28 INFO ==> ------------------------------------------------------------
2026-01-08 19:30:28 INFO ==> Training labels: Counter({np.int64(0): 443, np.int64(1): 236})
2026-01-08 19:30:28 INFO ==> Testing labels: Counter({np.int64(0): 2725, np.int64(1): 1447})
2026-01-08 19:30:28 INFO ==> Fold 4 --------------------------------------------------------------------------------
2026-01-08 19:32:09 INFO ==> ACC | bACC | F1 | AUC: 0.6663470757430489 0.548823190023015 0.5203005357505712 0.6158645219784051
2026-01-08 19:32:09 INFO ==> ------------------------------------------------------------
2026-01-08 19:32:09 INFO ==> Training labels: Counter({np.int64(0): 443, np.int64(1): 236})
2026-01-08 19:32:09 INFO ==> Testing labels: Counter({np.int64(0): 2725, np.int64(1): 1447})
2026-01-08 19:32:09 INFO ==> Fold 5 --------------------------------------------------------------------------------
2026-01-08 19:33:50 INFO ==> ACC | bACC | F1 | AUC: 0.6567593480345159 0.5648198423818974 0.5577507819284875 0.6188705515365546
2026-01-08 19:33:50 INFO ==> ------------------------------------------------------------
2026-01-08 19:33:50 INFO ==> Training labels: Counter({np.int64(0): 443, np.int64(1): 236})
2026-01-08 19:33:50 INFO ==> Testing labels: Counter({np.int64(0): 2725, np.int64(1): 1447})
2026-01-08 19:33:50 INFO ==> Average ACC | bACC | F1 | AUC: 0.664477468839885 0.5530315553216716 0.528158940079867 0.6177424472017397
2026-01-08 19:33:50 INFO ==> Label: shift --------------------------------------------------------------------------------
2026-01-08 19:33:50 INFO ==> Loading data from /home/emilyzho/physio-data/data/tiles-holdout/fitbit.
=================================================================
Layer (type:depth-idx)                   Param #
=================================================================
CNN                                      --
├─Conv1d: 1-1                            896
├─ReLU: 1-2                              --
├─AvgPool1d: 1-3                         --
├─Conv1d: 1-4                            49,280
├─ReLU: 1-5                              --
├─AvgPool1d: 1-6                         --
├─Conv1d: 1-7                            24,640
├─ReLU: 1-8                              --
├─AvgPool1d: 1-9                         --
├─Conv1d: 1-10                           6,176
├─ReLU: 1-11                             --
├─AvgPool1d: 1-12                        --
├─Linear: 1-13                           2,881
=================================================================
Total params: 83,873
Trainable params: 83,873
Non-trainable params: 0
=================================================================

2026-01-08 19:35:39 INFO ==> Fold 1 --------------------------------------------------------------------------------
2026-01-08 19:37:20 INFO ==> ACC | bACC | F1 | AUC: 0.8595397890699904 0.7220555984878547 0.7530010151562176 0.8493943064809206
2026-01-08 19:37:20 INFO ==> ------------------------------------------------------------
2026-01-08 19:37:20 INFO ==> Training labels: Counter({np.int64(0): 537, np.int64(1): 142})
2026-01-08 19:37:20 INFO ==> Testing labels: Counter({np.int64(0): 3302, np.int64(1): 870})
2026-01-08 19:37:20 INFO ==> Fold 2 --------------------------------------------------------------------------------
2026-01-08 19:39:01 INFO ==> ACC | bACC | F1 | AUC: 0.8525886864813039 0.7075053781407298 0.7380120269529707 0.8371436329079555
2026-01-08 19:39:01 INFO ==> ------------------------------------------------------------
2026-01-08 19:39:01 INFO ==> Training labels: Counter({np.int64(0): 537, np.int64(1): 142})
2026-01-08 19:39:01 INFO ==> Testing labels: Counter({np.int64(0): 3302, np.int64(1): 870})
2026-01-08 19:39:01 INFO ==> Fold 3 --------------------------------------------------------------------------------
2026-01-08 19:40:41 INFO ==> ACC | bACC | F1 | AUC: 0.8727229146692234 0.735886644806004 0.7725116789788034 0.8430174676441308
2026-01-08 19:40:41 INFO ==> ------------------------------------------------------------
2026-01-08 19:40:41 INFO ==> Training labels: Counter({np.int64(0): 537, np.int64(1): 142})
2026-01-08 19:40:41 INFO ==> Testing labels: Counter({np.int64(0): 3302, np.int64(1): 870})
2026-01-08 19:40:41 INFO ==> Fold 4 --------------------------------------------------------------------------------
2026-01-08 19:41:29 INFO ==> ACC | bACC | F1 | AUC: 0.8604985618408437 0.7307037880211923 0.759191871427455 0.8434672124870333
2026-01-08 19:41:29 INFO ==> ------------------------------------------------------------
2026-01-08 19:41:29 INFO ==> Training labels: Counter({np.int64(0): 537, np.int64(1): 142})
2026-01-08 19:41:29 INFO ==> Testing labels: Counter({np.int64(0): 3302, np.int64(1): 870})
2026-01-08 19:41:29 INFO ==> Fold 5 --------------------------------------------------------------------------------
2026-01-08 19:42:04 INFO ==> ACC | bACC | F1 | AUC: 0.8523489932885906 0.6976183016910684 0.7307024250228016 0.8326402667836281
2026-01-08 19:42:04 INFO ==> ------------------------------------------------------------
2026-01-08 19:42:04 INFO ==> Training labels: Counter({np.int64(0): 537, np.int64(1): 142})
2026-01-08 19:42:04 INFO ==> Testing labels: Counter({np.int64(0): 3302, np.int64(1): 870})
2026-01-08 19:42:04 INFO ==> Average ACC | bACC | F1 | AUC: 0.8595397890699903 0.7187539422293698 0.7506838035076496 0.8411325772607336
2026-01-08 19:42:04 INFO ==> Label: anxiety --------------------------------------------------------------------------------
2026-01-08 19:42:04 INFO ==> Loading data from /home/emilyzho/physio-data/data/tiles-holdout/fitbit.
=================================================================
Layer (type:depth-idx)                   Param #
=================================================================
CNN                                      --
├─Conv1d: 1-1                            896
├─ReLU: 1-2                              --
├─AvgPool1d: 1-3                         --
├─Conv1d: 1-4                            49,280
├─ReLU: 1-5                              --
├─AvgPool1d: 1-6                         --
├─Conv1d: 1-7                            24,640
├─ReLU: 1-8                              --
├─AvgPool1d: 1-9                         --
├─Conv1d: 1-10                           6,176
├─ReLU: 1-11                             --
├─AvgPool1d: 1-12                        --
├─Linear: 1-13                           2,881
=================================================================
Total params: 83,873
Trainable params: 83,873
Non-trainable params: 0
=================================================================

2026-01-08 19:43:56 INFO ==> Fold 1 --------------------------------------------------------------------------------
2026-01-08 19:45:40 INFO ==> ACC | bACC | F1 | AUC: 0.7099712368168744 0.5011577477370125 0.44098278383070066 0.5504758296049084
2026-01-08 19:45:40 INFO ==> ------------------------------------------------------------
2026-01-08 19:45:40 INFO ==> Training labels: Counter({np.int64(0): 490, np.int64(1): 189})
2026-01-08 19:45:40 INFO ==> Testing labels: Counter({np.int64(0): 3009, np.int64(1): 1163})
2026-01-08 19:45:40 INFO ==> Fold 2 --------------------------------------------------------------------------------
2026-01-08 19:47:45 INFO ==> ACC | bACC | F1 | AUC: 0.7212368168744008 0.5 0.4190224202757276 0.5486872715187769
2026-01-08 19:47:45 INFO ==> ------------------------------------------------------------
2026-01-08 19:47:45 INFO ==> Training labels: Counter({np.int64(0): 490, np.int64(1): 189})
2026-01-08 19:47:45 INFO ==> Testing labels: Counter({np.int64(0): 3009, np.int64(1): 1163})
2026-01-08 19:47:45 INFO ==> Fold 3 --------------------------------------------------------------------------------
2026-01-08 19:49:49 INFO ==> ACC | bACC | F1 | AUC: 0.7171620325982742 0.5042965114401707 0.4388983489367134 0.5302487493095377
2026-01-08 19:49:49 INFO ==> ------------------------------------------------------------
2026-01-08 19:49:49 INFO ==> Training labels: Counter({np.int64(0): 490, np.int64(1): 189})
2026-01-08 19:49:49 INFO ==> Testing labels: Counter({np.int64(0): 3009, np.int64(1): 1163})
2026-01-08 19:49:49 INFO ==> Fold 4 --------------------------------------------------------------------------------
2026-01-08 19:51:57 INFO ==> ACC | bACC | F1 | AUC: 0.7207574304889741 0.4999314181273891 0.4196948526062559 0.5323439255178003
2026-01-08 19:51:57 INFO ==> ------------------------------------------------------------
2026-01-08 19:51:57 INFO ==> Training labels: Counter({np.int64(0): 490, np.int64(1): 189})
2026-01-08 19:51:57 INFO ==> Testing labels: Counter({np.int64(0): 3009, np.int64(1): 1163})
2026-01-08 19:51:57 INFO ==> Fold 5 --------------------------------------------------------------------------------
2026-01-08 19:54:01 INFO ==> ACC | bACC | F1 | AUC: 0.7116490891658677 0.5081235228107595 0.45701150096801574 0.5545641664859249
2026-01-08 19:54:01 INFO ==> ------------------------------------------------------------
2026-01-08 19:54:01 INFO ==> Training labels: Counter({np.int64(0): 490, np.int64(1): 189})
2026-01-08 19:54:01 INFO ==> Testing labels: Counter({np.int64(0): 3009, np.int64(1): 1163})
2026-01-08 19:54:01 INFO ==> Average ACC | bACC | F1 | AUC: 0.7161553211888783 0.5027018400230664 0.4351219813234827 0.5432639884873897
2026-01-08 19:54:01 INFO ==> Label: stress --------------------------------------------------------------------------------
2026-01-08 19:54:01 INFO ==> Loading data from /home/emilyzho/physio-data/data/tiles-holdout/fitbit.
=================================================================
Layer (type:depth-idx)                   Param #
=================================================================
CNN                                      --
├─Conv1d: 1-1                            896
├─ReLU: 1-2                              --
├─AvgPool1d: 1-3                         --
├─Conv1d: 1-4                            49,280
├─ReLU: 1-5                              --
├─AvgPool1d: 1-6                         --
├─Conv1d: 1-7                            24,640
├─ReLU: 1-8                              --
├─AvgPool1d: 1-9                         --
├─Conv1d: 1-10                           6,176
├─ReLU: 1-11                             --
├─AvgPool1d: 1-12                        --
├─Linear: 1-13                           2,881
=================================================================
Total params: 83,873
Trainable params: 83,873
Non-trainable params: 0
=================================================================

2026-01-08 19:55:53 INFO ==> Fold 1 --------------------------------------------------------------------------------
2026-01-08 19:57:57 INFO ==> ACC | bACC | F1 | AUC: 0.636385426653883 0.5382131371716169 0.5237379487284839 0.5624178891947689
2026-01-08 19:57:57 INFO ==> ------------------------------------------------------------
2026-01-08 19:57:57 INFO ==> Training labels: Counter({np.int64(0): 443, np.int64(1): 236})
2026-01-08 19:57:57 INFO ==> Testing labels: Counter({np.int64(0): 2721, np.int64(1): 1451})
2026-01-08 19:57:57 INFO ==> Fold 2 --------------------------------------------------------------------------------
2026-01-08 20:00:02 INFO ==> ACC | bACC | F1 | AUC: 0.6476510067114094 0.5198295615868715 0.470752098751795 0.585882171770169
2026-01-08 20:00:02 INFO ==> ------------------------------------------------------------
2026-01-08 20:00:02 INFO ==> Training labels: Counter({np.int64(0): 443, np.int64(1): 236})
2026-01-08 20:00:02 INFO ==> Testing labels: Counter({np.int64(0): 2721, np.int64(1): 1451})
2026-01-08 20:00:02 INFO ==> Fold 3 --------------------------------------------------------------------------------
2026-01-08 20:00:50 INFO ==> ACC | bACC | F1 | AUC: 0.6366251198465963 0.5149151341215971 0.4735471412280775 0.5719838375794767
2026-01-08 20:00:50 INFO ==> ------------------------------------------------------------
2026-01-08 20:00:50 INFO ==> Training labels: Counter({np.int64(0): 443, np.int64(1): 236})
2026-01-08 20:00:50 INFO ==> Testing labels: Counter({np.int64(0): 2721, np.int64(1): 1451})
2026-01-08 20:00:50 INFO ==> Fold 4 --------------------------------------------------------------------------------
2026-01-08 20:01:35 INFO ==> ACC | bACC | F1 | AUC: 0.6380632790028763 0.5235768663515334 0.49256485873183264 0.5863634072587028
2026-01-08 20:01:35 INFO ==> ------------------------------------------------------------
2026-01-08 20:01:35 INFO ==> Training labels: Counter({np.int64(0): 443, np.int64(1): 236})
2026-01-08 20:01:35 INFO ==> Testing labels: Counter({np.int64(0): 2721, np.int64(1): 1451})
2026-01-08 20:01:35 INFO ==> Fold 5 --------------------------------------------------------------------------------
2026-01-08 20:02:40 INFO ==> ACC | bACC | F1 | AUC: 0.6354266538830298 0.5212338827269639 0.49015073450985075 0.5644243879001188
2026-01-08 20:02:40 INFO ==> ------------------------------------------------------------
2026-01-08 20:02:40 INFO ==> Training labels: Counter({np.int64(0): 443, np.int64(1): 236})
2026-01-08 20:02:40 INFO ==> Testing labels: Counter({np.int64(0): 2721, np.int64(1): 1451})
2026-01-08 20:02:40 INFO ==> Average ACC | bACC | F1 | AUC: 0.638830297219559 0.5235537163917166 0.4901505563900079 0.5742143387406473
=================================================================
Layer (type:depth-idx)                   Param #
=================================================================
CNN                                      --
├─Conv1d: 1-1                            896
├─ReLU: 1-2                              --
├─AvgPool1d: 1-3                         --
├─Conv1d: 1-4                            49,280
├─ReLU: 1-5                              --
├─AvgPool1d: 1-6                         --
├─Conv1d: 1-7                            24,640
├─ReLU: 1-8                              --
├─AvgPool1d: 1-9                         --
├─Conv1d: 1-10                           6,176
├─ReLU: 1-11                             --
├─AvgPool1d: 1-12                        --
├─Linear: 1-13                           2,881
=================================================================
Total params: 83,873
Trainable params: 83,873
Non-trainable params: 0
=================================================================
