nohup: ignoring input
2026-01-08 19:06:12 INFO ==> Label: age --------------------------------------------------------------------------------
2026-01-08 19:06:12 INFO ==> Loading data from /home/emilyzho/physio-data/data/tiles-holdout/fitbit.

2026-01-08 19:08:02 INFO ==> Fold 1 --------------------------------------------------------------------------------
2026-01-08 19:08:02 INFO ==> Training labels: Counter({np.int64(0): 443, np.int64(1): 236})
2026-01-08 19:08:02 INFO ==> Testing labels: Counter({np.int64(0): 2725, np.int64(1): 1447})
2026-01-08 19:08:02 INFO ==> ACC | bACC | F1 | AUC: 0.6531639501438159 0.5 0.0 0.5
2026-01-08 19:08:02 INFO ==> Fold 2 --------------------------------------------------------------------------------
2026-01-08 19:08:02 INFO ==> Training labels: Counter({np.int64(0): 443, np.int64(1): 236})
2026-01-08 19:08:02 INFO ==> Testing labels: Counter({np.int64(0): 2725, np.int64(1): 1447})
2026-01-08 19:08:02 INFO ==> ACC | bACC | F1 | AUC: 0.6531639501438159 0.5 0.0 0.5
2026-01-08 19:08:02 INFO ==> Fold 3 --------------------------------------------------------------------------------
2026-01-08 19:08:02 INFO ==> Training labels: Counter({np.int64(0): 443, np.int64(1): 236})
2026-01-08 19:08:02 INFO ==> Testing labels: Counter({np.int64(0): 2725, np.int64(1): 1447})
2026-01-08 19:08:02 INFO ==> ACC | bACC | F1 | AUC: 0.6531639501438159 0.5 0.0 0.5
2026-01-08 19:08:02 INFO ==> Fold 4 --------------------------------------------------------------------------------
2026-01-08 19:08:02 INFO ==> Training labels: Counter({np.int64(0): 443, np.int64(1): 236})
2026-01-08 19:08:02 INFO ==> Testing labels: Counter({np.int64(0): 2725, np.int64(1): 1447})
2026-01-08 19:08:02 INFO ==> ACC | bACC | F1 | AUC: 0.6531639501438159 0.5 0.0 0.5
2026-01-08 19:08:02 INFO ==> Fold 5 --------------------------------------------------------------------------------
2026-01-08 19:08:02 INFO ==> Training labels: Counter({np.int64(0): 443, np.int64(1): 236})
2026-01-08 19:08:02 INFO ==> Testing labels: Counter({np.int64(0): 2725, np.int64(1): 1447})
2026-01-08 19:08:03 INFO ==> ACC | bACC | F1 | AUC: 0.6531639501438159 0.5 0.0 0.5
2026-01-08 19:08:03 INFO ==> Average ACC | bACC | F1 | AUC: 0.6531639501438159 0.5 0.0 0.5

2026-01-08 19:08:03 INFO ==> Label: shift --------------------------------------------------------------------------------
2026-01-08 19:08:03 INFO ==> Loading data from /home/emilyzho/physio-data/data/tiles-holdout/fitbit.

2026-01-08 19:09:50 INFO ==> Fold 1 --------------------------------------------------------------------------------
2026-01-08 19:09:50 INFO ==> Training labels: Counter({np.int64(0): 537, np.int64(1): 142})
2026-01-08 19:09:50 INFO ==> Testing labels: Counter({np.int64(0): 3302, np.int64(1): 870})
2026-01-08 19:09:50 INFO ==> ACC | bACC | F1 | AUC: 0.7914669223394055 0.5 0.0 0.5
2026-01-08 19:09:50 INFO ==> Fold 2 --------------------------------------------------------------------------------
2026-01-08 19:09:50 INFO ==> Training labels: Counter({np.int64(0): 537, np.int64(1): 142})
2026-01-08 19:09:50 INFO ==> Testing labels: Counter({np.int64(0): 3302, np.int64(1): 870})
2026-01-08 19:09:50 INFO ==> ACC | bACC | F1 | AUC: 0.7914669223394055 0.5 0.0 0.5
2026-01-08 19:09:50 INFO ==> Fold 3 --------------------------------------------------------------------------------
2026-01-08 19:09:50 INFO ==> Training labels: Counter({np.int64(0): 537, np.int64(1): 142})
2026-01-08 19:09:50 INFO ==> Testing labels: Counter({np.int64(0): 3302, np.int64(1): 870})
2026-01-08 19:09:50 INFO ==> ACC | bACC | F1 | AUC: 0.7914669223394055 0.5 0.0 0.5
2026-01-08 19:09:50 INFO ==> Fold 4 --------------------------------------------------------------------------------
2026-01-08 19:09:50 INFO ==> Training labels: Counter({np.int64(0): 537, np.int64(1): 142})
2026-01-08 19:09:50 INFO ==> Testing labels: Counter({np.int64(0): 3302, np.int64(1): 870})
2026-01-08 19:09:50 INFO ==> ACC | bACC | F1 | AUC: 0.7914669223394055 0.5 0.0 0.5
2026-01-08 19:09:50 INFO ==> Fold 5 --------------------------------------------------------------------------------
2026-01-08 19:09:50 INFO ==> Training labels: Counter({np.int64(0): 537, np.int64(1): 142})
2026-01-08 19:09:50 INFO ==> Testing labels: Counter({np.int64(0): 3302, np.int64(1): 870})
2026-01-08 19:09:51 INFO ==> ACC | bACC | F1 | AUC: 0.7914669223394055 0.5 0.0 0.5
2026-01-08 19:09:51 INFO ==> Average ACC | bACC | F1 | AUC: 0.7914669223394055 0.5 0.0 0.5

2026-01-08 19:09:51 INFO ==> Label: anxiety --------------------------------------------------------------------------------
2026-01-08 19:09:51 INFO ==> Loading data from /home/emilyzho/physio-data/data/tiles-holdout/fitbit.

2026-01-08 19:11:41 INFO ==> Fold 1 --------------------------------------------------------------------------------
2026-01-08 19:11:41 INFO ==> Training labels: Counter({np.int64(0): 490, np.int64(1): 189})
2026-01-08 19:11:41 INFO ==> Testing labels: Counter({np.int64(0): 3009, np.int64(1): 1163})
2026-01-08 19:11:41 INFO ==> ACC | bACC | F1 | AUC: 0.7212368168744008 0.5 0.0 0.5
2026-01-08 19:11:41 INFO ==> Fold 2 --------------------------------------------------------------------------------
2026-01-08 19:11:41 INFO ==> Training labels: Counter({np.int64(0): 490, np.int64(1): 189})
2026-01-08 19:11:41 INFO ==> Testing labels: Counter({np.int64(0): 3009, np.int64(1): 1163})
2026-01-08 19:11:41 INFO ==> ACC | bACC | F1 | AUC: 0.7212368168744008 0.5 0.0 0.5
2026-01-08 19:11:41 INFO ==> Fold 3 --------------------------------------------------------------------------------
2026-01-08 19:11:41 INFO ==> Training labels: Counter({np.int64(0): 490, np.int64(1): 189})
2026-01-08 19:11:41 INFO ==> Testing labels: Counter({np.int64(0): 3009, np.int64(1): 1163})
2026-01-08 19:11:42 INFO ==> ACC | bACC | F1 | AUC: 0.7212368168744008 0.5 0.0 0.5
2026-01-08 19:11:42 INFO ==> Fold 4 --------------------------------------------------------------------------------
2026-01-08 19:11:42 INFO ==> Training labels: Counter({np.int64(0): 490, np.int64(1): 189})
2026-01-08 19:11:42 INFO ==> Testing labels: Counter({np.int64(0): 3009, np.int64(1): 1163})
2026-01-08 19:11:42 INFO ==> ACC | bACC | F1 | AUC: 0.7212368168744008 0.5 0.0 0.5
2026-01-08 19:11:42 INFO ==> Fold 5 --------------------------------------------------------------------------------
2026-01-08 19:11:42 INFO ==> Training labels: Counter({np.int64(0): 490, np.int64(1): 189})
2026-01-08 19:11:42 INFO ==> Testing labels: Counter({np.int64(0): 3009, np.int64(1): 1163})
2026-01-08 19:11:42 INFO ==> ACC | bACC | F1 | AUC: 0.7212368168744008 0.5 0.0 0.5
2026-01-08 19:11:42 INFO ==> Average ACC | bACC | F1 | AUC: 0.7212368168744008 0.5 0.0 0.5

2026-01-08 19:11:42 INFO ==> Label: stress --------------------------------------------------------------------------------
2026-01-08 19:11:42 INFO ==> Loading data from /home/emilyzho/physio-data/data/tiles-holdout/fitbit.

2026-01-08 19:13:28 INFO ==> Fold 1 --------------------------------------------------------------------------------
2026-01-08 19:13:28 INFO ==> Training labels: Counter({np.int64(0): 443, np.int64(1): 236})
2026-01-08 19:13:28 INFO ==> Testing labels: Counter({np.int64(0): 2721, np.int64(1): 1451})
2026-01-08 19:13:28 INFO ==> ACC | bACC | F1 | AUC: 0.6522051773729626 0.5 0.0 0.5
2026-01-08 19:13:28 INFO ==> Fold 2 --------------------------------------------------------------------------------
2026-01-08 19:13:28 INFO ==> Training labels: Counter({np.int64(0): 443, np.int64(1): 236})
2026-01-08 19:13:28 INFO ==> Testing labels: Counter({np.int64(0): 2721, np.int64(1): 1451})
2026-01-08 19:13:28 INFO ==> ACC | bACC | F1 | AUC: 0.6522051773729626 0.5 0.0 0.5
2026-01-08 19:13:28 INFO ==> Fold 3 --------------------------------------------------------------------------------
2026-01-08 19:13:28 INFO ==> Training labels: Counter({np.int64(0): 443, np.int64(1): 236})
2026-01-08 19:13:28 INFO ==> Testing labels: Counter({np.int64(0): 2721, np.int64(1): 1451})
2026-01-08 19:13:28 INFO ==> ACC | bACC | F1 | AUC: 0.6522051773729626 0.5 0.0 0.5
2026-01-08 19:13:28 INFO ==> Fold 4 --------------------------------------------------------------------------------
2026-01-08 19:13:28 INFO ==> Training labels: Counter({np.int64(0): 443, np.int64(1): 236})
2026-01-08 19:13:28 INFO ==> Testing labels: Counter({np.int64(0): 2721, np.int64(1): 1451})
2026-01-08 19:13:28 INFO ==> ACC | bACC | F1 | AUC: 0.6522051773729626 0.5 0.0 0.5
2026-01-08 19:13:28 INFO ==> Fold 5 --------------------------------------------------------------------------------
2026-01-08 19:13:28 INFO ==> Training labels: Counter({np.int64(0): 443, np.int64(1): 236})
2026-01-08 19:13:28 INFO ==> Testing labels: Counter({np.int64(0): 2721, np.int64(1): 1451})
2026-01-08 19:13:29 INFO ==> ACC | bACC | F1 | AUC: 0.6522051773729626 0.5 0.0 0.5
2026-01-08 19:13:29 INFO ==> Average ACC | bACC | F1 | AUC: 0.6522051773729626 0.5 0.0 0.5
