nohup: ignoring input
2026-01-27 06:37:59 INFO ==> Label: RestingHeartRate --------------------------------------------------------------------------------
2026-01-27 06:37:59 INFO ==> Training on 1876 samples, testing on 479.
2026-01-27 06:47:34 INFO ==> MSE | MAE | R: 0.02069288490178927 0.12094140652160142 0.6421024250339611
2026-01-27 06:47:34 INFO ==> ------------------------------------------------------------
2026-01-27 06:47:34 INFO ==> Training on 1819 samples, testing on 536.
2026-01-27 06:58:52 INFO ==> MSE | MAE | R: 0.03471335856194497 0.1490921178156167 0.676808473741308
2026-01-27 06:58:52 INFO ==> ------------------------------------------------------------
2026-01-27 06:58:52 INFO ==> Training on 1904 samples, testing on 451.
2026-01-27 07:10:56 INFO ==> MSE | MAE | R: 0.016518898156152557 0.09787765233409203 0.6287616674260192
2026-01-27 07:10:56 INFO ==> ------------------------------------------------------------
2026-01-27 07:10:56 INFO ==> Training on 1859 samples, testing on 496.
2026-01-27 07:22:48 INFO ==> MSE | MAE | R: 0.049975635940248266 0.17833967699158576 0.5870004635182793
2026-01-27 07:22:48 INFO ==> ------------------------------------------------------------
2026-01-27 07:22:48 INFO ==> Training on 1962 samples, testing on 393.
2026-01-27 07:34:58 INFO ==> MSE | MAE | R: 0.02985045855796042 0.1454369583506014 0.6500322053223196
2026-01-27 07:34:58 INFO ==> ------------------------------------------------------------
2026-01-27 07:34:58 INFO ==> Average MSE | MAE | R | p: 0.0303502472236191 0.13833756240269945 0.2121311625555758 0.09121415896740509
2026-01-27 07:34:58 INFO ==> Label: NumberSteps --------------------------------------------------------------------------------
2026-01-27 07:34:58 INFO ==> Training on 1902 samples, testing on 485.
2026-01-27 07:46:58 INFO ==> MSE | MAE | R: 0.017015572136832566 0.09133426765860231 0.5346755150929833
2026-01-27 07:46:58 INFO ==> ------------------------------------------------------------
2026-01-27 07:46:58 INFO ==> Training on 1845 samples, testing on 542.
2026-01-27 07:58:34 INFO ==> MSE | MAE | R: 0.009840391727096413 0.07694663264995391 0.5087904800097478
2026-01-27 07:58:34 INFO ==> ------------------------------------------------------------
2026-01-27 07:58:34 INFO ==> Training on 1929 samples, testing on 458.
2026-01-27 08:10:33 INFO ==> MSE | MAE | R: 0.011886506858367937 0.07924165699155641 0.5009835792486643
2026-01-27 08:10:33 INFO ==> ------------------------------------------------------------
2026-01-27 08:10:33 INFO ==> Training on 1885 samples, testing on 502.
2026-01-27 08:22:17 INFO ==> MSE | MAE | R: 0.010027826032517801 0.07630354471186512 0.4817327978313151
2026-01-27 08:22:17 INFO ==> ------------------------------------------------------------
2026-01-27 08:22:17 INFO ==> Training on 1987 samples, testing on 400.
2026-01-27 08:34:44 INFO ==> MSE | MAE | R: 0.009021685011191029 0.07593290193899921 0.49444004683007853
2026-01-27 08:34:44 INFO ==> ------------------------------------------------------------
2026-01-27 08:34:44 INFO ==> Average MSE | MAE | R | p: 0.01155839635320115 0.0799518007901954 0.17212171637958815 0.0024562328308728814
2026-01-27 08:34:44 INFO ==> Label: SleepMinutesAsleep --------------------------------------------------------------------------------
2026-01-27 08:34:45 INFO ==> Training on 1930 samples, testing on 490.
2026-01-27 08:46:48 INFO ==> MSE | MAE | R: 0.008659147369800118 0.07031869185167526 0.6677770770061379
2026-01-27 08:46:48 INFO ==> ------------------------------------------------------------
2026-01-27 08:46:48 INFO ==> Training on 1873 samples, testing on 547.
2026-01-27 08:58:30 INFO ==> MSE | MAE | R: 0.007960042958963685 0.06590206667495137 0.6473180289046548
2026-01-27 08:58:30 INFO ==> ------------------------------------------------------------
2026-01-27 08:58:30 INFO ==> Training on 1956 samples, testing on 464.
2026-01-27 09:10:50 INFO ==> MSE | MAE | R: 0.008442625694002172 0.06640375181663677 0.6912485516219737
2026-01-27 09:10:50 INFO ==> ------------------------------------------------------------
2026-01-27 09:10:50 INFO ==> Training on 1909 samples, testing on 511.
2026-01-27 09:22:34 INFO ==> MSE | MAE | R: 0.012607488277755447 0.07575730907541041 0.664121824403269
2026-01-27 09:22:34 INFO ==> ------------------------------------------------------------
2026-01-27 09:22:34 INFO ==> Training on 2012 samples, testing on 408.
2026-01-27 09:35:01 INFO ==> MSE | MAE | R: 0.010700539908532633 0.07814390933149377 0.6410912363809995
2026-01-27 09:35:01 INFO ==> ------------------------------------------------------------
2026-01-27 09:35:01 INFO ==> Average MSE | MAE | R | p: 0.009673968841810812 0.07130514575003352 0.5124256504576524 4.858041867236442e-23
Default device set to CUDA.
=================================================================
Layer (type:depth-idx)                   Param #
=================================================================
CNN                                      --
├─Conv1d: 1-1                            896
├─ReLU: 1-2                              --
├─AvgPool1d: 1-3                         --
├─Conv1d: 1-4                            49,280
├─ReLU: 1-5                              --
├─AvgPool1d: 1-6                         --
├─Conv1d: 1-7                            24,640
├─ReLU: 1-8                              --
├─AvgPool1d: 1-9                         --
├─Conv1d: 1-10                           6,176
├─ReLU: 1-11                             --
├─AvgPool1d: 1-12                        --
├─Linear: 1-13                           2,881
=================================================================
Total params: 83,873
Trainable params: 83,873
Non-trainable params: 0
=================================================================
=================================================================
Layer (type:depth-idx)                   Param #
=================================================================
CNN                                      --
├─Conv1d: 1-1                            896
├─ReLU: 1-2                              --
├─AvgPool1d: 1-3                         --
├─Conv1d: 1-4                            49,280
├─ReLU: 1-5                              --
├─AvgPool1d: 1-6                         --
├─Conv1d: 1-7                            24,640
├─ReLU: 1-8                              --
├─AvgPool1d: 1-9                         --
├─Conv1d: 1-10                           6,176
├─ReLU: 1-11                             --
├─AvgPool1d: 1-12                        --
├─Linear: 1-13                           2,881
=================================================================
Total params: 83,873
Trainable params: 83,873
Non-trainable params: 0
=================================================================
=================================================================
Layer (type:depth-idx)                   Param #
=================================================================
CNN                                      --
├─Conv1d: 1-1                            896
├─ReLU: 1-2                              --
├─AvgPool1d: 1-3                         --
├─Conv1d: 1-4                            49,280
├─ReLU: 1-5                              --
├─AvgPool1d: 1-6                         --
├─Conv1d: 1-7                            24,640
├─ReLU: 1-8                              --
├─AvgPool1d: 1-9                         --
├─Conv1d: 1-10                           6,176
├─ReLU: 1-11                             --
├─AvgPool1d: 1-12                        --
├─Linear: 1-13                           2,881
=================================================================
Total params: 83,873
Trainable params: 83,873
Non-trainable params: 0
=================================================================
