nohup: ignoring input
2026-01-26 16:39:39 INFO ==> Label: age --------------------------------------------------------------------------------
/home/emilyzho/miniconda3/envs/ssl-physio/lib/python3.12/site-packages/sklearn/metrics/_classification.py:2924: UserWarning: y_pred contains classes not in y_true
  warnings.warn("y_pred contains classes not in y_true")
/home/emilyzho/miniconda3/envs/ssl-physio/lib/python3.12/site-packages/sklearn/metrics/_ranking.py:442: UndefinedMetricWarning: Only one class is present in y_true. ROC AUC score is not defined in that case.
  warnings.warn(
/home/emilyzho/miniconda3/envs/ssl-physio/lib/python3.12/site-packages/sklearn/metrics/_classification.py:2924: UserWarning: y_pred contains classes not in y_true
  warnings.warn("y_pred contains classes not in y_true")
/home/emilyzho/miniconda3/envs/ssl-physio/lib/python3.12/site-packages/sklearn/metrics/_ranking.py:442: UndefinedMetricWarning: Only one class is present in y_true. ROC AUC score is not defined in that case.
  warnings.warn(
/home/emilyzho/miniconda3/envs/ssl-physio/lib/python3.12/site-packages/sklearn/metrics/_classification.py:2924: UserWarning: y_pred contains classes not in y_true
  warnings.warn("y_pred contains classes not in y_true")
/home/emilyzho/miniconda3/envs/ssl-physio/lib/python3.12/site-packages/sklearn/metrics/_ranking.py:442: UndefinedMetricWarning: Only one class is present in y_true. ROC AUC score is not defined in that case.
  warnings.warn(
/home/emilyzho/miniconda3/envs/ssl-physio/lib/python3.12/site-packages/sklearn/metrics/_classification.py:2924: UserWarning: y_pred contains classes not in y_true
  warnings.warn("y_pred contains classes not in y_true")
/home/emilyzho/miniconda3/envs/ssl-physio/lib/python3.12/site-packages/sklearn/metrics/_ranking.py:442: UndefinedMetricWarning: Only one class is present in y_true. ROC AUC score is not defined in that case.
  warnings.warn(
2026-01-26 16:40:57 INFO ==> ACC | bACC | F1 | AUC: 0.7086776859504132 0.616614420062696 0.6188146186973206 0.6874513156644819
2026-01-26 16:40:57 INFO ==> ------------------------------------------------------------
2026-01-26 16:40:57 INFO ==> Label: shift --------------------------------------------------------------------------------
2026-01-26 16:42:13 INFO ==> ACC | bACC | F1 | AUC: 0.8471074380165289 0.782678527304176 0.801498625520972 0.8778930895313402
2026-01-26 16:42:13 INFO ==> ------------------------------------------------------------
2026-01-26 16:42:13 INFO ==> Label: anxiety --------------------------------------------------------------------------------
2026-01-26 16:43:33 INFO ==> ACC | bACC | F1 | AUC: 0.7417355371900827 0.5229308161620813 0.49870325718594377 0.6143432715551973
2026-01-26 16:43:33 INFO ==> ------------------------------------------------------------
2026-01-26 16:43:33 INFO ==> Label: stress --------------------------------------------------------------------------------
2026-01-26 16:44:53 INFO ==> ACC | bACC | F1 | AUC: 0.7024793388429752 0.544726034258239 0.5168589174800355 0.6044675949113494
2026-01-26 16:44:53 INFO ==> ------------------------------------------------------------
2026-01-26 16:44:53 INFO ==> Average ACC | bACC | F1 | AUC: 0.7024793388429752 0.544726034258239 0.5168589174800355 0.6044675949113494
Default device set to CUDA.
