nohup: ignoring input
2026-01-31 16:25:10 WARNING ==> CUDA extension for structured kernels (Cauchy and Vandermonde multiplication) not found. Install by going to extensions/kernels/ and running `python setup.py install`, for improved speed and memory efficiency. Note that the kernel changed for state-spaces 4.0 and must be recompiled.
2026-01-31 16:25:10 WARNING ==> Falling back on slow Cauchy and Vandermonde kernel. Install at least one of pykeops or the CUDA extension for better speed and memory efficiency.
2026-01-31 16:25:10 INFO ==> Label: age ------------------------------------------------------------
2026-01-31 16:26:10 INFO ==> ACC | bACC | F1 | AUC: 0.625 0.49449715370018976 0.4230152794101934 0.46489563567362424
2026-01-31 16:26:10 INFO ==> ------------------------------------------------------------
/home/emilyzho/miniconda3/envs/ssl-physio/lib/python3.12/site-packages/sklearn/metrics/_classification.py:2924: UserWarning: y_pred contains classes not in y_true
  warnings.warn("y_pred contains classes not in y_true")
/home/emilyzho/miniconda3/envs/ssl-physio/lib/python3.12/site-packages/sklearn/metrics/_ranking.py:442: UndefinedMetricWarning: Only one class is present in y_true. ROC AUC score is not defined in that case.
  warnings.warn(
/home/emilyzho/miniconda3/envs/ssl-physio/lib/python3.12/site-packages/sklearn/metrics/_classification.py:2924: UserWarning: y_pred contains classes not in y_true
  warnings.warn("y_pred contains classes not in y_true")
/home/emilyzho/miniconda3/envs/ssl-physio/lib/python3.12/site-packages/sklearn/metrics/_ranking.py:442: UndefinedMetricWarning: Only one class is present in y_true. ROC AUC score is not defined in that case.
  warnings.warn(
/home/emilyzho/miniconda3/envs/ssl-physio/lib/python3.12/site-packages/sklearn/metrics/_classification.py:2924: UserWarning: y_pred contains classes not in y_true
  warnings.warn("y_pred contains classes not in y_true")
/home/emilyzho/miniconda3/envs/ssl-physio/lib/python3.12/site-packages/sklearn/metrics/_ranking.py:442: UndefinedMetricWarning: Only one class is present in y_true. ROC AUC score is not defined in that case.
  warnings.warn(
/home/emilyzho/miniconda3/envs/ssl-physio/lib/python3.12/site-packages/sklearn/metrics/_classification.py:2924: UserWarning: y_pred contains classes not in y_true
  warnings.warn("y_pred contains classes not in y_true")
/home/emilyzho/miniconda3/envs/ssl-physio/lib/python3.12/site-packages/sklearn/metrics/_ranking.py:442: UndefinedMetricWarning: Only one class is present in y_true. ROC AUC score is not defined in that case.
  warnings.warn(
2026-01-31 16:27:00 INFO ==> ACC | bACC | F1 | AUC: 0.5767441860465117 0.475615763546798 0.465743698970536 0.4904433497536946
2026-01-31 16:27:00 INFO ==> ------------------------------------------------------------
/home/emilyzho/miniconda3/envs/ssl-physio/lib/python3.12/site-packages/sklearn/metrics/_classification.py:2924: UserWarning: y_pred contains classes not in y_true
  warnings.warn("y_pred contains classes not in y_true")
/home/emilyzho/miniconda3/envs/ssl-physio/lib/python3.12/site-packages/sklearn/metrics/_ranking.py:442: UndefinedMetricWarning: Only one class is present in y_true. ROC AUC score is not defined in that case.
  warnings.warn(
/home/emilyzho/miniconda3/envs/ssl-physio/lib/python3.12/site-packages/sklearn/metrics/_classification.py:2924: UserWarning: y_pred contains classes not in y_true
  warnings.warn("y_pred contains classes not in y_true")
/home/emilyzho/miniconda3/envs/ssl-physio/lib/python3.12/site-packages/sklearn/metrics/_ranking.py:442: UndefinedMetricWarning: Only one class is present in y_true. ROC AUC score is not defined in that case.
  warnings.warn(
2026-01-31 16:27:49 INFO ==> ACC | bACC | F1 | AUC: 0.6586538461538461 0.5160391309293596 0.508372449149439 0.551245592082812
2026-01-31 16:27:49 INFO ==> ------------------------------------------------------------
/home/emilyzho/miniconda3/envs/ssl-physio/lib/python3.12/site-packages/sklearn/metrics/_classification.py:2924: UserWarning: y_pred contains classes not in y_true
  warnings.warn("y_pred contains classes not in y_true")
/home/emilyzho/miniconda3/envs/ssl-physio/lib/python3.12/site-packages/sklearn/metrics/_ranking.py:442: UndefinedMetricWarning: Only one class is present in y_true. ROC AUC score is not defined in that case.
  warnings.warn(
/home/emilyzho/miniconda3/envs/ssl-physio/lib/python3.12/site-packages/sklearn/metrics/_classification.py:2924: UserWarning: y_pred contains classes not in y_true
  warnings.warn("y_pred contains classes not in y_true")
/home/emilyzho/miniconda3/envs/ssl-physio/lib/python3.12/site-packages/sklearn/metrics/_ranking.py:442: UndefinedMetricWarning: Only one class is present in y_true. ROC AUC score is not defined in that case.
  warnings.warn(
/home/emilyzho/miniconda3/envs/ssl-physio/lib/python3.12/site-packages/sklearn/metrics/_classification.py:2924: UserWarning: y_pred contains classes not in y_true
  warnings.warn("y_pred contains classes not in y_true")
/home/emilyzho/miniconda3/envs/ssl-physio/lib/python3.12/site-packages/sklearn/metrics/_ranking.py:442: UndefinedMetricWarning: Only one class is present in y_true. ROC AUC score is not defined in that case.
  warnings.warn(
2026-01-31 16:28:39 INFO ==> ACC | bACC | F1 | AUC: 0.6442307692307693 0.4576576576576577 0.4043343653250774 0.4460585585585586
2026-01-31 16:28:39 INFO ==> ------------------------------------------------------------
/home/emilyzho/miniconda3/envs/ssl-physio/lib/python3.12/site-packages/sklearn/metrics/_classification.py:2924: UserWarning: y_pred contains classes not in y_true
  warnings.warn("y_pred contains classes not in y_true")
/home/emilyzho/miniconda3/envs/ssl-physio/lib/python3.12/site-packages/sklearn/metrics/_ranking.py:442: UndefinedMetricWarning: Only one class is present in y_true. ROC AUC score is not defined in that case.
  warnings.warn(
2026-01-31 16:29:25 INFO ==> ACC | bACC | F1 | AUC: 0.5879629629629629 0.4378205128205128 0.42496485298076636 0.39220085470085475
2026-01-31 16:29:25 INFO ==> ------------------------------------------------------------
2026-01-31 16:29:25 INFO ==> Average ACC | bACC | F1 | AUC: 0.618518352878818 0.4763260437309036 0.4452861291672024 0.46896879815390885
2026-01-31 16:29:25 INFO ==> Label: shift ------------------------------------------------------------
2026-01-31 16:30:24 INFO ==> ACC | bACC | F1 | AUC: 0.9502487562189055 0.8080595874713522 0.8080595874713522 0.9453781512605042
2026-01-31 16:30:24 INFO ==> ------------------------------------------------------------
/home/emilyzho/miniconda3/envs/ssl-physio/lib/python3.12/site-packages/sklearn/metrics/_classification.py:620: UserWarning: A single label was found in 'y_true' and 'y_pred'. For the confusion matrix to have the correct shape, use the 'labels' parameter to pass all known labels.
  warnings.warn(
/home/emilyzho/miniconda3/envs/ssl-physio/lib/python3.12/site-packages/sklearn/metrics/_ranking.py:442: UndefinedMetricWarning: Only one class is present in y_true. ROC AUC score is not defined in that case.
  warnings.warn(
/home/emilyzho/miniconda3/envs/ssl-physio/lib/python3.12/site-packages/sklearn/metrics/_classification.py:620: UserWarning: A single label was found in 'y_true' and 'y_pred'. For the confusion matrix to have the correct shape, use the 'labels' parameter to pass all known labels.
  warnings.warn(
/home/emilyzho/miniconda3/envs/ssl-physio/lib/python3.12/site-packages/sklearn/metrics/_ranking.py:442: UndefinedMetricWarning: Only one class is present in y_true. ROC AUC score is not defined in that case.
  warnings.warn(
/home/emilyzho/miniconda3/envs/ssl-physio/lib/python3.12/site-packages/sklearn/metrics/_classification.py:2924: UserWarning: y_pred contains classes not in y_true
  warnings.warn("y_pred contains classes not in y_true")
/home/emilyzho/miniconda3/envs/ssl-physio/lib/python3.12/site-packages/sklearn/metrics/_ranking.py:442: UndefinedMetricWarning: Only one class is present in y_true. ROC AUC score is not defined in that case.
  warnings.warn(
2026-01-31 16:31:13 INFO ==> ACC | bACC | F1 | AUC: 0.954954954954955 0.8827302631578947 0.9036458333333334 0.9718749999999999
2026-01-31 16:31:13 INFO ==> ------------------------------------------------------------
/home/emilyzho/miniconda3/envs/ssl-physio/lib/python3.12/site-packages/sklearn/metrics/_classification.py:2924: UserWarning: y_pred contains classes not in y_true
  warnings.warn("y_pred contains classes not in y_true")
/home/emilyzho/miniconda3/envs/ssl-physio/lib/python3.12/site-packages/sklearn/metrics/_ranking.py:442: UndefinedMetricWarning: Only one class is present in y_true. ROC AUC score is not defined in that case.
  warnings.warn(
2026-01-31 16:32:02 INFO ==> ACC | bACC | F1 | AUC: 0.9504950495049505 0.7004385964912281 0.7369791666666667 0.9228070175438596
2026-01-31 16:32:02 INFO ==> ------------------------------------------------------------
/home/emilyzho/miniconda3/envs/ssl-physio/lib/python3.12/site-packages/sklearn/metrics/_classification.py:620: UserWarning: A single label was found in 'y_true' and 'y_pred'. For the confusion matrix to have the correct shape, use the 'labels' parameter to pass all known labels.
  warnings.warn(
/home/emilyzho/miniconda3/envs/ssl-physio/lib/python3.12/site-packages/sklearn/metrics/_ranking.py:442: UndefinedMetricWarning: Only one class is present in y_true. ROC AUC score is not defined in that case.
  warnings.warn(
/home/emilyzho/miniconda3/envs/ssl-physio/lib/python3.12/site-packages/sklearn/metrics/_classification.py:620: UserWarning: A single label was found in 'y_true' and 'y_pred'. For the confusion matrix to have the correct shape, use the 'labels' parameter to pass all known labels.
  warnings.warn(
/home/emilyzho/miniconda3/envs/ssl-physio/lib/python3.12/site-packages/sklearn/metrics/_ranking.py:442: UndefinedMetricWarning: Only one class is present in y_true. ROC AUC score is not defined in that case.
  warnings.warn(
/home/emilyzho/miniconda3/envs/ssl-physio/lib/python3.12/site-packages/sklearn/metrics/_classification.py:620: UserWarning: A single label was found in 'y_true' and 'y_pred'. For the confusion matrix to have the correct shape, use the 'labels' parameter to pass all known labels.
  warnings.warn(
/home/emilyzho/miniconda3/envs/ssl-physio/lib/python3.12/site-packages/sklearn/metrics/_ranking.py:442: UndefinedMetricWarning: Only one class is present in y_true. ROC AUC score is not defined in that case.
  warnings.warn(
/home/emilyzho/miniconda3/envs/ssl-physio/lib/python3.12/site-packages/sklearn/metrics/_classification.py:620: UserWarning: A single label was found in 'y_true' and 'y_pred'. For the confusion matrix to have the correct shape, use the 'labels' parameter to pass all known labels.
  warnings.warn(
/home/emilyzho/miniconda3/envs/ssl-physio/lib/python3.12/site-packages/sklearn/metrics/_ranking.py:442: UndefinedMetricWarning: Only one class is present in y_true. ROC AUC score is not defined in that case.
  warnings.warn(
2026-01-31 16:32:50 INFO ==> ACC | bACC | F1 | AUC: 0.8446215139442231 0.7107286096256684 0.7468252941937152 0.8780915775401069
2026-01-31 16:32:50 INFO ==> ------------------------------------------------------------
/home/emilyzho/miniconda3/envs/ssl-physio/lib/python3.12/site-packages/sklearn/metrics/_classification.py:620: UserWarning: A single label was found in 'y_true' and 'y_pred'. For the confusion matrix to have the correct shape, use the 'labels' parameter to pass all known labels.
  warnings.warn(
/home/emilyzho/miniconda3/envs/ssl-physio/lib/python3.12/site-packages/sklearn/metrics/_ranking.py:442: UndefinedMetricWarning: Only one class is present in y_true. ROC AUC score is not defined in that case.
  warnings.warn(
2026-01-31 16:33:39 INFO ==> ACC | bACC | F1 | AUC: 0.9383886255924171 0.7540100250626567 0.7974898486526394 0.8543859649122807
2026-01-31 16:33:39 INFO ==> ------------------------------------------------------------
2026-01-31 16:33:39 INFO ==> Average ACC | bACC | F1 | AUC: 0.9277417800430902 0.7711934163617601 0.7985999460635413 0.9145075422513502
2026-01-31 16:33:39 INFO ==> Label: anxiety ------------------------------------------------------------
2026-01-31 16:34:39 INFO ==> ACC | bACC | F1 | AUC: 0.7215189873417721 0.5 0.41911764705882354 0.5199362041467305
2026-01-31 16:34:39 INFO ==> ------------------------------------------------------------
2026-01-31 16:35:28 INFO ==> ACC | bACC | F1 | AUC: 0.7142857142857143 0.5252688172043011 0.5207587105177467 0.48830645161290326
2026-01-31 16:35:28 INFO ==> ------------------------------------------------------------
2026-01-31 16:36:12 INFO ==> ACC | bACC | F1 | AUC: 0.6764705882352942 0.4791666666666667 0.40350877192982454 0.531712962962963
2026-01-31 16:36:12 INFO ==> ------------------------------------------------------------
2026-01-31 16:36:58 INFO ==> ACC | bACC | F1 | AUC: 0.6473029045643154 0.4968152866242038 0.3929471032745592 0.478313618441007
2026-01-31 16:36:58 INFO ==> ------------------------------------------------------------
2026-01-31 16:37:43 INFO ==> ACC | bACC | F1 | AUC: 0.693069306930693 0.47619047619047616 0.4093567251461988 0.3903525046382189
2026-01-31 16:37:43 INFO ==> ------------------------------------------------------------
2026-01-31 16:37:43 INFO ==> Average ACC | bACC | F1 | AUC: 0.6905295002715578 0.49548824933712965 0.4291377915854306 0.4817243483603645
2026-01-31 16:37:43 INFO ==> Label: stress ------------------------------------------------------------
2026-01-31 16:38:43 INFO ==> ACC | bACC | F1 | AUC: 0.6883116883116883 0.5047095070422535 0.43305154076902097 0.49295774647887325
2026-01-31 16:38:43 INFO ==> ------------------------------------------------------------
2026-01-31 16:39:32 INFO ==> ACC | bACC | F1 | AUC: 0.681592039800995 0.5 0.40532544378698226 0.6957116788321168
2026-01-31 16:39:32 INFO ==> ------------------------------------------------------------
2026-01-31 16:40:22 INFO ==> ACC | bACC | F1 | AUC: 0.6683673469387755 0.5050125313283208 0.44100741520775744 0.5173648406731114
2026-01-31 16:40:22 INFO ==> ------------------------------------------------------------
2026-01-31 16:41:10 INFO ==> ACC | bACC | F1 | AUC: 0.7 0.49990761271249073 0.4382499734522672 0.4927014042867701
2026-01-31 16:41:10 INFO ==> ------------------------------------------------------------
2026-01-31 16:41:55 INFO ==> ACC | bACC | F1 | AUC: 0.7336244541484717 0.5328514456630109 0.5136988685813751 0.5755732801595215
2026-01-31 16:41:55 INFO ==> ------------------------------------------------------------
2026-01-31 16:41:55 INFO ==> Average ACC | bACC | F1 | AUC: 0.694379105839986 0.5084962193492152 0.44626664835948054 0.5548617900860785
Default device set to CUDA.
=================================================================
Layer (type:depth-idx)                   Param #
=================================================================
CNN                                      --
├─Conv1d: 1-1                            896
├─ReLU: 1-2                              --
├─AvgPool1d: 1-3                         --
├─Conv1d: 1-4                            49,280
├─ReLU: 1-5                              --
├─AvgPool1d: 1-6                         --
├─Conv1d: 1-7                            24,640
├─ReLU: 1-8                              --
├─AvgPool1d: 1-9                         --
├─Conv1d: 1-10                           6,176
├─ReLU: 1-11                             --
├─AvgPool1d: 1-12                        --
├─Linear: 1-13                           2,881
=================================================================
Total params: 83,873
Trainable params: 83,873
Non-trainable params: 0
=================================================================
=================================================================
Layer (type:depth-idx)                   Param #
=================================================================
CNN                                      --
├─Conv1d: 1-1                            896
├─ReLU: 1-2                              --
├─AvgPool1d: 1-3                         --
├─Conv1d: 1-4                            49,280
├─ReLU: 1-5                              --
├─AvgPool1d: 1-6                         --
├─Conv1d: 1-7                            24,640
├─ReLU: 1-8                              --
├─AvgPool1d: 1-9                         --
├─Conv1d: 1-10                           6,176
├─ReLU: 1-11                             --
├─AvgPool1d: 1-12                        --
├─Linear: 1-13                           2,881
=================================================================
Total params: 83,873
Trainable params: 83,873
Non-trainable params: 0
=================================================================
=================================================================
Layer (type:depth-idx)                   Param #
=================================================================
CNN                                      --
├─Conv1d: 1-1                            896
├─ReLU: 1-2                              --
├─AvgPool1d: 1-3                         --
├─Conv1d: 1-4                            49,280
├─ReLU: 1-5                              --
├─AvgPool1d: 1-6                         --
├─Conv1d: 1-7                            24,640
├─ReLU: 1-8                              --
├─AvgPool1d: 1-9                         --
├─Conv1d: 1-10                           6,176
├─ReLU: 1-11                             --
├─AvgPool1d: 1-12                        --
├─Linear: 1-13                           2,881
=================================================================
Total params: 83,873
Trainable params: 83,873
Non-trainable params: 0
=================================================================
=================================================================
Layer (type:depth-idx)                   Param #
=================================================================
CNN                                      --
├─Conv1d: 1-1                            896
├─ReLU: 1-2                              --
├─AvgPool1d: 1-3                         --
├─Conv1d: 1-4                            49,280
├─ReLU: 1-5                              --
├─AvgPool1d: 1-6                         --
├─Conv1d: 1-7                            24,640
├─ReLU: 1-8                              --
├─AvgPool1d: 1-9                         --
├─Conv1d: 1-10                           6,176
├─ReLU: 1-11                             --
├─AvgPool1d: 1-12                        --
├─Linear: 1-13                           2,881
=================================================================
Total params: 83,873
Trainable params: 83,873
Non-trainable params: 0
=================================================================
