nohup: ignoring input
2026-01-06 23:21:14 INFO ==> Label: StepCount --------------------------------------------------------------------------------
2026-01-06 23:21:14 INFO ==> Loading data from /home/emilyzho/physio-data/data/tiles-holdout/fitbit.

2026-01-06 23:24:55 INFO ==> Fold 1 --------------------------------------------------------------------------------
2026-01-06 23:24:55 INFO ==> # training samples: 671
2026-01-06 23:24:55 INFO ==> # testing samples: 4122
2026-01-06 23:24:56 INFO ==> MSE | MAE | R: 20.355119041492575 3.4372142564643045 PearsonRResult(statistic=np.float64(0.02473951656636388), pvalue=np.float64(0.11226200175366469))
2026-01-06 23:24:56 INFO ==> Fold 2 --------------------------------------------------------------------------------
2026-01-06 23:24:56 INFO ==> # training samples: 671
2026-01-06 23:24:56 INFO ==> # testing samples: 4122
2026-01-06 23:24:56 INFO ==> MSE | MAE | R: 21.464211858191103 3.4777860849120947 PearsonRResult(statistic=np.float64(0.06293291949680122), pvalue=np.float64(5.271479271536053e-05))
2026-01-06 23:24:56 INFO ==> Fold 3 --------------------------------------------------------------------------------
2026-01-06 23:24:56 INFO ==> # training samples: 671
2026-01-06 23:24:56 INFO ==> # testing samples: 4122
2026-01-06 23:24:56 INFO ==> MSE | MAE | R: 20.259348647732537 3.4491372850314574 PearsonRResult(statistic=np.float64(0.02305581870305456), pvalue=np.float64(0.1388743227502307))
2026-01-06 23:24:56 INFO ==> Fold 4 --------------------------------------------------------------------------------
2026-01-06 23:24:56 INFO ==> # training samples: 671
2026-01-06 23:24:56 INFO ==> # testing samples: 4122
2026-01-06 23:24:56 INFO ==> MSE | MAE | R: 20.878444811553962 3.433242979158489 PearsonRResult(statistic=np.float64(0.05296460456786184), pvalue=np.float64(0.000669356445829028))
2026-01-06 23:24:56 INFO ==> Fold 5 --------------------------------------------------------------------------------
2026-01-06 23:24:56 INFO ==> # training samples: 671
2026-01-06 23:24:56 INFO ==> # testing samples: 4122
2026-01-06 23:24:56 INFO ==> MSE | MAE | R: 20.57943374363963 3.4721667809322407 PearsonRResult(statistic=np.float64(0.04280177580234495), pvalue=np.float64(0.005988324073584733))
2026-01-06 23:24:56 INFO ==> 
Average MSE: 20.70731162052196
2026-01-06 23:24:56 INFO ==> 
Average MAE: 3.4539094772997174
2026-01-06 23:24:56 INFO ==> 
Average R: 0.046434135495245096
2026-01-06 23:24:56 INFO ==> Label: bpm --------------------------------------------------------------------------------
2026-01-06 23:24:56 INFO ==> Loading data from /home/emilyzho/physio-data/data/tiles-holdout/fitbit.

2026-01-06 23:28:14 INFO ==> Fold 1 --------------------------------------------------------------------------------
2026-01-06 23:28:14 INFO ==> # training samples: 670
2026-01-06 23:28:14 INFO ==> # testing samples: 4120
2026-01-06 23:28:14 INFO ==> MSE | MAE | R: 86.0344665864979 7.377422847241282 PearsonRResult(statistic=np.float64(0.061575114037316005), pvalue=np.float64(7.657005343989047e-05))
2026-01-06 23:28:14 INFO ==> Fold 2 --------------------------------------------------------------------------------
2026-01-06 23:28:14 INFO ==> # training samples: 670
2026-01-06 23:28:14 INFO ==> # testing samples: 4120
2026-01-06 23:28:15 INFO ==> MSE | MAE | R: 85.42142511702394 7.334209043485438 PearsonRResult(statistic=np.float64(0.04755716196556786), pvalue=np.float64(0.002262915317331773))
2026-01-06 23:28:15 INFO ==> Fold 3 --------------------------------------------------------------------------------
2026-01-06 23:28:15 INFO ==> # training samples: 670
2026-01-06 23:28:15 INFO ==> # testing samples: 4120
2026-01-06 23:28:15 INFO ==> MSE | MAE | R: 86.73979496980691 7.385790502037335 PearsonRResult(statistic=np.float64(0.0679313509213185), pvalue=np.float64(1.2768020979993246e-05))
2026-01-06 23:28:15 INFO ==> Fold 4 --------------------------------------------------------------------------------
2026-01-06 23:28:15 INFO ==> # training samples: 670
2026-01-06 23:28:15 INFO ==> # testing samples: 4120
2026-01-06 23:28:15 INFO ==> MSE | MAE | R: 85.16359197503748 7.318166396764921 PearsonRResult(statistic=np.float64(0.044926144792262104), pvalue=np.float64(0.003923273991130433))
2026-01-06 23:28:15 INFO ==> Fold 5 --------------------------------------------------------------------------------
2026-01-06 23:28:15 INFO ==> # training samples: 670
2026-01-06 23:28:15 INFO ==> # testing samples: 4120
2026-01-06 23:28:15 INFO ==> MSE | MAE | R: 86.12069496585394 7.337323424358923 PearsonRResult(statistic=np.float64(0.04913639064259222), pvalue=np.float64(0.0016056564912526072))
2026-01-06 23:28:15 INFO ==> 
Average MSE: 85.89599472284404
2026-01-06 23:28:15 INFO ==> 
Average MAE: 7.350582442777579
2026-01-06 23:28:15 INFO ==> 
Average R: 0.02790073462331914
2026-01-06 23:28:15 INFO ==> Label: SDNN_ms --------------------------------------------------------------------------------
2026-01-06 23:28:15 INFO ==> Loading data from /home/emilyzho/physio-data/data/tiles-holdout/fitbit.

2026-01-06 23:30:02 INFO ==> Loading data from /home/emilyzho/physio-data/data/tiles-holdout/fitbit.

2026-01-06 23:31:33 INFO ==> Fold 1 --------------------------------------------------------------------------------
2026-01-06 23:31:33 INFO ==> # training samples: 257
2026-01-06 23:31:33 INFO ==> # testing samples: 1581
2026-01-06 23:31:33 INFO ==> MSE | MAE | R: 1230.1939216399596 24.911217500833946 PearsonRResult(statistic=np.float64(-0.044551607999246026), pvalue=np.float64(0.07657235351661713))
2026-01-06 23:31:33 INFO ==> Fold 2 --------------------------------------------------------------------------------
2026-01-06 23:31:33 INFO ==> # training samples: 257
2026-01-06 23:31:33 INFO ==> # testing samples: 1581
2026-01-06 23:31:33 INFO ==> MSE | MAE | R: 1206.9670136297048 24.578670139023966 PearsonRResult(statistic=np.float64(0.021529865091238432), pvalue=np.float64(0.39228101160078577))
2026-01-06 23:31:33 INFO ==> Fold 3 --------------------------------------------------------------------------------
2026-01-06 23:31:33 INFO ==> # training samples: 257
2026-01-06 23:31:33 INFO ==> # testing samples: 1581
2026-01-06 23:31:33 INFO ==> MSE | MAE | R: 1205.6690850376376 24.66829094967276 PearsonRResult(statistic=np.float64(0.03667664097321432), pvalue=np.float64(0.1449326517383078))
2026-01-06 23:31:33 INFO ==> Fold 4 --------------------------------------------------------------------------------
2026-01-06 23:31:33 INFO ==> # training samples: 257
2026-01-06 23:31:33 INFO ==> # testing samples: 1581
2026-01-06 23:31:33 INFO ==> MSE | MAE | R: 1122.6841956558249 24.48633105747624 PearsonRResult(statistic=np.float64(0.012681316812649645), pvalue=np.float64(0.6143644600714073))
2026-01-06 23:31:33 INFO ==> Fold 5 --------------------------------------------------------------------------------
2026-01-06 23:31:33 INFO ==> # training samples: 257
2026-01-06 23:31:33 INFO ==> # testing samples: 1581
2026-01-06 23:31:33 INFO ==> MSE | MAE | R: 1117.1678340475053 24.087589371035396 PearsonRResult(statistic=np.float64(0.01658687281766428), pvalue=np.float64(0.5098652884313911))
2026-01-06 23:31:33 INFO ==> 
Average MSE: 1176.5364100021266
2026-01-06 23:31:33 INFO ==> 
Average MAE: 24.54641980360846
2026-01-06 23:31:33 INFO ==> 
Average R: 0.178093885305403
