nohup: ignoring input
2026-01-06 23:21:07 INFO ==> Label: StepCount --------------------------------------------------------------------------------
2026-01-06 23:21:07 INFO ==> Loading data from /home/emilyzho/physio-data/data/tiles-holdout/fitbit.
Default device set to CUDA.

2026-01-06 23:24:55 INFO ==> Fold 1
2026-01-06 23:24:55 INFO ==> # training samples: 671
2026-01-06 23:24:55 INFO ==> # testing samples: 4122
2026-01-06 23:25:39 INFO ==> MSE | MAE | R: 19.29346554374034 3.318521060230094 PearsonRResult(statistic=np.float64(0.23595509810995), pvalue=np.float64(2.9533312696888944e-53))
2026-01-06 23:25:39 INFO ==> ------------------------------------------------------------
2026-01-06 23:25:39 INFO ==> Fold 2
2026-01-06 23:25:39 INFO ==> # training samples: 671
2026-01-06 23:25:39 INFO ==> # testing samples: 4122
2026-01-06 23:26:33 INFO ==> MSE | MAE | R: 20.82607355474349 3.4171128449672383 PearsonRResult(statistic=np.float64(0.19175278705350118), pvalue=np.float64(1.9661348409156731e-35))
2026-01-06 23:26:33 INFO ==> ------------------------------------------------------------
2026-01-06 23:26:33 INFO ==> Fold 3
2026-01-06 23:26:33 INFO ==> # training samples: 671
2026-01-06 23:26:33 INFO ==> # testing samples: 4122
2026-01-06 23:27:45 INFO ==> MSE | MAE | R: 19.670980746833166 3.3849757754239684 PearsonRResult(statistic=np.float64(0.1724028839850198), pvalue=np.float64(7.244206849597309e-29))
2026-01-06 23:27:45 INFO ==> ------------------------------------------------------------
2026-01-06 23:27:45 INFO ==> Fold 4
2026-01-06 23:27:45 INFO ==> # training samples: 671
2026-01-06 23:27:45 INFO ==> # testing samples: 4122
2026-01-06 23:28:57 INFO ==> MSE | MAE | R: 20.114643135239962 3.349765474147526 PearsonRResult(statistic=np.float64(0.1685377016261882), pvalue=np.float64(1.2132054729482751e-27))
2026-01-06 23:28:57 INFO ==> ------------------------------------------------------------
2026-01-06 23:28:57 INFO ==> Fold 5
2026-01-06 23:28:57 INFO ==> # training samples: 671
2026-01-06 23:28:57 INFO ==> # testing samples: 4122
2026-01-06 23:30:09 INFO ==> MSE | MAE | R: 20.000499233630087 3.406015632488105 PearsonRResult(statistic=np.float64(0.16912973211933946), pvalue=np.float64(7.9129870182142595e-28))
2026-01-06 23:30:09 INFO ==> ------------------------------------------------------------
2026-01-06 23:30:09 INFO ==> 
Average MSE: 19.981132442837406
2026-01-06 23:30:09 INFO ==> 
Average MAE: 3.375278157451386
2026-01-06 23:30:09 INFO ==> 
Average R: 0.09377782028939986
2026-01-06 23:30:09 INFO ==> Label: bpm --------------------------------------------------------------------------------
2026-01-06 23:30:09 INFO ==> Loading data from /home/emilyzho/physio-data/data/tiles-holdout/fitbit.
=================================================================
Layer (type:depth-idx)                   Param #
=================================================================
CNN                                      --
├─Conv1d: 1-1                            896
├─ReLU: 1-2                              --
├─AvgPool1d: 1-3                         --
├─Conv1d: 1-4                            49,280
├─ReLU: 1-5                              --
├─AvgPool1d: 1-6                         --
├─Conv1d: 1-7                            24,640
├─ReLU: 1-8                              --
├─AvgPool1d: 1-9                         --
├─Conv1d: 1-10                           6,176
├─ReLU: 1-11                             --
├─AvgPool1d: 1-12                        --
├─Linear: 1-13                           2,881
=================================================================
Total params: 83,873
Trainable params: 83,873
Non-trainable params: 0
=================================================================

2026-01-06 23:33:25 INFO ==> Fold 1
2026-01-06 23:33:25 INFO ==> # training samples: 670
2026-01-06 23:33:25 INFO ==> # testing samples: 4120
2026-01-06 23:34:31 INFO ==> MSE | MAE | R: 79.98564046254236 7.067298989769359 PearsonRResult(statistic=np.float64(0.2892329846687711), pvalue=np.float64(3.2432797091910056e-80))
2026-01-06 23:34:31 INFO ==> ------------------------------------------------------------
2026-01-06 23:34:31 INFO ==> Fold 2
2026-01-06 23:34:31 INFO ==> # training samples: 670
2026-01-06 23:34:31 INFO ==> # testing samples: 4120
2026-01-06 23:35:42 INFO ==> MSE | MAE | R: 76.47502837699813 6.910300155373612 PearsonRResult(statistic=np.float64(0.33332436705207413), pvalue=np.float64(1.7940464064026136e-107))
2026-01-06 23:35:42 INFO ==> ------------------------------------------------------------
2026-01-06 23:35:42 INFO ==> Fold 3
2026-01-06 23:35:42 INFO ==> # training samples: 670
2026-01-06 23:35:42 INFO ==> # testing samples: 4120
2026-01-06 23:36:43 INFO ==> MSE | MAE | R: 78.87309601148881 6.963370935965824 PearsonRResult(statistic=np.float64(0.3242783670154973), pvalue=np.float64(1.6984569716809746e-101))
2026-01-06 23:36:43 INFO ==> ------------------------------------------------------------
2026-01-06 23:36:43 INFO ==> Fold 4
2026-01-06 23:36:43 INFO ==> # training samples: 670
2026-01-06 23:36:43 INFO ==> # testing samples: 4120
2026-01-06 23:37:44 INFO ==> MSE | MAE | R: 78.61900272016251 6.995161475675211 PearsonRResult(statistic=np.float64(0.2909473934624069), pvalue=np.float64(3.4455809032619357e-81))
2026-01-06 23:37:44 INFO ==> ------------------------------------------------------------
2026-01-06 23:37:44 INFO ==> Fold 5
2026-01-06 23:37:44 INFO ==> # training samples: 670
2026-01-06 23:37:44 INFO ==> # testing samples: 4120
2026-01-06 23:38:44 INFO ==> MSE | MAE | R: 80.3651181151625 7.1062894766232425 PearsonRResult(statistic=np.float64(0.2751873983311436), pvalue=np.float64(1.7192749751198845e-72))
2026-01-06 23:38:44 INFO ==> ------------------------------------------------------------
2026-01-06 23:38:44 INFO ==> 
Average MSE: 78.86357713727085
2026-01-06 23:38:44 INFO ==> 
Average MAE: 7.00848420668145
2026-01-06 23:38:44 INFO ==> 
Average R: 0.15129705105298927
2026-01-06 23:38:44 INFO ==> Label: SDNN_ms --------------------------------------------------------------------------------
2026-01-06 23:38:44 INFO ==> Loading data from /home/emilyzho/physio-data/data/tiles-holdout/fitbit.
=================================================================
Layer (type:depth-idx)                   Param #
=================================================================
CNN                                      --
├─Conv1d: 1-1                            896
├─ReLU: 1-2                              --
├─AvgPool1d: 1-3                         --
├─Conv1d: 1-4                            49,280
├─ReLU: 1-5                              --
├─AvgPool1d: 1-6                         --
├─Conv1d: 1-7                            24,640
├─ReLU: 1-8                              --
├─AvgPool1d: 1-9                         --
├─Conv1d: 1-10                           6,176
├─ReLU: 1-11                             --
├─AvgPool1d: 1-12                        --
├─Linear: 1-13                           2,881
=================================================================
Total params: 83,873
Trainable params: 83,873
Non-trainable params: 0
=================================================================

2026-01-06 23:42:01 INFO ==> Fold 1
2026-01-06 23:42:01 INFO ==> # training samples: 257
2026-01-06 23:42:01 INFO ==> # testing samples: 1581
2026-01-06 23:42:28 INFO ==> MSE | MAE | R: 1235.2089986139401 25.250115901189947 PearsonRResult(statistic=np.float64(-0.05131717889022671), pvalue=np.float64(0.041331070584464225))
2026-01-06 23:42:28 INFO ==> ------------------------------------------------------------
2026-01-06 23:42:28 INFO ==> Fold 2
2026-01-06 23:42:28 INFO ==> # training samples: 257
2026-01-06 23:42:28 INFO ==> # testing samples: 1581
2026-01-06 23:42:56 INFO ==> MSE | MAE | R: 1213.1594563454828 24.954911174493017 PearsonRResult(statistic=np.float64(-0.058986425580597655), pvalue=np.float64(0.018996820346934933))
2026-01-06 23:42:56 INFO ==> ------------------------------------------------------------
2026-01-06 23:42:56 INFO ==> Fold 3
2026-01-06 23:42:56 INFO ==> # training samples: 257
2026-01-06 23:42:56 INFO ==> # testing samples: 1581
2026-01-06 23:43:25 INFO ==> MSE | MAE | R: 1217.1835743310926 25.01263190443306 PearsonRResult(statistic=np.float64(-0.0714179889875551), pvalue=np.float64(0.004495969382150657))
2026-01-06 23:43:25 INFO ==> ------------------------------------------------------------
2026-01-06 23:43:25 INFO ==> Fold 4
2026-01-06 23:43:25 INFO ==> # training samples: 257
2026-01-06 23:43:25 INFO ==> # testing samples: 1581
2026-01-06 23:43:52 INFO ==> MSE | MAE | R: 1145.1446487665705 24.815338681842622 PearsonRResult(statistic=np.float64(-0.058698899892257496), pvalue=np.float64(0.019588386827789277))
2026-01-06 23:43:52 INFO ==> ------------------------------------------------------------
2026-01-06 23:43:52 INFO ==> Fold 5
2026-01-06 23:43:52 INFO ==> # training samples: 257
2026-01-06 23:43:52 INFO ==> # testing samples: 1581
2026-01-06 23:44:20 INFO ==> MSE | MAE | R: 1143.030699450521 24.524110155143003 PearsonRResult(statistic=np.float64(-0.08560865713094633), pvalue=np.float64(0.0006555652460732737))
2026-01-06 23:44:20 INFO ==> ------------------------------------------------------------
2026-01-06 23:44:20 INFO ==> 
Average MSE: 1190.7454755015212
2026-01-06 23:44:20 INFO ==> 
Average MAE: 24.91142156342033
2026-01-06 23:44:20 INFO ==> 
Average R: -0.024096133809417095
=================================================================
Layer (type:depth-idx)                   Param #
=================================================================
CNN                                      --
├─Conv1d: 1-1                            896
├─ReLU: 1-2                              --
├─AvgPool1d: 1-3                         --
├─Conv1d: 1-4                            49,280
├─ReLU: 1-5                              --
├─AvgPool1d: 1-6                         --
├─Conv1d: 1-7                            24,640
├─ReLU: 1-8                              --
├─AvgPool1d: 1-9                         --
├─Conv1d: 1-10                           6,176
├─ReLU: 1-11                             --
├─AvgPool1d: 1-12                        --
├─Linear: 1-13                           2,881
=================================================================
Total params: 83,873
Trainable params: 83,873
Non-trainable params: 0
=================================================================
