nohup: ignoring input
2026-01-06 23:21:21 WARNING ==> CUDA extension for structured kernels (Cauchy and Vandermonde multiplication) not found. Install by going to extensions/kernels/ and running `python setup.py install`, for improved speed and memory efficiency. Note that the kernel changed for state-spaces 4.0 and must be recompiled.
2026-01-06 23:21:21 WARNING ==> Falling back on slow Cauchy and Vandermonde kernel. Install at least one of pykeops or the CUDA extension for better speed and memory efficiency.
2026-01-06 23:21:21 INFO ==> Label: StepCount --------------------------------------------------------------------------------
2026-01-06 23:21:21 INFO ==> Loading data from /home/emilyzho/physio-data/data/tiles-holdout/fitbit.
Default device set to CUDA.

2026-01-06 23:24:57 INFO ==> Fold 1
2026-01-06 23:24:57 INFO ==> # training samples: 671
2026-01-06 23:24:57 INFO ==> # testing samples: 4122
2026-01-06 23:27:10 INFO ==> MSE | MAE | R: 21.414916182235235 3.494496274162076 PearsonRResult(statistic=np.float64(0.09648273719265124), pvalue=np.float64(5.398207973191984e-10))
2026-01-06 23:27:10 INFO ==> ------------------------------------------------------------
2026-01-06 23:27:10 INFO ==> Fold 2
2026-01-06 23:27:10 INFO ==> # training samples: 671
2026-01-06 23:27:10 INFO ==> # testing samples: 4122
2026-01-06 23:29:29 INFO ==> MSE | MAE | R: 23.18173986190735 3.575221273941263 PearsonRResult(statistic=np.float64(0.1109214040468), pvalue=np.float64(9.241799453594398e-13))
2026-01-06 23:29:29 INFO ==> ------------------------------------------------------------
2026-01-06 23:29:29 INFO ==> Fold 3
2026-01-06 23:29:29 INFO ==> # training samples: 671
2026-01-06 23:29:29 INFO ==> # testing samples: 4122
2026-01-06 23:31:31 INFO ==> MSE | MAE | R: 21.289484596897708 3.491301170763126 PearsonRResult(statistic=np.float64(0.09588014089238345), pvalue=np.float64(6.910615472977859e-10))
2026-01-06 23:31:31 INFO ==> ------------------------------------------------------------
2026-01-06 23:31:31 INFO ==> Fold 4
2026-01-06 23:31:31 INFO ==> # training samples: 671
2026-01-06 23:31:31 INFO ==> # testing samples: 4122
2026-01-06 23:33:21 INFO ==> MSE | MAE | R: 21.596805985084405 3.472217755832704 PearsonRResult(statistic=np.float64(0.10622811615086646), pvalue=np.float64(8.06277356351603e-12))
2026-01-06 23:33:21 INFO ==> ------------------------------------------------------------
2026-01-06 23:33:21 INFO ==> Fold 5
2026-01-06 23:33:21 INFO ==> # training samples: 671
2026-01-06 23:33:21 INFO ==> # testing samples: 4122
2026-01-06 23:35:46 INFO ==> MSE | MAE | R: 22.20696862505727 3.521081444760378 PearsonRResult(statistic=np.float64(0.08757493537575449), pvalue=np.float64(1.7846939525609968e-08))
2026-01-06 23:35:46 INFO ==> ------------------------------------------------------------
2026-01-06 23:35:46 INFO ==> 
Average MSE: 21.937983050236394
2026-01-06 23:35:46 INFO ==> 
Average MAE: 3.510863583891909
2026-01-06 23:35:46 INFO ==> 
Average R: 0.04970873527452645
2026-01-06 23:35:46 INFO ==> Label: bpm --------------------------------------------------------------------------------
2026-01-06 23:35:46 INFO ==> Loading data from /home/emilyzho/physio-data/data/tiles-holdout/fitbit.
=================================================================
Layer (type:depth-idx)                   Param #
=================================================================
S4Model                                  --
├─Linear: 1-1                            184,448
├─ModuleList: 1-2                        --
│    └─S4Block: 2-1                      --
│    │    └─FFTConv: 3-1                 33,024
│    │    └─Identity: 3-2                --
│    │    └─Dropout: 3-3                 --
│    │    └─Sequential: 3-4              33,024
│    └─S4Block: 2-2                      --
│    │    └─FFTConv: 3-5                 33,024
│    │    └─Identity: 3-6                --
│    │    └─Dropout: 3-7                 --
│    │    └─Sequential: 3-8              33,024
│    └─S4Block: 2-3                      --
│    │    └─FFTConv: 3-9                 33,024
│    │    └─Identity: 3-10               --
│    │    └─Dropout: 3-11                --
│    │    └─Sequential: 3-12             33,024
│    └─S4Block: 2-4                      --
│    │    └─FFTConv: 3-13                33,024
│    │    └─Identity: 3-14               --
│    │    └─Dropout: 3-15                --
│    │    └─Sequential: 3-16             33,024
│    └─S4Block: 2-5                      --
│    │    └─FFTConv: 3-17                33,024
│    │    └─Identity: 3-18               --
│    │    └─Dropout: 3-19                --
│    │    └─Sequential: 3-20             33,024
│    └─S4Block: 2-6                      --
│    │    └─FFTConv: 3-21                33,024
│    │    └─Identity: 3-22               --
│    │    └─Dropout: 3-23                --
│    │    └─Sequential: 3-24             33,024
├─ModuleList: 1-3                        --
│    └─LayerNorm: 2-7                    256
│    └─LayerNorm: 2-8                    256
│    └─LayerNorm: 2-9                    256
│    └─LayerNorm: 2-10                   256
│    └─LayerNorm: 2-11                   256
│    └─LayerNorm: 2-12                   256
├─ModuleList: 1-4                        --
│    └─Dropout1d: 2-13                   --
│    └─Dropout1d: 2-14                   --
│    └─Dropout1d: 2-15                   --
│    └─Dropout1d: 2-16                   --
│    └─Dropout1d: 2-17                   --
│    └─Dropout1d: 2-18                   --
├─Linear: 1-5                            129
=================================================================
Total params: 582,401
Trainable params: 582,401
Non-trainable params: 0
=================================================================

2026-01-06 23:39:04 INFO ==> Fold 1
2026-01-06 23:39:04 INFO ==> # training samples: 670
2026-01-06 23:39:04 INFO ==> # testing samples: 4120
2026-01-06 23:40:55 INFO ==> MSE | MAE | R: 4987.623084691277 70.00568712217643 PearsonRResult(statistic=np.float64(0.026735554799787026), pvalue=np.float64(0.08618637596143022))
2026-01-06 23:40:55 INFO ==> ------------------------------------------------------------
2026-01-06 23:40:55 INFO ==> Fold 2
2026-01-06 23:40:55 INFO ==> # training samples: 670
2026-01-06 23:40:55 INFO ==> # testing samples: 4120
2026-01-06 23:42:58 INFO ==> MSE | MAE | R: 4949.337059422888 69.74566196785916 PearsonRResult(statistic=np.float64(0.0744796561955672), pvalue=np.float64(1.702738151056511e-06))
2026-01-06 23:42:58 INFO ==> ------------------------------------------------------------
2026-01-06 23:42:58 INFO ==> Fold 3
2026-01-06 23:42:58 INFO ==> # training samples: 670
2026-01-06 23:42:58 INFO ==> # testing samples: 4120
2026-01-06 23:45:09 INFO ==> MSE | MAE | R: 5001.675163622349 70.10776772361409 PearsonRResult(statistic=np.float64(0.050472513772670397), pvalue=np.float64(0.0011920601499410038))
2026-01-06 23:45:09 INFO ==> ------------------------------------------------------------
2026-01-06 23:45:09 INFO ==> Fold 4
2026-01-06 23:45:09 INFO ==> # training samples: 670
2026-01-06 23:45:09 INFO ==> # testing samples: 4120
2026-01-06 23:46:58 INFO ==> MSE | MAE | R: 4924.626463851877 69.5703861798801 PearsonRResult(statistic=np.float64(0.052786960069976775), pvalue=np.float64(0.0006999885670595459))
2026-01-06 23:46:58 INFO ==> ------------------------------------------------------------
2026-01-06 23:46:58 INFO ==> Fold 5
2026-01-06 23:46:58 INFO ==> # training samples: 670
2026-01-06 23:46:58 INFO ==> # testing samples: 4120
2026-01-06 23:48:54 INFO ==> MSE | MAE | R: 5008.677890891932 70.1623641663517 PearsonRResult(statistic=np.float64(0.067830362841636), pvalue=np.float64(1.3153200448867017e-05))
2026-01-06 23:48:54 INFO ==> ------------------------------------------------------------
2026-01-06 23:48:54 INFO ==> 
Average MSE: 4974.387932496064
2026-01-06 23:48:54 INFO ==> 
Average MAE: 69.9183734319763
2026-01-06 23:48:54 INFO ==> 
Average R: 0.036039832829666815
2026-01-06 23:48:54 INFO ==> Label: SDNN_ms --------------------------------------------------------------------------------
2026-01-06 23:48:54 INFO ==> Loading data from /home/emilyzho/physio-data/data/tiles-holdout/fitbit.
=================================================================
Layer (type:depth-idx)                   Param #
=================================================================
S4Model                                  --
├─Linear: 1-1                            184,448
├─ModuleList: 1-2                        --
│    └─S4Block: 2-1                      --
│    │    └─FFTConv: 3-1                 33,024
│    │    └─Identity: 3-2                --
│    │    └─Dropout: 3-3                 --
│    │    └─Sequential: 3-4              33,024
│    └─S4Block: 2-2                      --
│    │    └─FFTConv: 3-5                 33,024
│    │    └─Identity: 3-6                --
│    │    └─Dropout: 3-7                 --
│    │    └─Sequential: 3-8              33,024
│    └─S4Block: 2-3                      --
│    │    └─FFTConv: 3-9                 33,024
│    │    └─Identity: 3-10               --
│    │    └─Dropout: 3-11                --
│    │    └─Sequential: 3-12             33,024
│    └─S4Block: 2-4                      --
│    │    └─FFTConv: 3-13                33,024
│    │    └─Identity: 3-14               --
│    │    └─Dropout: 3-15                --
│    │    └─Sequential: 3-16             33,024
│    └─S4Block: 2-5                      --
│    │    └─FFTConv: 3-17                33,024
│    │    └─Identity: 3-18               --
│    │    └─Dropout: 3-19                --
│    │    └─Sequential: 3-20             33,024
│    └─S4Block: 2-6                      --
│    │    └─FFTConv: 3-21                33,024
│    │    └─Identity: 3-22               --
│    │    └─Dropout: 3-23                --
│    │    └─Sequential: 3-24             33,024
├─ModuleList: 1-3                        --
│    └─LayerNorm: 2-7                    256
│    └─LayerNorm: 2-8                    256
│    └─LayerNorm: 2-9                    256
│    └─LayerNorm: 2-10                   256
│    └─LayerNorm: 2-11                   256
│    └─LayerNorm: 2-12                   256
├─ModuleList: 1-4                        --
│    └─Dropout1d: 2-13                   --
│    └─Dropout1d: 2-14                   --
│    └─Dropout1d: 2-15                   --
│    └─Dropout1d: 2-16                   --
│    └─Dropout1d: 2-17                   --
│    └─Dropout1d: 2-18                   --
├─Linear: 1-5                            129
=================================================================
Total params: 582,401
Trainable params: 582,401
Non-trainable params: 0
=================================================================

2026-01-06 23:52:11 INFO ==> Fold 1
2026-01-06 23:52:11 INFO ==> # training samples: 257
2026-01-06 23:52:11 INFO ==> # testing samples: 1581
2026-01-06 23:52:53 INFO ==> MSE | MAE | R: 5150.208727418585 63.054379940700066 PearsonRResult(statistic=np.float64(-0.04120604109133468), pvalue=np.float64(0.10145805465896217))
2026-01-06 23:52:53 INFO ==> ------------------------------------------------------------
2026-01-06 23:52:53 INFO ==> Fold 2
2026-01-06 23:52:53 INFO ==> # training samples: 257
2026-01-06 23:52:53 INFO ==> # testing samples: 1581
2026-01-06 23:53:47 INFO ==> MSE | MAE | R: 5109.3735286826395 62.94744011552046 PearsonRResult(statistic=np.float64(-0.0511890507917039), pvalue=np.float64(0.04184154278533969))
2026-01-06 23:53:47 INFO ==> ------------------------------------------------------------
2026-01-06 23:53:47 INFO ==> Fold 3
2026-01-06 23:53:47 INFO ==> # training samples: 257
2026-01-06 23:53:47 INFO ==> # testing samples: 1581
2026-01-06 23:54:36 INFO ==> MSE | MAE | R: 5114.798752960721 62.984433278616166 PearsonRResult(statistic=np.float64(-0.06666592649353108), pvalue=np.float64(0.008010896299142345))
2026-01-06 23:54:36 INFO ==> ------------------------------------------------------------
2026-01-06 23:54:36 INFO ==> Fold 4
2026-01-06 23:54:36 INFO ==> # training samples: 257
2026-01-06 23:54:36 INFO ==> # testing samples: 1581
2026-01-06 23:55:21 INFO ==> MSE | MAE | R: 4989.429386810206 62.296973438848 PearsonRResult(statistic=np.float64(-0.039160301825727835), pvalue=np.float64(0.11960131358694172))
2026-01-06 23:55:21 INFO ==> ------------------------------------------------------------
2026-01-06 23:55:21 INFO ==> Fold 5
2026-01-06 23:55:21 INFO ==> # training samples: 257
2026-01-06 23:55:21 INFO ==> # testing samples: 1581
2026-01-06 23:56:11 INFO ==> MSE | MAE | R: 4956.078441082389 62.173474254049836 PearsonRResult(statistic=np.float64(-0.05088308349599438), pvalue=np.float64(0.04308214420939432))
2026-01-06 23:56:11 INFO ==> ------------------------------------------------------------
2026-01-06 23:56:11 INFO ==> 
Average MSE: 5063.9777673909075
2026-01-06 23:56:11 INFO ==> 
Average MAE: 62.69134020554691
2026-01-06 23:56:11 INFO ==> 
Average R: 0.006488954784148837
=================================================================
Layer (type:depth-idx)                   Param #
=================================================================
S4Model                                  --
├─Linear: 1-1                            184,448
├─ModuleList: 1-2                        --
│    └─S4Block: 2-1                      --
│    │    └─FFTConv: 3-1                 33,024
│    │    └─Identity: 3-2                --
│    │    └─Dropout: 3-3                 --
│    │    └─Sequential: 3-4              33,024
│    └─S4Block: 2-2                      --
│    │    └─FFTConv: 3-5                 33,024
│    │    └─Identity: 3-6                --
│    │    └─Dropout: 3-7                 --
│    │    └─Sequential: 3-8              33,024
│    └─S4Block: 2-3                      --
│    │    └─FFTConv: 3-9                 33,024
│    │    └─Identity: 3-10               --
│    │    └─Dropout: 3-11                --
│    │    └─Sequential: 3-12             33,024
│    └─S4Block: 2-4                      --
│    │    └─FFTConv: 3-13                33,024
│    │    └─Identity: 3-14               --
│    │    └─Dropout: 3-15                --
│    │    └─Sequential: 3-16             33,024
│    └─S4Block: 2-5                      --
│    │    └─FFTConv: 3-17                33,024
│    │    └─Identity: 3-18               --
│    │    └─Dropout: 3-19                --
│    │    └─Sequential: 3-20             33,024
│    └─S4Block: 2-6                      --
│    │    └─FFTConv: 3-21                33,024
│    │    └─Identity: 3-22               --
│    │    └─Dropout: 3-23                --
│    │    └─Sequential: 3-24             33,024
├─ModuleList: 1-3                        --
│    └─LayerNorm: 2-7                    256
│    └─LayerNorm: 2-8                    256
│    └─LayerNorm: 2-9                    256
│    └─LayerNorm: 2-10                   256
│    └─LayerNorm: 2-11                   256
│    └─LayerNorm: 2-12                   256
├─ModuleList: 1-4                        --
│    └─Dropout1d: 2-13                   --
│    └─Dropout1d: 2-14                   --
│    └─Dropout1d: 2-15                   --
│    └─Dropout1d: 2-16                   --
│    └─Dropout1d: 2-17                   --
│    └─Dropout1d: 2-18                   --
├─Linear: 1-5                            129
=================================================================
Total params: 582,401
Trainable params: 582,401
Non-trainable params: 0
=================================================================
