nohup: ignoring input
2026-01-31 21:01:15 WARNING ==> CUDA extension for structured kernels (Cauchy and Vandermonde multiplication) not found. Install by going to extensions/kernels/ and running `python setup.py install`, for improved speed and memory efficiency. Note that the kernel changed for state-spaces 4.0 and must be recompiled.
2026-01-31 21:01:15 WARNING ==> Falling back on slow Cauchy and Vandermonde kernel. Install at least one of pykeops or the CUDA extension for better speed and memory efficiency.
2026-01-31 21:01:15 INFO ==> ------------------------------------------------------------
2026-01-31 21:01:15 INFO ==> age
2026-01-31 21:01:15 INFO ==> ------------------------------------------------------------
2026-01-31 21:03:33 INFO ==> ACC | bACC | F1 | AUC: 0.5541666666666667 0.46622390891840604 0.44863123993558773 0.48759013282732444
2026-01-31 21:03:33 INFO ==> ------------------------------------------------------------
2026-01-31 21:06:49 INFO ==> ACC | bACC | F1 | AUC: 0.586046511627907 0.5083743842364532 0.5071982281284606 0.5704433497536946
2026-01-31 21:06:49 INFO ==> ------------------------------------------------------------
2026-01-31 21:11:25 INFO ==> ACC | bACC | F1 | AUC: 0.6105769230769231 0.5080764418154932 0.5079295540173486 0.5458992151063587
2026-01-31 21:11:25 INFO ==> ------------------------------------------------------------
2026-01-31 21:15:50 INFO ==> ACC | bACC | F1 | AUC: 0.5432692307692307 0.41644144144144146 0.4094970564504079 0.3864864864864865
2026-01-31 21:15:50 INFO ==> ------------------------------------------------------------
2026-01-31 21:20:14 INFO ==> ACC | bACC | F1 | AUC: 0.6111111111111112 0.4897435897435897 0.4877470355731225 0.4567307692307693
2026-01-31 21:20:14 INFO ==> ------------------------------------------------------------
2026-01-31 21:20:14 INFO ==> Average ACC | bACC | F1 | AUC: 0.5810340886503678 0.47777195323107674 0.4722006228209855 0.4894299906809268
2026-01-31 21:20:14 INFO ==> ------------------------------------------------------------
2026-01-31 21:20:14 INFO ==> shift
2026-01-31 21:20:14 INFO ==> ------------------------------------------------------------
2026-01-31 21:24:57 INFO ==> ACC | bACC | F1 | AUC: 0.9303482587064676 0.731283422459893 0.731283422459893 0.8487394957983193
2026-01-31 21:24:57 INFO ==> ------------------------------------------------------------
2026-01-31 21:29:07 INFO ==> ACC | bACC | F1 | AUC: 0.9369369369369369 0.8332236842105263 0.8611756298016795 0.943421052631579
2026-01-31 21:29:07 INFO ==> ------------------------------------------------------------
2026-01-31 21:33:38 INFO ==> ACC | bACC | F1 | AUC: 0.9306930693069307 0.6899122807017544 0.6899122807017544 0.8486842105263157
2026-01-31 21:33:38 INFO ==> ------------------------------------------------------------
2026-01-31 21:37:50 INFO ==> ACC | bACC | F1 | AUC: 0.8605577689243028 0.7368399064171123 0.7763777523227695 0.8550300802139037
2026-01-31 21:37:50 INFO ==> ------------------------------------------------------------
2026-01-31 21:42:14 INFO ==> ACC | bACC | F1 | AUC: 0.933649289099526 0.7513784461152883 0.7874208405296488 0.7974937343358395
2026-01-31 21:42:14 INFO ==> ------------------------------------------------------------
2026-01-31 21:42:14 INFO ==> Average ACC | bACC | F1 | AUC: 0.9184370645948328 0.7485275479809148 0.7692339851631489 0.8586737147011914
2026-01-31 21:42:14 INFO ==> ------------------------------------------------------------
2026-01-31 21:42:14 INFO ==> anxiety
2026-01-31 21:42:14 INFO ==> ------------------------------------------------------------
2026-01-31 21:46:44 INFO ==> ACC | bACC | F1 | AUC: 0.6244725738396625 0.4885699096225412 0.4829259922045449 0.4807726386673756
2026-01-31 21:46:44 INFO ==> ------------------------------------------------------------
2026-01-31 21:51:00 INFO ==> ACC | bACC | F1 | AUC: 0.5911330049261084 0.47338709677419355 0.4733535460882068 0.4688172043010752
2026-01-31 21:51:00 INFO ==> ------------------------------------------------------------
2026-01-31 21:55:25 INFO ==> ACC | bACC | F1 | AUC: 0.6274509803921569 0.48819444444444443 0.47472557257080905 0.48518518518518516
2026-01-31 21:55:25 INFO ==> ------------------------------------------------------------
2026-01-31 21:59:40 INFO ==> ACC | bACC | F1 | AUC: 0.6680497925311203 0.5570215347285411 0.5347490347490347 0.6045647558386411
2026-01-31 21:59:40 INFO ==> ------------------------------------------------------------
2026-01-31 22:04:10 INFO ==> ACC | bACC | F1 | AUC: 0.6336633663366337 0.4808905380333952 0.47105449398443033 0.4811379097093383
2026-01-31 22:04:10 INFO ==> ------------------------------------------------------------
2026-01-31 22:04:10 INFO ==> Average ACC | bACC | F1 | AUC: 0.6289539436051363 0.4976127047206231 0.48736172791940524 0.5040955387403232
2026-01-31 22:04:10 INFO ==> ------------------------------------------------------------
2026-01-31 22:04:10 INFO ==> stress
2026-01-31 22:04:10 INFO ==> ------------------------------------------------------------
2026-01-31 22:08:41 INFO ==> ACC | bACC | F1 | AUC: 0.6060606060606061 0.5001760563380282 0.4958630117274624 0.48186619718309864
2026-01-31 22:08:41 INFO ==> ------------------------------------------------------------
2026-01-31 22:12:59 INFO ==> ACC | bACC | F1 | AUC: 0.6218905472636815 0.5103216240875912 0.5007843137254901 0.5395757299270073
2026-01-31 22:12:59 INFO ==> ------------------------------------------------------------
2026-01-31 22:17:43 INFO ==> ACC | bACC | F1 | AUC: 0.6377551020408163 0.5576441102756892 0.5586005645954262 0.5871822413175797
2026-01-31 22:17:43 INFO ==> ------------------------------------------------------------
2026-01-31 22:22:18 INFO ==> ACC | bACC | F1 | AUC: 0.6391304347826087 0.4979674796747967 0.48786049631120054 0.5519216555801922
2026-01-31 22:22:18 INFO ==> ------------------------------------------------------------
2026-01-31 22:26:41 INFO ==> ACC | bACC | F1 | AUC: 0.6506550218340611 0.5765702891326021 0.5703564727954972 0.557926221335992
2026-01-31 22:26:41 INFO ==> ------------------------------------------------------------
2026-01-31 22:26:41 INFO ==> Average ACC | bACC | F1 | AUC: 0.6310983423963548 0.5285359119017415 0.5226929718310153 0.543694409068774
Default device set to CUDA.
==========================================================================================
Layer (type:depth-idx)                   Output Shape              Param #
==========================================================================================
MambaMAE                                 [1, 1]                    --
├─PatchMasking: 1-1                      [1, 2, 1440]              --
├─Identity: 1-2                          [1, 2, 1440]              --
├─MambaModel: 1-3                        [1, 1440, 128]            --
│    └─Linear: 2-1                       [1, 1440, 128]            256
│    └─ModuleList: 2-2                   --                        --
│    │    └─MambaBlock: 3-1              [1, 1440, 128]            116,736
│    │    └─MambaBlock: 3-2              [1, 1440, 128]            116,736
│    │    └─MambaBlock: 3-3              [1, 1440, 128]            116,736
│    │    └─MambaBlock: 3-4              [1, 1440, 128]            116,736
│    │    └─MambaBlock: 3-5              [1, 1440, 128]            116,736
│    │    └─MambaBlock: 3-6              [1, 1440, 128]            116,736
│    └─Identity: 2-3                     [1, 1440, 128]            --
├─LayerNorm: 1-4                         [1, 1440, 128]            256
├─LogisticRegressionHead: 1-5            [1, 1]                    --
│    └─Linear: 2-4                       [1, 1]                    184,321
==========================================================================================
Total params: 885,249
Trainable params: 885,249
Non-trainable params: 0
Total mult-adds (Units.MEGABYTES): 99.94
==========================================================================================
Input size (MB): 0.01
Forward/backward pass size (MB): 41.14
Params size (MB): 1.81
Estimated Total Size (MB): 42.96
==========================================================================================
==========================================================================================
Layer (type:depth-idx)                   Output Shape              Param #
==========================================================================================
MambaMAE                                 [1, 1]                    --
├─PatchMasking: 1-1                      [1, 2, 1440]              --
├─Identity: 1-2                          [1, 2, 1440]              --
├─MambaModel: 1-3                        [1, 1440, 128]            --
│    └─Linear: 2-1                       [1, 1440, 128]            256
│    └─ModuleList: 2-2                   --                        --
│    │    └─MambaBlock: 3-1              [1, 1440, 128]            116,736
│    │    └─MambaBlock: 3-2              [1, 1440, 128]            116,736
│    │    └─MambaBlock: 3-3              [1, 1440, 128]            116,736
│    │    └─MambaBlock: 3-4              [1, 1440, 128]            116,736
│    │    └─MambaBlock: 3-5              [1, 1440, 128]            116,736
│    │    └─MambaBlock: 3-6              [1, 1440, 128]            116,736
│    └─Identity: 2-3                     [1, 1440, 128]            --
├─LayerNorm: 1-4                         [1, 1440, 128]            256
├─LogisticRegressionHead: 1-5            [1, 1]                    --
│    └─Linear: 2-4                       [1, 1]                    184,321
==========================================================================================
Total params: 885,249
Trainable params: 885,249
Non-trainable params: 0
Total mult-adds (Units.MEGABYTES): 99.94
==========================================================================================
Input size (MB): 0.01
Forward/backward pass size (MB): 41.14
Params size (MB): 1.81
Estimated Total Size (MB): 42.96
==========================================================================================
==========================================================================================
Layer (type:depth-idx)                   Output Shape              Param #
==========================================================================================
MambaMAE                                 [1, 1]                    --
├─PatchMasking: 1-1                      [1, 2, 1440]              --
├─Identity: 1-2                          [1, 2, 1440]              --
├─MambaModel: 1-3                        [1, 1440, 128]            --
│    └─Linear: 2-1                       [1, 1440, 128]            256
│    └─ModuleList: 2-2                   --                        --
│    │    └─MambaBlock: 3-1              [1, 1440, 128]            116,736
│    │    └─MambaBlock: 3-2              [1, 1440, 128]            116,736
│    │    └─MambaBlock: 3-3              [1, 1440, 128]            116,736
│    │    └─MambaBlock: 3-4              [1, 1440, 128]            116,736
│    │    └─MambaBlock: 3-5              [1, 1440, 128]            116,736
│    │    └─MambaBlock: 3-6              [1, 1440, 128]            116,736
│    └─Identity: 2-3                     [1, 1440, 128]            --
├─LayerNorm: 1-4                         [1, 1440, 128]            256
├─LogisticRegressionHead: 1-5            [1, 1]                    --
│    └─Linear: 2-4                       [1, 1]                    184,321
==========================================================================================
Total params: 885,249
Trainable params: 885,249
Non-trainable params: 0
Total mult-adds (Units.MEGABYTES): 99.94
==========================================================================================
Input size (MB): 0.01
Forward/backward pass size (MB): 41.14
Params size (MB): 1.81
Estimated Total Size (MB): 42.96
==========================================================================================
==========================================================================================
Layer (type:depth-idx)                   Output Shape              Param #
==========================================================================================
MambaMAE                                 [1, 1]                    --
├─PatchMasking: 1-1                      [1, 2, 1440]              --
├─Identity: 1-2                          [1, 2, 1440]              --
├─MambaModel: 1-3                        [1, 1440, 128]            --
│    └─Linear: 2-1                       [1, 1440, 128]            256
│    └─ModuleList: 2-2                   --                        --
│    │    └─MambaBlock: 3-1              [1, 1440, 128]            116,736
│    │    └─MambaBlock: 3-2              [1, 1440, 128]            116,736
│    │    └─MambaBlock: 3-3              [1, 1440, 128]            116,736
│    │    └─MambaBlock: 3-4              [1, 1440, 128]            116,736
│    │    └─MambaBlock: 3-5              [1, 1440, 128]            116,736
│    │    └─MambaBlock: 3-6              [1, 1440, 128]            116,736
│    └─Identity: 2-3                     [1, 1440, 128]            --
├─LayerNorm: 1-4                         [1, 1440, 128]            256
├─LogisticRegressionHead: 1-5            [1, 1]                    --
│    └─Linear: 2-4                       [1, 1]                    184,321
==========================================================================================
Total params: 885,249
Trainable params: 885,249
Non-trainable params: 0
Total mult-adds (Units.MEGABYTES): 99.94
==========================================================================================
Input size (MB): 0.01
Forward/backward pass size (MB): 41.14
Params size (MB): 1.81
Estimated Total Size (MB): 42.96
==========================================================================================
