nohup: ignoring input
2026-01-27 06:43:45 INFO ==> Label: RestingHeartRate --------------------------------------------------------------------------------
2026-01-27 06:43:45 INFO ==> Training on 1876 samples, testing on 479.
2026-01-27 06:56:56 INFO ==> MSE | MAE | R: 0.03169804497689793 0.1442571884473538 0.9256580563888205
2026-01-27 06:56:56 INFO ==> ------------------------------------------------------------
2026-01-27 06:56:56 INFO ==> Training on 1819 samples, testing on 536.
2026-01-27 07:09:42 INFO ==> MSE | MAE | R: 0.04152605011328742 0.16526287146357457 0.9290335151525425
2026-01-27 07:09:42 INFO ==> ------------------------------------------------------------
2026-01-27 07:09:42 INFO ==> Training on 1904 samples, testing on 451.
2026-01-27 07:23:19 INFO ==> MSE | MAE | R: 0.026630770671165243 0.12823500027721754 0.9275894350107723
2026-01-27 07:23:19 INFO ==> ------------------------------------------------------------
2026-01-27 07:23:19 INFO ==> Training on 1859 samples, testing on 496.
2026-01-27 07:36:15 INFO ==> MSE | MAE | R: 0.06123922917720749 0.19452171801759668 0.8980361686881044
2026-01-27 07:36:15 INFO ==> ------------------------------------------------------------
2026-01-27 07:36:15 INFO ==> Training on 1962 samples, testing on 393.
2026-01-27 07:50:04 INFO ==> MSE | MAE | R: 0.04101201588643445 0.16346225615170568 0.9351080980487237
2026-01-27 07:50:04 INFO ==> ------------------------------------------------------------
2026-01-27 07:50:04 INFO ==> Average MSE | MAE | R | p: 0.04042122216499851 0.15914780687148963 0.011364953707898598 0.1750966585856097
2026-01-27 07:50:05 INFO ==> Label: NumberSteps --------------------------------------------------------------------------------
2026-01-27 07:50:06 INFO ==> Training on 1902 samples, testing on 485.
2026-01-27 08:03:28 INFO ==> MSE | MAE | R: 0.02001695273546099 0.10196524915682037 0.8763278344850316
2026-01-27 08:03:28 INFO ==> ------------------------------------------------------------
2026-01-27 08:03:28 INFO ==> Training on 1845 samples, testing on 542.
2026-01-27 08:16:14 INFO ==> MSE | MAE | R: 0.010941627781400854 0.08291316636402844 0.8665798242555998
2026-01-27 08:16:14 INFO ==> ------------------------------------------------------------
2026-01-27 08:16:14 INFO ==> Training on 1929 samples, testing on 458.
2026-01-27 08:29:51 INFO ==> MSE | MAE | R: 0.016705935029640486 0.09828272389234086 0.8672729572693163
2026-01-27 08:29:51 INFO ==> ------------------------------------------------------------
2026-01-27 08:29:51 INFO ==> Training on 1885 samples, testing on 502.
2026-01-27 08:43:07 INFO ==> MSE | MAE | R: 0.013022287785655616 0.08698694445895086 0.8468974903318967
2026-01-27 08:43:07 INFO ==> ------------------------------------------------------------
2026-01-27 08:43:07 INFO ==> Training on 1987 samples, testing on 400.
2026-01-27 08:57:11 INFO ==> MSE | MAE | R: 0.013406361973803134 0.09216351556622683 0.8725420811435259
2026-01-27 08:57:11 INFO ==> ------------------------------------------------------------
2026-01-27 08:57:11 INFO ==> Average MSE | MAE | R | p: 0.014818633061192216 0.09246231988767346 0.13041193464821 0.02120791752314214
2026-01-27 08:57:12 INFO ==> Label: SleepMinutesAsleep --------------------------------------------------------------------------------
2026-01-27 08:57:12 INFO ==> Training on 1930 samples, testing on 490.
2026-01-27 09:10:50 INFO ==> MSE | MAE | R: 0.012683180598959088 0.08665284178917985 0.8952765527713105
2026-01-27 09:10:50 INFO ==> ------------------------------------------------------------
2026-01-27 09:10:50 INFO ==> Training on 1873 samples, testing on 547.
2026-01-27 09:23:56 INFO ==> MSE | MAE | R: 0.012565123146515412 0.08565130300588121 0.8925747691442765
2026-01-27 09:23:56 INFO ==> ------------------------------------------------------------
2026-01-27 09:23:56 INFO ==> Training on 1956 samples, testing on 464.
2026-01-27 09:37:33 INFO ==> MSE | MAE | R: 0.013278208163347398 0.08408797001995928 0.9048566318758992
2026-01-27 09:37:33 INFO ==> ------------------------------------------------------------
2026-01-27 09:37:33 INFO ==> Training on 1909 samples, testing on 511.
2026-01-27 09:50:37 INFO ==> MSE | MAE | R: 0.018501846550740435 0.0995090551619982 0.9026539593634971
2026-01-27 09:50:37 INFO ==> ------------------------------------------------------------
2026-01-27 09:50:37 INFO ==> Training on 2012 samples, testing on 408.
2026-01-27 10:03:44 INFO ==> MSE | MAE | R: 0.016370462549897418 0.0990804444100237 0.88054382092695
2026-01-27 10:03:44 INFO ==> ------------------------------------------------------------
2026-01-27 10:03:44 INFO ==> Average MSE | MAE | R | p: 0.01467976420189195 0.09099632287740844 0.2764159826054078 9.609159177655221e-05
Default device set to CUDA.
=================================================================
Layer (type:depth-idx)                   Param #
=================================================================
MambaModel                               --
├─Linear: 1-1                            184,320
├─ModuleList: 1-2                        --
│    └─MambaBlock: 2-1                   --
│    │    └─Mamba: 3-1                   116,480
│    │    └─LayerNorm: 3-2               256
│    └─MambaBlock: 2-2                   --
│    │    └─Mamba: 3-3                   116,480
│    │    └─LayerNorm: 3-4               256
│    └─MambaBlock: 2-3                   --
│    │    └─Mamba: 3-5                   116,480
│    │    └─LayerNorm: 3-6               256
│    └─MambaBlock: 2-4                   --
│    │    └─Mamba: 3-7                   116,480
│    │    └─LayerNorm: 3-8               256
│    └─MambaBlock: 2-5                   --
│    │    └─Mamba: 3-9                   116,480
│    │    └─LayerNorm: 3-10              256
│    └─MambaBlock: 2-6                   --
│    │    └─Mamba: 3-11                  116,480
│    │    └─LayerNorm: 3-12              256
├─Linear: 1-3                            129
=================================================================
Total params: 884,865
Trainable params: 884,865
Non-trainable params: 0
=================================================================
=================================================================
Layer (type:depth-idx)                   Param #
=================================================================
MambaModel                               --
├─Linear: 1-1                            184,320
├─ModuleList: 1-2                        --
│    └─MambaBlock: 2-1                   --
│    │    └─Mamba: 3-1                   116,480
│    │    └─LayerNorm: 3-2               256
│    └─MambaBlock: 2-2                   --
│    │    └─Mamba: 3-3                   116,480
│    │    └─LayerNorm: 3-4               256
│    └─MambaBlock: 2-3                   --
│    │    └─Mamba: 3-5                   116,480
│    │    └─LayerNorm: 3-6               256
│    └─MambaBlock: 2-4                   --
│    │    └─Mamba: 3-7                   116,480
│    │    └─LayerNorm: 3-8               256
│    └─MambaBlock: 2-5                   --
│    │    └─Mamba: 3-9                   116,480
│    │    └─LayerNorm: 3-10              256
│    └─MambaBlock: 2-6                   --
│    │    └─Mamba: 3-11                  116,480
│    │    └─LayerNorm: 3-12              256
├─Linear: 1-3                            129
=================================================================
Total params: 884,865
Trainable params: 884,865
Non-trainable params: 0
=================================================================
=================================================================
Layer (type:depth-idx)                   Param #
=================================================================
MambaModel                               --
├─Linear: 1-1                            184,320
├─ModuleList: 1-2                        --
│    └─MambaBlock: 2-1                   --
│    │    └─Mamba: 3-1                   116,480
│    │    └─LayerNorm: 3-2               256
│    └─MambaBlock: 2-2                   --
│    │    └─Mamba: 3-3                   116,480
│    │    └─LayerNorm: 3-4               256
│    └─MambaBlock: 2-3                   --
│    │    └─Mamba: 3-5                   116,480
│    │    └─LayerNorm: 3-6               256
│    └─MambaBlock: 2-4                   --
│    │    └─Mamba: 3-7                   116,480
│    │    └─LayerNorm: 3-8               256
│    └─MambaBlock: 2-5                   --
│    │    └─Mamba: 3-9                   116,480
│    │    └─LayerNorm: 3-10              256
│    └─MambaBlock: 2-6                   --
│    │    └─Mamba: 3-11                  116,480
│    │    └─LayerNorm: 3-12              256
├─Linear: 1-3                            129
=================================================================
Total params: 884,865
Trainable params: 884,865
Non-trainable params: 0
=================================================================
