nohup: ignoring input
CUDA extension for structured kernels (Cauchy and Vandermonde multiplication) not found. Install by going to extensions/kernels/ and running `python setup.py install`, for improved speed and memory efficiency. Note that the kernel changed for state-spaces 4.0 and must be recompiled.
Falling back on slow Cauchy and Vandermonde kernel. Install at least one of pykeops or the CUDA extension for better speed and memory efficiency.
wandb: Currently logged in as: emilyzho (emilyzho-usc) to https://api.wandb.ai. Use `wandb login --relogin` to force relogin
wandb: setting up run ek7oopls
wandb: Tracking run with wandb version 0.23.1
wandb: Run data is saved locally in /home/emilyzho/ssl-physio/scripts/training/wandb/run-20260131_053455-ek7oopls
wandb: Run `wandb offline` to turn off syncing.
wandb: Syncing run Mamba-50
wandb: вӯҗпёҸ View project at https://wandb.ai/emilyzho-usc/ssl-s4
wandb: рҹҡҖ View run at https://wandb.ai/emilyzho-usc/ssl-s4/runs/ek7oopls
Trainable params: 0.78 M
Training start: 2026-01-31_05:37:13.
Epoch 1/50
Epoch 1, step 100 | loss 0.3284497559070587
Epoch 1, step 200 | loss 0.3017902970314026
Epoch 1, step 300 | loss 0.334533154964447
Epoch 1, step 321 | loss 0.31299450993537903
Train loss: 0.3553
[val] Step 38 | Loss 0.9470
Validation loss: 1.0046
Epoch 2/50
Epoch 2, step 100 | loss 0.23593735694885254
Epoch 2, step 200 | loss 0.26039502024650574
Epoch 2, step 300 | loss 0.2227018028497696
Epoch 2, step 321 | loss 0.24620793759822845
Train loss: 0.2538
[val] Step 38 | Loss 0.2340
Validation loss: 0.2925
Epoch 3/50
Epoch 3, step 100 | loss 0.29703566431999207
Epoch 3, step 200 | loss 0.25494763255119324
Epoch 3, step 300 | loss 0.2376583218574524
Epoch 3, step 321 | loss 0.1681157350540161
Train loss: 0.2390
[val] Step 38 | Loss 0.1575
Validation loss: 0.1648
Epoch 4/50
Epoch 4, step 100 | loss 0.19715623557567596
Epoch 4, step 200 | loss 0.21279789507389069
Epoch 4, step 300 | loss 0.26636776328086853
Epoch 4, step 321 | loss 0.24225091934204102
Train loss: 0.2306
[val] Step 38 | Loss 0.1454
Validation loss: 0.1502
Epoch 5/50
Epoch 5, step 100 | loss 0.2842884957790375
Epoch 5, step 200 | loss 0.19377407431602478
Epoch 5, step 300 | loss 0.19974316656589508
Epoch 5, step 321 | loss 0.1996016651391983
Train loss: 0.2235
[val] Step 38 | Loss 0.1772
Validation loss: 0.1585
Epoch 6/50
Epoch 6, step 100 | loss 0.21172159910202026
Epoch 6, step 200 | loss 0.19281642138957977
Epoch 6, step 300 | loss 0.20546278357505798
Epoch 6, step 321 | loss 0.23306478559970856
Train loss: 0.2210
[val] Step 38 | Loss 0.1323
Validation loss: 0.1348
Epoch 7/50
Epoch 7, step 100 | loss 0.2660447955131531
Epoch 7, step 200 | loss 0.2073647826910019
Epoch 7, step 300 | loss 0.18778879940509796
Epoch 7, step 321 | loss 0.1864643692970276
Train loss: 0.2224
[val] Step 38 | Loss 0.1461
Validation loss: 0.1771
Epoch 8/50
Epoch 8, step 100 | loss 0.17798636853694916
Epoch 8, step 200 | loss 0.22105972468852997
Epoch 8, step 300 | loss 0.22627419233322144
Epoch 8, step 321 | loss 0.19711759686470032
Train loss: 0.2180
[val] Step 38 | Loss 0.1299
Validation loss: 0.1232
Epoch 9/50
Epoch 9, step 100 | loss 0.23019367456436157
Epoch 9, step 200 | loss 0.15597933530807495
Epoch 9, step 300 | loss 0.2459476888179779
Epoch 9, step 321 | loss 0.2220054715871811
Train loss: 0.2147
[val] Step 38 | Loss 0.1106
Validation loss: 0.1038
Epoch 10/50
Epoch 10, step 100 | loss 0.2359149158000946
Epoch 10, step 200 | loss 0.19093412160873413
Epoch 10, step 300 | loss 0.23530761897563934
Epoch 10, step 321 | loss 0.2382929027080536
Train loss: 0.2110
[val] Step 38 | Loss 0.0952
Validation loss: 0.1108
Epoch 11/50
Epoch 11, step 100 | loss 0.27749454975128174
Epoch 11, step 200 | loss 0.21046455204486847
Epoch 11, step 300 | loss 0.18593405187129974
Epoch 11, step 321 | loss 0.2088455706834793
Train loss: 0.2130
[val] Step 38 | Loss 0.1244
Validation loss: 0.1087
Epoch 12/50
Epoch 12, step 100 | loss 0.24638502299785614
Epoch 12, step 200 | loss 0.21640092134475708
Epoch 12, step 300 | loss 0.20084911584854126
Epoch 12, step 321 | loss 0.19412393867969513
Train loss: 0.2124
[val] Step 38 | Loss 0.1071
Validation loss: 0.1191
Epoch 13/50
Epoch 13, step 100 | loss 0.2539447546005249
Epoch 13, step 200 | loss 0.1990034431219101
Epoch 13, step 300 | loss 0.20353060960769653
Epoch 13, step 321 | loss 0.1652512103319168
Train loss: 0.2101
[val] Step 38 | Loss 0.1133
Validation loss: 0.1266
Epoch 14/50
Epoch 14, step 100 | loss 0.2131674885749817
Epoch 14, step 200 | loss 0.19341371953487396
Epoch 14, step 300 | loss 0.22909359633922577
Epoch 14, step 321 | loss 0.21718138456344604
Train loss: 0.2091
[val] Step 38 | Loss 0.1030
Validation loss: 0.1040
Epoch 15/50
Epoch 15, step 100 | loss 0.19779963791370392
Epoch 15, step 200 | loss 0.24988359212875366
Epoch 15, step 300 | loss 0.24372728168964386
Epoch 15, step 321 | loss 0.2680816948413849
Train loss: 0.2099
[val] Step 38 | Loss 0.1031
Validation loss: 0.1011
Epoch 16/50
Epoch 16, step 100 | loss 0.19594606757164001
Epoch 16, step 200 | loss 0.1709340363740921
Epoch 16, step 300 | loss 0.18394741415977478
Epoch 16, step 321 | loss 0.18688780069351196
Train loss: 0.2103
[val] Step 38 | Loss 0.0782
Validation loss: 0.0838
Epoch 17/50
Epoch 17, step 100 | loss 0.18553172051906586
Epoch 17, step 200 | loss 0.2416345477104187
Epoch 17, step 300 | loss 0.17332585155963898
Epoch 17, step 321 | loss 0.2824316918849945
Train loss: 0.2092
[val] Step 38 | Loss 0.1099
Validation loss: 0.1168
Epoch 18/50
Epoch 18, step 100 | loss 0.21591827273368835
Epoch 18, step 200 | loss 0.211508646607399
Epoch 18, step 300 | loss 0.21614842116832733
Epoch 18, step 321 | loss 0.256156325340271
Train loss: 0.2127
[val] Step 38 | Loss 0.1166
Validation loss: 0.1037
Epoch 19/50
Epoch 19, step 100 | loss 0.19512346386909485
Epoch 19, step 200 | loss 0.25596892833709717
Epoch 19, step 300 | loss 0.19889922440052032
Epoch 19, step 321 | loss 0.22356778383255005
Train loss: 0.2138
[val] Step 38 | Loss 0.0654
Validation loss: 0.0720
Epoch 20/50
Epoch 20, step 100 | loss 0.15364612638950348
Epoch 20, step 200 | loss 0.22365914285182953
Epoch 20, step 300 | loss 0.2164238691329956
Epoch 20, step 321 | loss 0.23291851580142975
Train loss: 0.2074
[val] Step 38 | Loss 0.0710
Validation loss: 0.0608
Epoch 21/50
Epoch 21, step 100 | loss 0.2654012441635132
Epoch 21, step 200 | loss 0.2516729533672333
Epoch 21, step 300 | loss 0.21819521486759186
Epoch 21, step 321 | loss 0.21685297787189484
Train loss: 0.2101
[val] Step 38 | Loss 0.0781
Validation loss: 0.0951
Epoch 22/50
Epoch 22, step 100 | loss 0.21529516577720642
Epoch 22, step 200 | loss 0.21988369524478912
Epoch 22, step 300 | loss 0.1823749989271164
Epoch 22, step 321 | loss 0.16112595796585083
Train loss: 0.2072
[val] Step 38 | Loss 0.1020
Validation loss: 0.0745
Epoch 23/50
Epoch 23, step 100 | loss 0.1587952971458435
Epoch 23, step 200 | loss 0.23126521706581116
Epoch 23, step 300 | loss 0.1726999580860138
Epoch 23, step 321 | loss 0.15305472910404205
Train loss: 0.2084
[val] Step 38 | Loss 0.0876
Validation loss: 0.0755
Epoch 24/50
Epoch 24, step 100 | loss 0.17075452208518982
Epoch 24, step 200 | loss 0.20686930418014526
Epoch 24, step 300 | loss 0.17305465042591095
Epoch 24, step 321 | loss 0.16109617054462433
Train loss: 0.2055
[val] Step 38 | Loss 0.0807
Validation loss: 0.0686
Epoch 25/50
Epoch 25, step 100 | loss 0.23783405125141144
Epoch 25, step 200 | loss 0.17474237084388733
Epoch 25, step 300 | loss 0.17321711778640747
Epoch 25, step 321 | loss 0.21449697017669678
Train loss: 0.2045
[val] Step 38 | Loss 0.0857
Validation loss: 0.0868
Epoch 26/50
Epoch 26, step 100 | loss 0.19100643694400787
Epoch 26, step 200 | loss 0.24010241031646729
Epoch 26, step 300 | loss 0.17646756768226624
Epoch 26, step 321 | loss 0.16137123107910156
Train loss: 0.2045
[val] Step 38 | Loss 0.0829
Validation loss: 0.0801
Epoch 27/50
Epoch 27, step 100 | loss 0.18020473420619965
Epoch 27, step 200 | loss 0.22976171970367432
Epoch 27, step 300 | loss 0.18135380744934082
Epoch 27, step 321 | loss 0.2045903205871582
Train loss: 0.2032
[val] Step 38 | Loss 0.0861
Validation loss: 0.0832
Epoch 28/50
Epoch 28, step 100 | loss 0.1656472086906433
Epoch 28, step 200 | loss 0.26297545433044434
Epoch 28, step 300 | loss 0.19787241518497467
Epoch 28, step 321 | loss 0.21188600361347198
Train loss: 0.2063
[val] Step 38 | Loss 0.0697
Validation loss: 0.0794
Epoch 29/50
Epoch 29, step 100 | loss 0.22928613424301147
Epoch 29, step 200 | loss 0.22795046865940094
Epoch 29, step 300 | loss 0.21066151559352875
Epoch 29, step 321 | loss 0.21524643898010254
Train loss: 0.2054
[val] Step 38 | Loss 0.0696
Validation loss: 0.0800
Epoch 30/50
Epoch 30, step 100 | loss 0.22323362529277802
Epoch 30, step 200 | loss 0.22270962595939636
Epoch 30, step 300 | loss 0.23097628355026245
Epoch 30, step 321 | loss 0.24013517796993256
Train loss: 0.2046
[val] Step 38 | Loss 0.1092
Validation loss: 0.0711
Epoch 31/50
Epoch 31, step 100 | loss 0.19359280169010162
Epoch 31, step 200 | loss 0.19236600399017334
Epoch 31, step 300 | loss 0.22645285725593567
Epoch 31, step 321 | loss 0.15386375784873962
Train loss: 0.2036
[val] Step 38 | Loss 0.0954
Validation loss: 0.0678
Epoch 32/50
Epoch 32, step 100 | loss 0.2267248034477234
Epoch 32, step 200 | loss 0.251544713973999
Epoch 32, step 300 | loss 0.1734820157289505
Epoch 32, step 321 | loss 0.14854925870895386
Train loss: 0.2020
[val] Step 38 | Loss 0.0921
Validation loss: 0.0803
Epoch 33/50
Epoch 33, step 100 | loss 0.19542813301086426
Epoch 33, step 200 | loss 0.21276940405368805
Epoch 33, step 300 | loss 0.2281353920698166
Epoch 33, step 321 | loss 0.19083085656166077
Train loss: 0.2007
[val] Step 38 | Loss 0.0620
Validation loss: 0.0718
Epoch 34/50
Epoch 34, step 100 | loss 0.16185837984085083
Epoch 34, step 200 | loss 0.18103072047233582
Epoch 34, step 300 | loss 0.1649504452943802
Epoch 34, step 321 | loss 0.2148311287164688
Train loss: 0.2012
[val] Step 38 | Loss 0.0670
Validation loss: 0.0618
Epoch 35/50
Epoch 35, step 100 | loss 0.19004906713962555
Epoch 35, step 200 | loss 0.23868484795093536
Epoch 35, step 300 | loss 0.2514747679233551
Epoch 35, step 321 | loss 0.18530885875225067
Train loss: 0.2012
[val] Step 38 | Loss 0.0629
Validation loss: 0.0653
Epoch 36/50
Epoch 36, step 100 | loss 0.2246914654970169
Epoch 36, step 200 | loss 0.19432216882705688
Epoch 36, step 300 | loss 0.24131567776203156
Epoch 36, step 321 | loss 0.23318973183631897
Train loss: 0.1980
[val] Step 38 | Loss 0.0649
Validation loss: 0.0723
Epoch 37/50
Epoch 37, step 100 | loss 0.22880227863788605
Epoch 37, step 200 | loss 0.18532176315784454
Epoch 37, step 300 | loss 0.2160210758447647
Epoch 37, step 321 | loss 0.20085376501083374
Train loss: 0.2053
[val] Step 38 | Loss 0.0633
Validation loss: 0.0694
Epoch 38/50
Epoch 38, step 100 | loss 0.1963106393814087
Epoch 38, step 200 | loss 0.221737802028656
Epoch 38, step 300 | loss 0.2472449541091919
Epoch 38, step 321 | loss 0.1958680897951126
Train loss: 0.2008
[val] Step 38 | Loss 0.0672
Validation loss: 0.0672
Epoch 39/50
Epoch 39, step 100 | loss 0.22868266701698303
Epoch 39, step 200 | loss 0.1889823079109192
Epoch 39, step 300 | loss 0.16140614449977875
Epoch 39, step 321 | loss 0.2230488508939743
Train loss: 0.2005
[val] Step 38 | Loss 0.0869
Validation loss: 0.0829
Epoch 40/50
Epoch 40, step 100 | loss 0.22699816524982452
Epoch 40, step 200 | loss 0.20736169815063477
Epoch 40, step 300 | loss 0.19592154026031494
Epoch 40, step 321 | loss 0.2129640132188797
Train loss: 0.1995
[val] Step 38 | Loss 0.0930
Validation loss: 0.0800
Epoch 41/50
Epoch 41, step 100 | loss 0.25435101985931396
Epoch 41, step 200 | loss 0.16728255152702332
Epoch 41, step 300 | loss 0.1786423623561859
Epoch 41, step 321 | loss 0.2081996202468872
Train loss: 0.2003
[val] Step 38 | Loss 0.0440
Validation loss: 0.0660
Epoch 42/50
Epoch 42, step 100 | loss 0.15440799295902252
Epoch 42, step 200 | loss 0.2157573401927948
Epoch 42, step 300 | loss 0.17791570723056793
Epoch 42, step 321 | loss 0.19095554947853088
Train loss: 0.2000
[val] Step 38 | Loss 0.0667
Validation loss: 0.0640
Epoch 43/50
Epoch 43, step 100 | loss 0.22020314633846283
Epoch 43, step 200 | loss 0.162251278758049
Epoch 43, step 300 | loss 0.17309705913066864
Epoch 43, step 321 | loss 0.22075818479061127
Train loss: 0.2003
[val] Step 38 | Loss 0.0558
Validation loss: 0.0754
Epoch 44/50
Epoch 44, step 100 | loss 0.1717163622379303
Epoch 44, step 200 | loss 0.17602898180484772
Epoch 44, step 300 | loss 0.21186663210391998
Epoch 44, step 321 | loss 0.21215927600860596
Train loss: 0.2006
[val] Step 38 | Loss 0.0556
Validation loss: 0.0579
Epoch 45/50
Epoch 45, step 100 | loss 0.2204001545906067
Epoch 45, step 200 | loss 0.22738535702228546
Epoch 45, step 300 | loss 0.2228715568780899
Epoch 45, step 321 | loss 0.19644246995449066
Train loss: 0.2012
[val] Step 38 | Loss 0.0784
Validation loss: 0.0759
Epoch 46/50
Epoch 46, step 100 | loss 0.256376713514328
Epoch 46, step 200 | loss 0.16938410699367523
Epoch 46, step 300 | loss 0.2561550736427307
Epoch 46, step 321 | loss 0.23457962274551392
Train loss: 0.1979
[val] Step 38 | Loss 0.0682
Validation loss: 0.0675
Epoch 47/50
Epoch 47, step 100 | loss 0.23084348440170288
Epoch 47, step 200 | loss 0.16612203419208527
Epoch 47, step 300 | loss 0.18361015617847443
Epoch 47, step 321 | loss 0.2186809778213501
Train loss: 0.2017
[val] Step 38 | Loss 0.0682
Validation loss: 0.0845
Epoch 48/50
Epoch 48, step 100 | loss 0.17925122380256653
Epoch 48, step 200 | loss 0.21235564351081848
Epoch 48, step 300 | loss 0.2052014321088791
Epoch 48, step 321 | loss 0.18317469954490662
Train loss: 0.1989
[val] Step 38 | Loss 0.0791
Validation loss: 0.0753
Epoch 49/50
Epoch 49, step 100 | loss 0.20759642124176025
Epoch 49, step 200 | loss 0.19195203483104706
Epoch 49, step 300 | loss 0.19873733818531036
Epoch 49, step 321 | loss 0.1854967474937439
Train loss: 0.1967
[val] Step 38 | Loss 0.0771
Validation loss: 0.0623
Epoch 50/50
Epoch 50, step 100 | loss 0.2512510418891907
Epoch 50, step 200 | loss 0.20775456726551056
Epoch 50, step 300 | loss 0.15046033263206482
Epoch 50, step 321 | loss 0.13504528999328613
Train loss: 0.1969
[val] Step 38 | Loss 0.0712
Validation loss: 0.0625
[test] Step 34 | Loss 0.2081
Validation loss: 0.1953
Training end: 2026-01-31_05:45:21. Elapsed time: 8:8.
wandb: uploading artifact mamba-mae; updating run metadata
wandb: uploading artifact mamba-mae
wandb: 
wandb: Run history:
wandb:  test_loss в–Ғ
wandb: train_loss в–Ҳв–„в–…в–Ӯв–…в–Ғв–„в–ғв–„в–…в–Ӯв–…в–Ӯв–ғв–„в–…в–…в–Ғв–„в–ғв–Ӯв–Ӯв–Ғв–Ғв–…в–…в–„в–Ғв–„в–Ӯв–Ӯв–Ӯв–„в–ғв–…в–…в–„в–ғв–ғв–Ӯ
wandb:   val_loss в–Ҳв–Ӯв–Ӯв–Ӯв–Ӯв–Ӯв–Ӯв–Ӯв–Ғв–Ӯв–Ӯв–Ғв–Ғв–Ғв–Ӯв–Ғв–Ғв–Ғв–Ғв–Ғв–Ғв–Ғв–Ғв–Ғв–Ғв–Ғв–Ғв–Ғв–Ғв–Ғв–Ғв–Ғв–Ғв–Ғв–Ғв–Ғв–Ғв–Ғв–Ғв–Ғ
wandb: 
wandb: Run summary:
wandb:  test_loss 0.20806
wandb: train_loss 0.13505
wandb:   val_loss 0.07116
wandb: 
wandb: рҹҡҖ View run Mamba-50 at: https://wandb.ai/emilyzho-usc/ssl-s4/runs/ek7oopls
wandb: вӯҗпёҸ View project at: https://wandb.ai/emilyzho-usc/ssl-s4
wandb: Synced 5 W&B file(s), 0 media file(s), 2 artifact file(s) and 0 other file(s)
wandb: Find logs at: ./wandb/run-20260131_053455-ek7oopls/logs
{'d_input': 2,
 'd_model': 128,
 'd_output': 128,
 'dec_hidden_dims': [128, 64, 32],
 'enc_hidden_dims': [32, 64, 128],
 'mask_ratio': 0.5,
 'n_layers_seq': 6,
 'verbose': False}
Default device set to CUDA.
===============================================================================================
Layer (type:depth-idx)                        Output Shape              Param #
===============================================================================================
MambaMAE                                      [1, 2, 1440]              --
в”ңв”ҖPatchMasking: 1-1                           [1, 2, 1440]              --
в”ңв”ҖConvEncoder: 1-2                            [1, 128, 180]             --
в”Ӯ    в””в”ҖModuleList: 2-1                        --                        --
в”Ӯ    в”Ӯ    в””в”ҖBlockConv: 3-1                    [1, 32, 720]              288
в”Ӯ    в”Ӯ    в””в”ҖBlockConv: 3-2                    [1, 64, 360]              6,336
в”Ӯ    в”Ӯ    в””в”ҖBlockConv: 3-3                    [1, 128, 180]             24,960
в”ңв”ҖMambaModel: 1-3                             [1, 180, 128]             --
в”Ӯ    в””в”ҖLinear: 2-2                            [1, 180, 128]             16,384
в”Ӯ    в””в”ҖModuleList: 2-3                        --                        --
в”Ӯ    в”Ӯ    в””в”ҖMambaBlock: 3-4                   [1, 180, 128]             116,736
в”Ӯ    в”Ӯ    в””в”ҖMambaBlock: 3-5                   [1, 180, 128]             116,736
в”Ӯ    в”Ӯ    в””в”ҖMambaBlock: 3-6                   [1, 180, 128]             116,736
в”Ӯ    в”Ӯ    в””в”ҖMambaBlock: 3-7                   [1, 180, 128]             116,736
в”Ӯ    в”Ӯ    в””в”ҖMambaBlock: 3-8                   [1, 180, 128]             116,736
в”Ӯ    в”Ӯ    в””в”ҖMambaBlock: 3-9                   [1, 180, 128]             116,736
в”Ӯ    в””в”ҖIdentity: 2-4                          [1, 180, 128]             --
в”ңв”ҖLayerNorm: 1-4                              [1, 180, 128]             256
в”ңв”ҖConvDecoder: 1-5                            [1, 2, 1440]              --
в”Ӯ    в””в”ҖModuleList: 2-5                        --                        --
в”Ӯ    в”Ӯ    в””в”ҖBlockConv: 3-10                   [1, 64, 360]              24,768
в”Ӯ    в”Ӯ    в””в”ҖBlockConv: 3-11                   [1, 32, 720]              6,240
в”Ӯ    в”Ӯ    в””в”ҖBlockDecoderLast: 3-12            [1, 2, 1440]              198
===============================================================================================
Total params: 779,846
Trainable params: 779,846
Non-trainable params: 0
Total mult-adds (Units.MEGABYTES): 33.12
===============================================================================================
Input size (MB): 0.01
Forward/backward pass size (MB): 7.04
Params size (MB): 1.39
Estimated Total Size (MB): 8.44
===============================================================================================
Starting training...
Model saved as /home/emilyzho/ssl-physio/models/reconstruction/mamba-mae_50.pt. Exiting.
