nohup: ignoring input
CUDA extension for structured kernels (Cauchy and Vandermonde multiplication) not found. Install by going to extensions/kernels/ and running `python setup.py install`, for improved speed and memory efficiency. Note that the kernel changed for state-spaces 4.0 and must be recompiled.
Falling back on slow Cauchy and Vandermonde kernel. Install at least one of pykeops or the CUDA extension for better speed and memory efficiency.
wandb: Currently logged in as: emilyzho (emilyzho-usc) to https://api.wandb.ai. Use `wandb login --relogin` to force relogin
wandb: setting up run 156g4yz4
wandb: Tracking run with wandb version 0.23.1
wandb: Run data is saved locally in /home/emilyzho/ssl-physio/scripts/training/wandb/run-20260131_053007-156g4yz4
wandb: Run `wandb offline` to turn off syncing.
wandb: Syncing run Mamba-10
wandb: вӯҗпёҸ View project at https://wandb.ai/emilyzho-usc/ssl-s4
wandb: рҹҡҖ View run at https://wandb.ai/emilyzho-usc/ssl-s4/runs/156g4yz4
Trainable params: 0.78 M
Training start: 2026-01-31_05:32:23.
Epoch 1/50
Epoch 1, step 100 | loss 0.0629221647977829
Epoch 1, step 200 | loss 0.05057143047451973
Epoch 1, step 300 | loss 0.06390145421028137
Epoch 1, step 321 | loss 0.04956008121371269
Train loss: 0.0624
[val] Step 38 | Loss 1.2694
Validation loss: 1.3578
Epoch 2/50
Epoch 2, step 100 | loss 0.029031019657850266
Epoch 2, step 200 | loss 0.05037856847047806
Epoch 2, step 300 | loss 0.02571677416563034
Epoch 2, step 321 | loss 0.04866233095526695
Train loss: 0.0358
[val] Step 38 | Loss 0.3072
Validation loss: 0.3247
Epoch 3/50
Epoch 3, step 100 | loss 0.013665332458913326
Epoch 3, step 200 | loss 0.021245108917355537
Epoch 3, step 300 | loss 0.03989516571164131
Epoch 3, step 321 | loss 0.020636003464460373
Train loss: 0.0313
[val] Step 38 | Loss 0.2426
Validation loss: 0.2210
Epoch 4/50
Epoch 4, step 100 | loss 0.02401074953377247
Epoch 4, step 200 | loss 0.02639521099627018
Epoch 4, step 300 | loss 0.03288043662905693
Epoch 4, step 321 | loss 0.015196966007351875
Train loss: 0.0290
[val] Step 38 | Loss 0.1204
Validation loss: 0.1233
Epoch 5/50
Epoch 5, step 100 | loss 0.05225176364183426
Epoch 5, step 200 | loss 0.029422618448734283
Epoch 5, step 300 | loss 0.020308030769228935
Epoch 5, step 321 | loss 0.02828049100935459
Train loss: 0.0279
[val] Step 38 | Loss 0.0889
Validation loss: 0.1034
Epoch 6/50
Epoch 6, step 100 | loss 0.02993438020348549
Epoch 6, step 200 | loss 0.03357382118701935
Epoch 6, step 300 | loss 0.025544125586748123
Epoch 6, step 321 | loss 0.024618711322546005
Train loss: 0.0270
[val] Step 38 | Loss 0.0942
Validation loss: 0.0864
Epoch 7/50
Epoch 7, step 100 | loss 0.03562110289931297
Epoch 7, step 200 | loss 0.02209080383181572
Epoch 7, step 300 | loss 0.02793964557349682
Epoch 7, step 321 | loss 0.024123666808009148
Train loss: 0.0259
[val] Step 38 | Loss 0.0560
Validation loss: 0.0742
Epoch 8/50
Epoch 8, step 100 | loss 0.022624529898166656
Epoch 8, step 200 | loss 0.023350022733211517
Epoch 8, step 300 | loss 0.03236144036054611
Epoch 8, step 321 | loss 0.019109098240733147
Train loss: 0.0253
[val] Step 38 | Loss 0.0664
Validation loss: 0.0645
Epoch 9/50
Epoch 9, step 100 | loss 0.01947329193353653
Epoch 9, step 200 | loss 0.02571365050971508
Epoch 9, step 300 | loss 0.025933319702744484
Epoch 9, step 321 | loss 0.019461708143353462
Train loss: 0.0235
[val] Step 38 | Loss 0.0638
Validation loss: 0.0712
Epoch 10/50
Epoch 10, step 100 | loss 0.017788773402571678
Epoch 10, step 200 | loss 0.013279719278216362
Epoch 10, step 300 | loss 0.013120301999151707
Epoch 10, step 321 | loss 0.026406709104776382
Train loss: 0.0233
[val] Step 38 | Loss 0.0674
Validation loss: 0.0598
Epoch 11/50
Epoch 11, step 100 | loss 0.029509857296943665
Epoch 11, step 200 | loss 0.019082747399806976
Epoch 11, step 300 | loss 0.019657427445054054
Epoch 11, step 321 | loss 0.01785965822637081
Train loss: 0.0231
[val] Step 38 | Loss 0.0682
Validation loss: 0.0647
Epoch 12/50
Epoch 12, step 100 | loss 0.013343586586415768
Epoch 12, step 200 | loss 0.04157089814543724
Epoch 12, step 300 | loss 0.048770345747470856
Epoch 12, step 321 | loss 0.011501350440084934
Train loss: 0.0230
[val] Step 38 | Loss 0.0558
Validation loss: 0.0547
Epoch 13/50
Epoch 13, step 100 | loss 0.022956619039177895
Epoch 13, step 200 | loss 0.02682069130241871
Epoch 13, step 300 | loss 0.015008044429123402
Epoch 13, step 321 | loss 0.016853798180818558
Train loss: 0.0223
[val] Step 38 | Loss 0.0561
Validation loss: 0.0544
Epoch 14/50
Epoch 14, step 100 | loss 0.021035153418779373
Epoch 14, step 200 | loss 0.023269902914762497
Epoch 14, step 300 | loss 0.016538692638278008
Epoch 14, step 321 | loss 0.018516043201088905
Train loss: 0.0224
[val] Step 38 | Loss 0.0376
Validation loss: 0.0516
Epoch 15/50
Epoch 15, step 100 | loss 0.02151099406182766
Epoch 15, step 200 | loss 0.011545224115252495
Epoch 15, step 300 | loss 0.02333657257258892
Epoch 15, step 321 | loss 0.03588942810893059
Train loss: 0.0219
[val] Step 38 | Loss 0.0393
Validation loss: 0.0449
Epoch 16/50
Epoch 16, step 100 | loss 0.02247016690671444
Epoch 16, step 200 | loss 0.03667188435792923
Epoch 16, step 300 | loss 0.017475632950663567
Epoch 16, step 321 | loss 0.01876920461654663
Train loss: 0.0217
[val] Step 38 | Loss 0.0587
Validation loss: 0.0488
Epoch 17/50
Epoch 17, step 100 | loss 0.017848243936896324
Epoch 17, step 200 | loss 0.030496928840875626
Epoch 17, step 300 | loss 0.0223877914249897
Epoch 17, step 321 | loss 0.025105122476816177
Train loss: 0.0215
[val] Step 38 | Loss 0.0562
Validation loss: 0.0554
Epoch 18/50
Epoch 18, step 100 | loss 0.02688303031027317
Epoch 18, step 200 | loss 0.01734401471912861
Epoch 18, step 300 | loss 0.02061639353632927
Epoch 18, step 321 | loss 0.02248794212937355
Train loss: 0.0215
[val] Step 38 | Loss 0.0792
Validation loss: 0.0522
Epoch 19/50
Epoch 19, step 100 | loss 0.01622578501701355
Epoch 19, step 200 | loss 0.01836782693862915
Epoch 19, step 300 | loss 0.0066980323754251
Epoch 19, step 321 | loss 0.015160351060330868
Train loss: 0.0211
[val] Step 38 | Loss 0.0554
Validation loss: 0.0479
Epoch 20/50
Epoch 20, step 100 | loss 0.014270816929638386
Epoch 20, step 200 | loss 0.017594074830412865
Epoch 20, step 300 | loss 0.026795657351613045
Epoch 20, step 321 | loss 0.011217464692890644
Train loss: 0.0203
[val] Step 38 | Loss 0.0714
Validation loss: 0.0567
Epoch 21/50
Epoch 21, step 100 | loss 0.02616138756275177
Epoch 21, step 200 | loss 0.01818041130900383
Epoch 21, step 300 | loss 0.011505757458508015
Epoch 21, step 321 | loss 0.01934165507555008
Train loss: 0.0211
[val] Step 38 | Loss 0.0476
Validation loss: 0.0511
Epoch 22/50
Epoch 22, step 100 | loss 0.028389431536197662
Epoch 22, step 200 | loss 0.015188416466116905
Epoch 22, step 300 | loss 0.017724009230732918
Epoch 22, step 321 | loss 0.017183298245072365
Train loss: 0.0204
[val] Step 38 | Loss 0.0761
Validation loss: 0.0536
Epoch 23/50
Epoch 23, step 100 | loss 0.011957500129938126
Epoch 23, step 200 | loss 0.029123937711119652
Epoch 23, step 300 | loss 0.015552425757050514
Epoch 23, step 321 | loss 0.017100388184189796
Train loss: 0.0199
[val] Step 38 | Loss 0.0403
Validation loss: 0.0454
Epoch 24/50
Epoch 24, step 100 | loss 0.03956732153892517
Epoch 24, step 200 | loss 0.038284361362457275
Epoch 24, step 300 | loss 0.01094555202871561
Epoch 24, step 321 | loss 0.015093626454472542
Train loss: 0.0204
[val] Step 38 | Loss 0.0549
Validation loss: 0.0508
Epoch 25/50
Epoch 25, step 100 | loss 0.031501658260822296
Epoch 25, step 200 | loss 0.024499692022800446
Epoch 25, step 300 | loss 0.017741495743393898
Epoch 25, step 321 | loss 0.011004215106368065
Train loss: 0.0203
[val] Step 38 | Loss 0.0480
Validation loss: 0.0450
Epoch 26/50
Epoch 26, step 100 | loss 0.014546818099915981
Epoch 26, step 200 | loss 0.019751453772187233
Epoch 26, step 300 | loss 0.03295256942510605
Epoch 26, step 321 | loss 0.013726319186389446
Train loss: 0.0198
[val] Step 38 | Loss 0.0547
Validation loss: 0.0487
Epoch 27/50
Epoch 27, step 100 | loss 0.028223764151334763
Epoch 27, step 200 | loss 0.022601529955863953
Epoch 27, step 300 | loss 0.01419449970126152
Epoch 27, step 321 | loss 0.026935623958706856
Train loss: 0.0214
[val] Step 38 | Loss 0.0374
Validation loss: 0.0441
Epoch 28/50
Epoch 28, step 100 | loss 0.026441948488354683
Epoch 28, step 200 | loss 0.031033135950565338
Epoch 28, step 300 | loss 0.021255578845739365
Epoch 28, step 321 | loss 0.03485606983304024
Train loss: 0.0193
[val] Step 38 | Loss 0.0447
Validation loss: 0.0539
Epoch 29/50
Epoch 29, step 100 | loss 0.029912760481238365
Epoch 29, step 200 | loss 0.01838560216128826
Epoch 29, step 300 | loss 0.023338519036769867
Epoch 29, step 321 | loss 0.01988992467522621
Train loss: 0.0198
[val] Step 38 | Loss 0.0615
Validation loss: 0.0523
Epoch 30/50
Epoch 30, step 100 | loss 0.02109176106750965
Epoch 30, step 200 | loss 0.01730482652783394
Epoch 30, step 300 | loss 0.012054414488375187
Epoch 30, step 321 | loss 0.013260859996080399
Train loss: 0.0194
[val] Step 38 | Loss 0.0631
Validation loss: 0.0586
Epoch 31/50
Epoch 31, step 100 | loss 0.014585165306925774
Epoch 31, step 200 | loss 0.024036718532443047
Epoch 31, step 300 | loss 0.019195543602108955
Epoch 31, step 321 | loss 0.013162684626877308
Train loss: 0.0199
[val] Step 38 | Loss 0.0645
Validation loss: 0.0528
Epoch 32/50
Epoch 32, step 100 | loss 0.012208109721541405
Epoch 32, step 200 | loss 0.02339000813663006
Epoch 32, step 300 | loss 0.027070559561252594
Epoch 32, step 321 | loss 0.010743869468569756
Train loss: 0.0196
[val] Step 38 | Loss 0.0859
Validation loss: 0.0586
Epoch 33/50
Epoch 33, step 100 | loss 0.015378727577626705
Epoch 33, step 200 | loss 0.01912178471684456
Epoch 33, step 300 | loss 0.019105244427919388
Epoch 33, step 321 | loss 0.018471529707312584
Train loss: 0.0199
[val] Step 38 | Loss 0.0583
Validation loss: 0.0507
Epoch 34/50
Epoch 34, step 100 | loss 0.013805719092488289
Epoch 34, step 200 | loss 0.025727175176143646
Epoch 34, step 300 | loss 0.019152069464325905
Epoch 34, step 321 | loss 0.012916839681565762
Train loss: 0.0201
[val] Step 38 | Loss 0.0445
Validation loss: 0.0538
Epoch 35/50
Epoch 35, step 100 | loss 0.015038182027637959
Epoch 35, step 200 | loss 0.018237167969346046
Epoch 35, step 300 | loss 0.013939865864813328
Epoch 35, step 321 | loss 0.01352922897785902
Train loss: 0.0192
[val] Step 38 | Loss 0.0686
Validation loss: 0.0611
Epoch 36/50
Epoch 36, step 100 | loss 0.024131108075380325
Epoch 36, step 200 | loss 0.024524541571736336
Epoch 36, step 300 | loss 0.01862339675426483
Epoch 36, step 321 | loss 0.01829223334789276
Train loss: 0.0197
[val] Step 38 | Loss 0.0358
Validation loss: 0.0461
Epoch 37/50
Epoch 37, step 100 | loss 0.011493979953229427
Epoch 37, step 200 | loss 0.020968113094568253
Epoch 37, step 300 | loss 0.021891014650464058
Epoch 37, step 321 | loss 0.01980428956449032
Train loss: 0.0189
[val] Step 38 | Loss 0.0339
Validation loss: 0.0527
Epoch 38/50
Epoch 38, step 100 | loss 0.03963474556803703
Epoch 38, step 200 | loss 0.008836020715534687
Epoch 38, step 300 | loss 0.012949111871421337
Epoch 38, step 321 | loss 0.020094431936740875
Train loss: 0.0185
[val] Step 38 | Loss 0.0474
Validation loss: 0.0447
Epoch 39/50
Epoch 39, step 100 | loss 0.01766582950949669
Epoch 39, step 200 | loss 0.009533788077533245
Epoch 39, step 300 | loss 0.015606419183313847
Epoch 39, step 321 | loss 0.026393607258796692
Train loss: 0.0190
[val] Step 38 | Loss 0.0387
Validation loss: 0.0457
Epoch 40/50
Epoch 40, step 100 | loss 0.02827460505068302
Epoch 40, step 200 | loss 0.015255346894264221
Epoch 40, step 300 | loss 0.01310141384601593
Epoch 40, step 321 | loss 0.017854224890470505
Train loss: 0.0194
[val] Step 38 | Loss 0.0594
Validation loss: 0.0460
Epoch 41/50
Epoch 41, step 100 | loss 0.03209696337580681
Epoch 41, step 200 | loss 0.013010755181312561
Epoch 41, step 300 | loss 0.01565377414226532
Epoch 41, step 321 | loss 0.027216298505663872
Train loss: 0.0186
[val] Step 38 | Loss 0.0444
Validation loss: 0.0417
Epoch 42/50
Epoch 42, step 100 | loss 0.015028770081698895
Epoch 42, step 200 | loss 0.020911864936351776
Epoch 42, step 300 | loss 0.018764179199934006
Epoch 42, step 321 | loss 0.014946425333619118
Train loss: 0.0184
[val] Step 38 | Loss 0.0612
Validation loss: 0.0511
Epoch 43/50
Epoch 43, step 100 | loss 0.013488196767866611
Epoch 43, step 200 | loss 0.015939170494675636
Epoch 43, step 300 | loss 0.008838954381644726
Epoch 43, step 321 | loss 0.024557828903198242
Train loss: 0.0179
[val] Step 38 | Loss 0.0351
Validation loss: 0.0479
Epoch 44/50
Epoch 44, step 100 | loss 0.027818385511636734
Epoch 44, step 200 | loss 0.020291350781917572
Epoch 44, step 300 | loss 0.018199020996689796
Epoch 44, step 321 | loss 0.023841744288802147
Train loss: 0.0188
[val] Step 38 | Loss 0.0481
Validation loss: 0.0395
Epoch 45/50
Epoch 45, step 100 | loss 0.026090513914823532
Epoch 45, step 200 | loss 0.018439216539263725
Epoch 45, step 300 | loss 0.013547140173614025
Epoch 45, step 321 | loss 0.022946136072278023
Train loss: 0.0193
[val] Step 38 | Loss 0.0880
Validation loss: 0.0569
Epoch 46/50
Epoch 46, step 100 | loss 0.032208219170570374
Epoch 46, step 200 | loss 0.016094975173473358
Epoch 46, step 300 | loss 0.02605048380792141
Epoch 46, step 321 | loss 0.024912163615226746
Train loss: 0.0188
[val] Step 38 | Loss 0.0640
Validation loss: 0.0632
Epoch 47/50
Epoch 47, step 100 | loss 0.015783000737428665
Epoch 47, step 200 | loss 0.011424440890550613
Epoch 47, step 300 | loss 0.03285051882266998
Epoch 47, step 321 | loss 0.013455546461045742
Train loss: 0.0184
[val] Step 38 | Loss 0.0532
Validation loss: 0.0668
Epoch 48/50
Epoch 48, step 100 | loss 0.024770358577370644
Epoch 48, step 200 | loss 0.016487887129187584
Epoch 48, step 300 | loss 0.02656463533639908
Epoch 48, step 321 | loss 0.009417347609996796
Train loss: 0.0186
[val] Step 38 | Loss 0.0434
Validation loss: 0.0527
Epoch 49/50
Epoch 49, step 100 | loss 0.010358542203903198
Epoch 49, step 200 | loss 0.013551660813391209
Epoch 49, step 300 | loss 0.017069989815354347
Epoch 49, step 321 | loss 0.024813396856188774
Train loss: 0.0190
[val] Step 38 | Loss 0.0530
Validation loss: 0.0537
Epoch 50/50
Epoch 50, step 100 | loss 0.01493852585554123
Epoch 50, step 200 | loss 0.014463926665484905
Epoch 50, step 300 | loss 0.013668357394635677
Epoch 50, step 321 | loss 0.029849061742424965
Train loss: 0.0185
[val] Step 38 | Loss 0.0597
Validation loss: 0.0691
[test] Step 34 | Loss 0.0605
Validation loss: 0.0188
Training end: 2026-01-31_05:40:25. Elapsed time: 8:2.
wandb: uploading artifact mamba-mae; updating run metadata
wandb: uploading artifact mamba-mae; uploading config.yaml
wandb: uploading artifact mamba-mae
wandb: 
wandb: Run history:
wandb:  test_loss в–Ғ
wandb: train_loss в–Ҳв–Ҳв–Ҷв–…в–ғв–„в–ғв–ғв–Ғв–ғв–Ӯв–Ӯв–„в–ғв–ғв–ғв–ғв–…в–Ғв–„в–ғв–Ӯв–Ғв–ғв–Ғв–Ӯв–Ғв–Ӯв–Ӯв–Ғв–„в–Ӯв–Ӯв–Ӯв–ғв–Ғв–Ғв–Ӯв–Ғв–Ӯ
wandb:   val_loss в–Ҳв–ғв–Ғв–Ғв–Ғв–Ғв–Ғв–Ғв–Ғв–Ғв–Ғв–Ғв–Ғв–Ғв–Ғв–Ғв–Ғв–Ғв–Ғв–Ғв–Ғв–Ғв–Ғв–Ғв–Ғв–Ғв–Ғв–Ғв–Ғв–Ғв–Ғв–Ғв–Ғв–Ғв–Ғв–Ғв–Ғв–Ғв–Ғв–Ғ
wandb: 
wandb: Run summary:
wandb:  test_loss 0.06055
wandb: train_loss 0.02985
wandb:   val_loss 0.05973
wandb: 
wandb: рҹҡҖ View run Mamba-10 at: https://wandb.ai/emilyzho-usc/ssl-s4/runs/156g4yz4
wandb: вӯҗпёҸ View project at: https://wandb.ai/emilyzho-usc/ssl-s4
wandb: Synced 5 W&B file(s), 0 media file(s), 2 artifact file(s) and 0 other file(s)
wandb: Find logs at: ./wandb/run-20260131_053007-156g4yz4/logs
{'d_input': 2,
 'd_model': 128,
 'd_output': 128,
 'dec_hidden_dims': [128, 64, 32],
 'enc_hidden_dims': [32, 64, 128],
 'mask_ratio': 0.1,
 'n_layers_seq': 6,
 'verbose': False}
Default device set to CUDA.
===============================================================================================
Layer (type:depth-idx)                        Output Shape              Param #
===============================================================================================
MambaMAE                                      [1, 2, 1440]              --
в”ңв”ҖPatchMasking: 1-1                           [1, 2, 1440]              --
в”ңв”ҖConvEncoder: 1-2                            [1, 128, 180]             --
в”Ӯ    в””в”ҖModuleList: 2-1                        --                        --
в”Ӯ    в”Ӯ    в””в”ҖBlockConv: 3-1                    [1, 32, 720]              288
в”Ӯ    в”Ӯ    в””в”ҖBlockConv: 3-2                    [1, 64, 360]              6,336
в”Ӯ    в”Ӯ    в””в”ҖBlockConv: 3-3                    [1, 128, 180]             24,960
в”ңв”ҖMambaModel: 1-3                             [1, 180, 128]             --
в”Ӯ    в””в”ҖLinear: 2-2                            [1, 180, 128]             16,384
в”Ӯ    в””в”ҖModuleList: 2-3                        --                        --
в”Ӯ    в”Ӯ    в””в”ҖMambaBlock: 3-4                   [1, 180, 128]             116,736
в”Ӯ    в”Ӯ    в””в”ҖMambaBlock: 3-5                   [1, 180, 128]             116,736
в”Ӯ    в”Ӯ    в””в”ҖMambaBlock: 3-6                   [1, 180, 128]             116,736
в”Ӯ    в”Ӯ    в””в”ҖMambaBlock: 3-7                   [1, 180, 128]             116,736
в”Ӯ    в”Ӯ    в””в”ҖMambaBlock: 3-8                   [1, 180, 128]             116,736
в”Ӯ    в”Ӯ    в””в”ҖMambaBlock: 3-9                   [1, 180, 128]             116,736
в”Ӯ    в””в”ҖIdentity: 2-4                          [1, 180, 128]             --
в”ңв”ҖLayerNorm: 1-4                              [1, 180, 128]             256
в”ңв”ҖConvDecoder: 1-5                            [1, 2, 1440]              --
в”Ӯ    в””в”ҖModuleList: 2-5                        --                        --
в”Ӯ    в”Ӯ    в””в”ҖBlockConv: 3-10                   [1, 64, 360]              24,768
в”Ӯ    в”Ӯ    в””в”ҖBlockConv: 3-11                   [1, 32, 720]              6,240
в”Ӯ    в”Ӯ    в””в”ҖBlockDecoderLast: 3-12            [1, 2, 1440]              198
===============================================================================================
Total params: 779,846
Trainable params: 779,846
Non-trainable params: 0
Total mult-adds (Units.MEGABYTES): 33.12
===============================================================================================
Input size (MB): 0.01
Forward/backward pass size (MB): 7.04
Params size (MB): 1.39
Estimated Total Size (MB): 8.44
===============================================================================================
Starting training...
Model saved as /home/emilyzho/ssl-physio/models/reconstruction/mamba-mae_10.pt. Exiting.
