nohup: ignoring input
CUDA extension for structured kernels (Cauchy and Vandermonde multiplication) not found. Install by going to extensions/kernels/ and running `python setup.py install`, for improved speed and memory efficiency. Note that the kernel changed for state-spaces 4.0 and must be recompiled.
Falling back on slow Cauchy and Vandermonde kernel. Install at least one of pykeops or the CUDA extension for better speed and memory efficiency.
wandb: Currently logged in as: emilyzho (emilyzho-usc) to https://api.wandb.ai. Use `wandb login --relogin` to force relogin
wandb: setting up run 0q8hg4t1
wandb: Tracking run with wandb version 0.23.1
wandb: Run data is saved locally in /home/emilyzho/ssl-physio/scripts/training/wandb/run-20260131_053329-0q8hg4t1
wandb: Run `wandb offline` to turn off syncing.
wandb: Syncing run Mamba-30
wandb: вӯҗпёҸ View project at https://wandb.ai/emilyzho-usc/ssl-s4
wandb: рҹҡҖ View run at https://wandb.ai/emilyzho-usc/ssl-s4/runs/0q8hg4t1
Trainable params: 0.78 M
Training start: 2026-01-31_05:35:42.
Epoch 1/50
Epoch 1, step 100 | loss 0.18410831689834595
Epoch 1, step 200 | loss 0.17552891373634338
Epoch 1, step 300 | loss 0.15992701053619385
Epoch 1, step 321 | loss 0.12547288835048676
Train loss: 0.1994
[val] Step 38 | Loss 0.5808
Validation loss: 0.6574
Epoch 2/50
Epoch 2, step 100 | loss 0.12792198359966278
Epoch 2, step 200 | loss 0.1443532556295395
Epoch 2, step 300 | loss 0.16305577754974365
Epoch 2, step 321 | loss 0.11958836019039154
Train loss: 0.1246
[val] Step 38 | Loss 0.1028
Validation loss: 0.0888
Epoch 3/50
Epoch 3, step 100 | loss 0.09623727202415466
Epoch 3, step 200 | loss 0.08175232261419296
Epoch 3, step 300 | loss 0.08840131759643555
Epoch 3, step 321 | loss 0.11821675300598145
Train loss: 0.1139
[val] Step 38 | Loss 0.0773
Validation loss: 0.0731
Epoch 4/50
Epoch 4, step 100 | loss 0.10648725926876068
Epoch 4, step 200 | loss 0.08988096565008163
Epoch 4, step 300 | loss 0.10708919167518616
Epoch 4, step 321 | loss 0.06644958257675171
Train loss: 0.1118
[val] Step 38 | Loss 0.0635
Validation loss: 0.0630
Epoch 5/50
Epoch 5, step 100 | loss 0.1008993610739708
Epoch 5, step 200 | loss 0.1064043715596199
Epoch 5, step 300 | loss 0.11088807880878448
Epoch 5, step 321 | loss 0.0883583202958107
Train loss: 0.1085
[val] Step 38 | Loss 0.0877
Validation loss: 0.0836
Epoch 6/50
Epoch 6, step 100 | loss 0.11598695069551468
Epoch 6, step 200 | loss 0.11034492403268814
Epoch 6, step 300 | loss 0.10698842257261276
Epoch 6, step 321 | loss 0.15668103098869324
Train loss: 0.1063
[val] Step 38 | Loss 0.0713
Validation loss: 0.0722
Epoch 7/50
Epoch 7, step 100 | loss 0.08036316186189651
Epoch 7, step 200 | loss 0.12355334311723709
Epoch 7, step 300 | loss 0.12471519410610199
Epoch 7, step 321 | loss 0.058547161519527435
Train loss: 0.1009
[val] Step 38 | Loss 0.0358
Validation loss: 0.0557
Epoch 8/50
Epoch 8, step 100 | loss 0.08564728498458862
Epoch 8, step 200 | loss 0.09137670695781708
Epoch 8, step 300 | loss 0.09912655502557755
Epoch 8, step 321 | loss 0.09177668392658234
Train loss: 0.1000
[val] Step 38 | Loss 0.0475
Validation loss: 0.0550
Epoch 9/50
Epoch 9, step 100 | loss 0.09310150146484375
Epoch 9, step 200 | loss 0.06741806119680405
Epoch 9, step 300 | loss 0.10854268819093704
Epoch 9, step 321 | loss 0.08795309066772461
Train loss: 0.1008
[val] Step 38 | Loss 0.0785
Validation loss: 0.0696
Epoch 10/50
Epoch 10, step 100 | loss 0.11423103511333466
Epoch 10, step 200 | loss 0.12366966903209686
Epoch 10, step 300 | loss 0.08391767740249634
Epoch 10, step 321 | loss 0.08652098476886749
Train loss: 0.0987
[val] Step 38 | Loss 0.0917
Validation loss: 0.0702
Epoch 11/50
Epoch 11, step 100 | loss 0.09978065639734268
Epoch 11, step 200 | loss 0.08683697879314423
Epoch 11, step 300 | loss 0.094790980219841
Epoch 11, step 321 | loss 0.09717746824026108
Train loss: 0.0982
[val] Step 38 | Loss 0.0790
Validation loss: 0.0690
Epoch 12/50
Epoch 12, step 100 | loss 0.08165590465068817
Epoch 12, step 200 | loss 0.08916490525007248
Epoch 12, step 300 | loss 0.08579828590154648
Epoch 12, step 321 | loss 0.08308686316013336
Train loss: 0.0990
[val] Step 38 | Loss 0.0434
Validation loss: 0.0477
Epoch 13/50
Epoch 13, step 100 | loss 0.10445281118154526
Epoch 13, step 200 | loss 0.08746533840894699
Epoch 13, step 300 | loss 0.08183757215738297
Epoch 13, step 321 | loss 0.1004134863615036
Train loss: 0.0974
[val] Step 38 | Loss 0.0472
Validation loss: 0.0513
Epoch 14/50
Epoch 14, step 100 | loss 0.09850102663040161
Epoch 14, step 200 | loss 0.10672567784786224
Epoch 14, step 300 | loss 0.09290220588445663
Epoch 14, step 321 | loss 0.07857025414705276
Train loss: 0.0950
[val] Step 38 | Loss 0.0563
Validation loss: 0.0512
Epoch 15/50
Epoch 15, step 100 | loss 0.0837082639336586
Epoch 15, step 200 | loss 0.06811162084341049
Epoch 15, step 300 | loss 0.09354202449321747
Epoch 15, step 321 | loss 0.0856463834643364
Train loss: 0.0957
[val] Step 38 | Loss 0.0530
Validation loss: 0.0581
Epoch 16/50
Epoch 16, step 100 | loss 0.07488884031772614
Epoch 16, step 200 | loss 0.07972884178161621
Epoch 16, step 300 | loss 0.08556772023439407
Epoch 16, step 321 | loss 0.07594732940196991
Train loss: 0.0952
[val] Step 38 | Loss 0.0676
Validation loss: 0.0539
Epoch 17/50
Epoch 17, step 100 | loss 0.08193933218717575
Epoch 17, step 200 | loss 0.09534528851509094
Epoch 17, step 300 | loss 0.08557359874248505
Epoch 17, step 321 | loss 0.09565999358892441
Train loss: 0.0945
[val] Step 38 | Loss 0.0434
Validation loss: 0.0525
Epoch 18/50
Epoch 18, step 100 | loss 0.07978730648756027
Epoch 18, step 200 | loss 0.08002547174692154
Epoch 18, step 300 | loss 0.0968005508184433
Epoch 18, step 321 | loss 0.06903363019227982
Train loss: 0.0936
[val] Step 38 | Loss 0.0642
Validation loss: 0.0521
Epoch 19/50
Epoch 19, step 100 | loss 0.0777735486626625
Epoch 19, step 200 | loss 0.0990874171257019
Epoch 19, step 300 | loss 0.10169973969459534
Epoch 19, step 321 | loss 0.08865217864513397
Train loss: 0.0930
[val] Step 38 | Loss 0.0447
Validation loss: 0.0493
Epoch 20/50
Epoch 20, step 100 | loss 0.10993944853544235
Epoch 20, step 200 | loss 0.08226875960826874
Epoch 20, step 300 | loss 0.11846762895584106
Epoch 20, step 321 | loss 0.10992137342691422
Train loss: 0.0931
[val] Step 38 | Loss 0.0643
Validation loss: 0.0515
Epoch 21/50
Epoch 21, step 100 | loss 0.10883711278438568
Epoch 21, step 200 | loss 0.0744243860244751
Epoch 21, step 300 | loss 0.06896287947893143
Epoch 21, step 321 | loss 0.07095731049776077
Train loss: 0.0941
[val] Step 38 | Loss 0.0530
Validation loss: 0.0431
Epoch 22/50
Epoch 22, step 100 | loss 0.08442626893520355
Epoch 22, step 200 | loss 0.09175743907690048
Epoch 22, step 300 | loss 0.11178954690694809
Epoch 22, step 321 | loss 0.10157740116119385
Train loss: 0.0939
[val] Step 38 | Loss 0.0812
Validation loss: 0.0479
Epoch 23/50
Epoch 23, step 100 | loss 0.11372078210115433
Epoch 23, step 200 | loss 0.07201378047466278
Epoch 23, step 300 | loss 0.10255110263824463
Epoch 23, step 321 | loss 0.0736381784081459
Train loss: 0.0920
[val] Step 38 | Loss 0.0591
Validation loss: 0.0420
Epoch 24/50
Epoch 24, step 100 | loss 0.08168052136898041
Epoch 24, step 200 | loss 0.06521978229284286
Epoch 24, step 300 | loss 0.09260524064302444
Epoch 24, step 321 | loss 0.13368159532546997
Train loss: 0.0913
[val] Step 38 | Loss 0.0439
Validation loss: 0.0403
Epoch 25/50
Epoch 25, step 100 | loss 0.09596606343984604
Epoch 25, step 200 | loss 0.0952097624540329
Epoch 25, step 300 | loss 0.11072466522455215
Epoch 25, step 321 | loss 0.09932512044906616
Train loss: 0.0920
[val] Step 38 | Loss 0.0911
Validation loss: 0.0492
Epoch 26/50
Epoch 26, step 100 | loss 0.15640735626220703
Epoch 26, step 200 | loss 0.07368750125169754
Epoch 26, step 300 | loss 0.09106850624084473
Epoch 26, step 321 | loss 0.05499541759490967
Train loss: 0.0931
[val] Step 38 | Loss 0.0394
Validation loss: 0.0432
Epoch 27/50
Epoch 27, step 100 | loss 0.07472126185894012
Epoch 27, step 200 | loss 0.06519484519958496
Epoch 27, step 300 | loss 0.0858401507139206
Epoch 27, step 321 | loss 0.12328928709030151
Train loss: 0.0895
[val] Step 38 | Loss 0.0569
Validation loss: 0.0467
Epoch 28/50
Epoch 28, step 100 | loss 0.07092145085334778
Epoch 28, step 200 | loss 0.08205476403236389
Epoch 28, step 300 | loss 0.08435682207345963
Epoch 28, step 321 | loss 0.09635456651449203
Train loss: 0.0918
[val] Step 38 | Loss 0.0334
Validation loss: 0.0479
Epoch 29/50
Epoch 29, step 100 | loss 0.11090077459812164
Epoch 29, step 200 | loss 0.06847449392080307
Epoch 29, step 300 | loss 0.09042001515626907
Epoch 29, step 321 | loss 0.08804723620414734
Train loss: 0.0901
[val] Step 38 | Loss 0.0480
Validation loss: 0.0416
Epoch 30/50
Epoch 30, step 100 | loss 0.10567129403352737
Epoch 30, step 200 | loss 0.08347555994987488
Epoch 30, step 300 | loss 0.0855342447757721
Epoch 30, step 321 | loss 0.09521268308162689
Train loss: 0.0917
[val] Step 38 | Loss 0.0527
Validation loss: 0.0416
Epoch 31/50
Epoch 31, step 100 | loss 0.07729045301675797
Epoch 31, step 200 | loss 0.08087585121393204
Epoch 31, step 300 | loss 0.09173011779785156
Epoch 31, step 321 | loss 0.1453210562467575
Train loss: 0.0934
[val] Step 38 | Loss 0.0651
Validation loss: 0.0474
Epoch 32/50
Epoch 32, step 100 | loss 0.0950419157743454
Epoch 32, step 200 | loss 0.07411211729049683
Epoch 32, step 300 | loss 0.08893057703971863
Epoch 32, step 321 | loss 0.10640621185302734
Train loss: 0.0904
[val] Step 38 | Loss 0.0526
Validation loss: 0.0485
Epoch 33/50
Epoch 33, step 100 | loss 0.07546202838420868
Epoch 33, step 200 | loss 0.07085583359003067
Epoch 33, step 300 | loss 0.10062116384506226
Epoch 33, step 321 | loss 0.09151124209165573
Train loss: 0.0889
[val] Step 38 | Loss 0.0779
Validation loss: 0.0500
Epoch 34/50
Epoch 34, step 100 | loss 0.10992710292339325
Epoch 34, step 200 | loss 0.12031572312116623
Epoch 34, step 300 | loss 0.06800401955842972
Epoch 34, step 321 | loss 0.0576622411608696
Train loss: 0.0899
[val] Step 38 | Loss 0.0405
Validation loss: 0.0430
Epoch 35/50
Epoch 35, step 100 | loss 0.06877874583005905
Epoch 35, step 200 | loss 0.07326377183198929
Epoch 35, step 300 | loss 0.08250480145215988
Epoch 35, step 321 | loss 0.0970635712146759
Train loss: 0.0898
[val] Step 38 | Loss 0.0345
Validation loss: 0.0416
Epoch 36/50
Epoch 36, step 100 | loss 0.10475077480077744
Epoch 36, step 200 | loss 0.1065601035952568
Epoch 36, step 300 | loss 0.09895424544811249
Epoch 36, step 321 | loss 0.0865146666765213
Train loss: 0.0908
[val] Step 38 | Loss 0.0361
Validation loss: 0.0419
Epoch 37/50
Epoch 37, step 100 | loss 0.07382068037986755
Epoch 37, step 200 | loss 0.07189874351024628
Epoch 37, step 300 | loss 0.0846908837556839
Epoch 37, step 321 | loss 0.07081841677427292
Train loss: 0.0908
[val] Step 38 | Loss 0.0381
Validation loss: 0.0449
Epoch 38/50
Epoch 38, step 100 | loss 0.09377411752939224
Epoch 38, step 200 | loss 0.11132623255252838
Epoch 38, step 300 | loss 0.0662335678935051
Epoch 38, step 321 | loss 0.09478820860385895
Train loss: 0.0908
[val] Step 38 | Loss 0.0516
Validation loss: 0.0476
Epoch 39/50
Epoch 39, step 100 | loss 0.09463492780923843
Epoch 39, step 200 | loss 0.10091545432806015
Epoch 39, step 300 | loss 0.07310540229082108
Epoch 39, step 321 | loss 0.12757635116577148
Train loss: 0.0887
[val] Step 38 | Loss 0.0330
Validation loss: 0.0431
Epoch 40/50
Epoch 40, step 100 | loss 0.08316069841384888
Epoch 40, step 200 | loss 0.07296542823314667
Epoch 40, step 300 | loss 0.08397157490253448
Epoch 40, step 321 | loss 0.10538053512573242
Train loss: 0.0908
[val] Step 38 | Loss 0.0520
Validation loss: 0.0403
Epoch 41/50
Epoch 41, step 100 | loss 0.13668978214263916
Epoch 41, step 200 | loss 0.0689709484577179
Epoch 41, step 300 | loss 0.09575814008712769
Epoch 41, step 321 | loss 0.11478058993816376
Train loss: 0.0886
[val] Step 38 | Loss 0.0366
Validation loss: 0.0443
Epoch 42/50
Epoch 42, step 100 | loss 0.08234753459692001
Epoch 42, step 200 | loss 0.08280643820762634
Epoch 42, step 300 | loss 0.1313028335571289
Epoch 42, step 321 | loss 0.12220814824104309
Train loss: 0.0874
[val] Step 38 | Loss 0.0633
Validation loss: 0.0414
Epoch 43/50
Epoch 43, step 100 | loss 0.0802331417798996
Epoch 43, step 200 | loss 0.06196872889995575
Epoch 43, step 300 | loss 0.09866340458393097
Epoch 43, step 321 | loss 0.08105307817459106
Train loss: 0.0884
[val] Step 38 | Loss 0.0464
Validation loss: 0.0456
Epoch 44/50
Epoch 44, step 100 | loss 0.10963314026594162
Epoch 44, step 200 | loss 0.06843187659978867
Epoch 44, step 300 | loss 0.10096241533756256
Epoch 44, step 321 | loss 0.11364573240280151
Train loss: 0.0882
[val] Step 38 | Loss 0.0514
Validation loss: 0.0410
Epoch 45/50
Epoch 45, step 100 | loss 0.1058817133307457
Epoch 45, step 200 | loss 0.07222721725702286
Epoch 45, step 300 | loss 0.10049380362033844
Epoch 45, step 321 | loss 0.07650044560432434
Train loss: 0.0871
[val] Step 38 | Loss 0.0564
Validation loss: 0.0482
Epoch 46/50
Epoch 46, step 100 | loss 0.09942807257175446
Epoch 46, step 200 | loss 0.0840521827340126
Epoch 46, step 300 | loss 0.08238467574119568
Epoch 46, step 321 | loss 0.08285915106534958
Train loss: 0.0887
[val] Step 38 | Loss 0.0494
Validation loss: 0.0496
Epoch 47/50
Epoch 47, step 100 | loss 0.07025584578514099
Epoch 47, step 200 | loss 0.04602045565843582
Epoch 47, step 300 | loss 0.08677078783512115
Epoch 47, step 321 | loss 0.09809797257184982
Train loss: 0.0900
[val] Step 38 | Loss 0.0369
Validation loss: 0.0477
Epoch 48/50
Epoch 48, step 100 | loss 0.06804770231246948
Epoch 48, step 200 | loss 0.12078993022441864
Epoch 48, step 300 | loss 0.11656439304351807
Epoch 48, step 321 | loss 0.05557522177696228
Train loss: 0.0900
[val] Step 38 | Loss 0.0244
Validation loss: 0.0456
Epoch 49/50
Epoch 49, step 100 | loss 0.12216486781835556
Epoch 49, step 200 | loss 0.09244906157255173
Epoch 49, step 300 | loss 0.07203404605388641
Epoch 49, step 321 | loss 0.09612289816141129
Train loss: 0.0901
[val] Step 38 | Loss 0.0546
Validation loss: 0.0422
Epoch 50/50
Epoch 50, step 100 | loss 0.12018625438213348
Epoch 50, step 200 | loss 0.055999014526605606
Epoch 50, step 300 | loss 0.109759621322155
Epoch 50, step 321 | loss 0.06014116853475571
Train loss: 0.0879
[val] Step 38 | Loss 0.0568
Validation loss: 0.0444
[test] Step 34 | Loss 0.0888
Validation loss: 0.0844
Training end: 2026-01-31_05:43:49. Elapsed time: 8:6.
wandb: uploading artifact mamba-mae; updating run metadata
wandb: uploading artifact mamba-mae
wandb: uploading history steps 247-250, summary, console lines 435-443
wandb: 
wandb: Run history:
wandb:  test_loss в–Ғ
wandb: train_loss в–Ҳв–…в–…в–Үв–ғв–„в–„в–Ӯв–…в–…в–ғв–„в–„в–ғв–Ӯв–„в–ғв–ғв–„в–ғв–Ғв–ғв–ғв–„в–Ҷв–„в–Ӯв–Ӯв–Ӯв–ғв–Ӯв–ғв–…в–ғв–Ӯв–ғв–Ӯв–…в–ғв–Ғ
wandb:   val_loss в–Ҳв–Ҷв–„в–Үв–…в–ғв–Ҷв–Үв–Ҷв–ғв–„в–„в–…в–ғв–…в–…в–„в–Ҷв–„в–ғв–Ӯв–„в–Ӯв–ғв–„в–„в–Ҷв–Ӯв–Ӯв–Ӯв–ғв–Ӯв–ғв–Ӯв–„в–ғв–ғв–Ӯв–Ғв–„
wandb: 
wandb: Run summary:
wandb:  test_loss 0.08878
wandb: train_loss 0.06014
wandb:   val_loss 0.05682
wandb: 
wandb: рҹҡҖ View run Mamba-30 at: https://wandb.ai/emilyzho-usc/ssl-s4/runs/0q8hg4t1
wandb: вӯҗпёҸ View project at: https://wandb.ai/emilyzho-usc/ssl-s4
wandb: Synced 5 W&B file(s), 0 media file(s), 2 artifact file(s) and 0 other file(s)
wandb: Find logs at: ./wandb/run-20260131_053329-0q8hg4t1/logs
{'d_input': 2,
 'd_model': 128,
 'd_output': 128,
 'dec_hidden_dims': [128, 64, 32],
 'enc_hidden_dims': [32, 64, 128],
 'mask_ratio': 0.3,
 'n_layers_seq': 6,
 'verbose': False}
Default device set to CUDA.
===============================================================================================
Layer (type:depth-idx)                        Output Shape              Param #
===============================================================================================
MambaMAE                                      [1, 2, 1440]              --
в”ңв”ҖPatchMasking: 1-1                           [1, 2, 1440]              --
в”ңв”ҖConvEncoder: 1-2                            [1, 128, 180]             --
в”Ӯ    в””в”ҖModuleList: 2-1                        --                        --
в”Ӯ    в”Ӯ    в””в”ҖBlockConv: 3-1                    [1, 32, 720]              288
в”Ӯ    в”Ӯ    в””в”ҖBlockConv: 3-2                    [1, 64, 360]              6,336
в”Ӯ    в”Ӯ    в””в”ҖBlockConv: 3-3                    [1, 128, 180]             24,960
в”ңв”ҖMambaModel: 1-3                             [1, 180, 128]             --
в”Ӯ    в””в”ҖLinear: 2-2                            [1, 180, 128]             16,384
в”Ӯ    в””в”ҖModuleList: 2-3                        --                        --
в”Ӯ    в”Ӯ    в””в”ҖMambaBlock: 3-4                   [1, 180, 128]             116,736
в”Ӯ    в”Ӯ    в””в”ҖMambaBlock: 3-5                   [1, 180, 128]             116,736
в”Ӯ    в”Ӯ    в””в”ҖMambaBlock: 3-6                   [1, 180, 128]             116,736
в”Ӯ    в”Ӯ    в””в”ҖMambaBlock: 3-7                   [1, 180, 128]             116,736
в”Ӯ    в”Ӯ    в””в”ҖMambaBlock: 3-8                   [1, 180, 128]             116,736
в”Ӯ    в”Ӯ    в””в”ҖMambaBlock: 3-9                   [1, 180, 128]             116,736
в”Ӯ    в””в”ҖIdentity: 2-4                          [1, 180, 128]             --
в”ңв”ҖLayerNorm: 1-4                              [1, 180, 128]             256
в”ңв”ҖConvDecoder: 1-5                            [1, 2, 1440]              --
в”Ӯ    в””в”ҖModuleList: 2-5                        --                        --
в”Ӯ    в”Ӯ    в””в”ҖBlockConv: 3-10                   [1, 64, 360]              24,768
в”Ӯ    в”Ӯ    в””в”ҖBlockConv: 3-11                   [1, 32, 720]              6,240
в”Ӯ    в”Ӯ    в””в”ҖBlockDecoderLast: 3-12            [1, 2, 1440]              198
===============================================================================================
Total params: 779,846
Trainable params: 779,846
Non-trainable params: 0
Total mult-adds (Units.MEGABYTES): 33.12
===============================================================================================
Input size (MB): 0.01
Forward/backward pass size (MB): 7.04
Params size (MB): 1.39
Estimated Total Size (MB): 8.44
===============================================================================================
Starting training...
Model saved as /home/emilyzho/ssl-physio/models/reconstruction/mamba-mae_30.pt. Exiting.
