nohup: ignoring input
CUDA extension for structured kernels (Cauchy and Vandermonde multiplication) not found. Install by going to extensions/kernels/ and running `python setup.py install`, for improved speed and memory efficiency. Note that the kernel changed for state-spaces 4.0 and must be recompiled.
Falling back on slow Cauchy and Vandermonde kernel. Install at least one of pykeops or the CUDA extension for better speed and memory efficiency.
wandb: Currently logged in as: emilyzho (emilyzho-usc) to https://api.wandb.ai. Use `wandb login --relogin` to force relogin
wandb: Tracking run with wandb version 0.23.1
wandb: Run data is saved locally in /home/emilyzho/ssl-physio/scripts/training/wandb/run-20260131_054153-rpep0p0u
wandb: Run `wandb offline` to turn off syncing.
wandb: Syncing run Mamba-70
wandb: в­ђпёЏ View project at https://wandb.ai/emilyzho-usc/ssl-s4
wandb: рџљЂ View run at https://wandb.ai/emilyzho-usc/ssl-s4/runs/rpep0p0u
Trainable params: 0.78 M
Training start: 2026-01-31_05:44:08.
Epoch 1/50
Epoch 1, step 100 | loss 0.5561251640319824
Epoch 1, step 200 | loss 0.5215738415718079
Epoch 1, step 300 | loss 0.500961422920227
Epoch 1, step 321 | loss 0.554086446762085
Train loss: 0.5775
[val] Step 38 | Loss 0.4581
Validation loss: 0.4342
Epoch 2/50
Epoch 2, step 100 | loss 0.43238064646720886
Epoch 2, step 200 | loss 0.3997562527656555
Epoch 2, step 300 | loss 0.4383091628551483
Epoch 2, step 321 | loss 0.4052495062351227
Train loss: 0.4332
[val] Step 38 | Loss 0.1502
Validation loss: 0.1639
Epoch 3/50
Epoch 3, step 100 | loss 0.3934318721294403
Epoch 3, step 200 | loss 0.3599814474582672
Epoch 3, step 300 | loss 0.3858110308647156
Epoch 3, step 321 | loss 0.38745856285095215
Train loss: 0.4142
[val] Step 38 | Loss 0.1511
Validation loss: 0.1424
Epoch 4/50
Epoch 4, step 100 | loss 0.38223597407341003
Epoch 4, step 200 | loss 0.36589017510414124
Epoch 4, step 300 | loss 0.43514159321784973
Epoch 4, step 321 | loss 0.3956330716609955
Train loss: 0.4021
[val] Step 38 | Loss 0.1430
Validation loss: 0.1400
Epoch 5/50
Epoch 5, step 100 | loss 0.4046465754508972
Epoch 5, step 200 | loss 0.39581215381622314
Epoch 5, step 300 | loss 0.4380187690258026
Epoch 5, step 321 | loss 0.4566273093223572
Train loss: 0.3961
[val] Step 38 | Loss 0.2094
Validation loss: 0.1756
Epoch 6/50
Epoch 6, step 100 | loss 0.35682639479637146
Epoch 6, step 200 | loss 0.3877810537815094
Epoch 6, step 300 | loss 0.37678787112236023
Epoch 6, step 321 | loss 0.2909197509288788
Train loss: 0.3901
[val] Step 38 | Loss 0.1729
Validation loss: 0.1617
Epoch 7/50
Epoch 7, step 100 | loss 0.43330520391464233
Epoch 7, step 200 | loss 0.4119149148464203
Epoch 7, step 300 | loss 0.36821019649505615
Epoch 7, step 321 | loss 0.3751414120197296
Train loss: 0.3866
[val] Step 38 | Loss 0.1041
Validation loss: 0.1489
Epoch 8/50
Epoch 8, step 100 | loss 0.39144474267959595
Epoch 8, step 200 | loss 0.4161623418331146
Epoch 8, step 300 | loss 0.37678614258766174
Epoch 8, step 321 | loss 0.39744365215301514
Train loss: 0.3886
[val] Step 38 | Loss 0.1259
Validation loss: 0.1504
Epoch 9/50
Epoch 9, step 100 | loss 0.38777101039886475
Epoch 9, step 200 | loss 0.279476135969162
Epoch 9, step 300 | loss 0.37382271885871887
Epoch 9, step 321 | loss 0.3516460359096527
Train loss: 0.3832
[val] Step 38 | Loss 0.2275
Validation loss: 0.2121
Epoch 10/50
Epoch 10, step 100 | loss 0.4120894968509674
Epoch 10, step 200 | loss 0.42731305956840515
Epoch 10, step 300 | loss 0.40046897530555725
Epoch 10, step 321 | loss 0.34115538001060486
Train loss: 0.3821
[val] Step 38 | Loss 0.1395
Validation loss: 0.1613
Epoch 11/50
Epoch 11, step 100 | loss 0.36971378326416016
Epoch 11, step 200 | loss 0.39683109521865845
Epoch 11, step 300 | loss 0.36633267998695374
Epoch 11, step 321 | loss 0.39908716082572937
Train loss: 0.3768
[val] Step 38 | Loss 0.2745
Validation loss: 0.1947
Epoch 12/50
Epoch 12, step 100 | loss 0.36838218569755554
Epoch 12, step 200 | loss 0.314487487077713
Epoch 12, step 300 | loss 0.4788717031478882
Epoch 12, step 321 | loss 0.3888733685016632
Train loss: 0.3775
[val] Step 38 | Loss 0.2074
Validation loss: 0.2337
Epoch 13/50
Epoch 13, step 100 | loss 0.3546620011329651
Epoch 13, step 200 | loss 0.4038408100605011
Epoch 13, step 300 | loss 0.41206246614456177
Epoch 13, step 321 | loss 0.3439323306083679
Train loss: 0.3756
[val] Step 38 | Loss 0.1327
Validation loss: 0.1465
Epoch 14/50
Epoch 14, step 100 | loss 0.388846755027771
Epoch 14, step 200 | loss 0.35796883702278137
Epoch 14, step 300 | loss 0.4029051959514618
Epoch 14, step 321 | loss 0.3756166696548462
Train loss: 0.3767
[val] Step 38 | Loss 0.1619
Validation loss: 0.1872
Epoch 15/50
Epoch 15, step 100 | loss 0.43907004594802856
Epoch 15, step 200 | loss 0.3452998399734497
Epoch 15, step 300 | loss 0.3511601984500885
Epoch 15, step 321 | loss 0.3352225422859192
Train loss: 0.3744
[val] Step 38 | Loss 0.1425
Validation loss: 0.1419
Epoch 16/50
Epoch 16, step 100 | loss 0.35899829864501953
Epoch 16, step 200 | loss 0.4572564959526062
Epoch 16, step 300 | loss 0.3694347143173218
Epoch 16, step 321 | loss 0.3420499861240387
Train loss: 0.3783
[val] Step 38 | Loss 0.1674
Validation loss: 0.1787
Epoch 17/50
Epoch 17, step 100 | loss 0.38458338379859924
Epoch 17, step 200 | loss 0.41261446475982666
Epoch 17, step 300 | loss 0.38062989711761475
Epoch 17, step 321 | loss 0.3216312527656555
Train loss: 0.3728
[val] Step 38 | Loss 0.1869
Validation loss: 0.1675
Epoch 18/50
Epoch 18, step 100 | loss 0.41556864976882935
Epoch 18, step 200 | loss 0.36405012011528015
Epoch 18, step 300 | loss 0.3462655544281006
Epoch 18, step 321 | loss 0.3563046455383301
Train loss: 0.3721
[val] Step 38 | Loss 0.1943
Validation loss: 0.2096
Epoch 19/50
Epoch 19, step 100 | loss 0.3564068377017975
Epoch 19, step 200 | loss 0.3266688883304596
Epoch 19, step 300 | loss 0.331875205039978
Epoch 19, step 321 | loss 0.3302977383136749
Train loss: 0.3732
[val] Step 38 | Loss 0.1334
Validation loss: 0.1853
Epoch 20/50
Epoch 20, step 100 | loss 0.36348333954811096
Epoch 20, step 200 | loss 0.42916253209114075
Epoch 20, step 300 | loss 0.37371760606765747
Epoch 20, step 321 | loss 0.3532041013240814
Train loss: 0.3702
[val] Step 38 | Loss 0.1606
Validation loss: 0.2263
Epoch 21/50
Epoch 21, step 100 | loss 0.34153464436531067
Epoch 21, step 200 | loss 0.3879503011703491
Epoch 21, step 300 | loss 0.37037497758865356
Epoch 21, step 321 | loss 0.3866965174674988
Train loss: 0.3693
[val] Step 38 | Loss 0.1766
Validation loss: 0.1968
Epoch 22/50
Epoch 22, step 100 | loss 0.35902777314186096
Epoch 22, step 200 | loss 0.39392921328544617
Epoch 22, step 300 | loss 0.3625076413154602
Epoch 22, step 321 | loss 0.40047791600227356
Train loss: 0.3695
[val] Step 38 | Loss 0.2406
Validation loss: 0.2148
Epoch 23/50
Epoch 23, step 100 | loss 0.32373619079589844
Epoch 23, step 200 | loss 0.3787478506565094
Epoch 23, step 300 | loss 0.3777422606945038
Epoch 23, step 321 | loss 0.3503805994987488
Train loss: 0.3672
[val] Step 38 | Loss 0.2321
Validation loss: 0.1685
Epoch 24/50
Epoch 24, step 100 | loss 0.4460221230983734
Epoch 24, step 200 | loss 0.3648121953010559
Epoch 24, step 300 | loss 0.32670342922210693
Epoch 24, step 321 | loss 0.3823868930339813
Train loss: 0.3697
[val] Step 38 | Loss 0.2090
Validation loss: 0.1590
Epoch 25/50
Epoch 25, step 100 | loss 0.4017285704612732
Epoch 25, step 200 | loss 0.37263455986976624
Epoch 25, step 300 | loss 0.32929059863090515
Epoch 25, step 321 | loss 0.28732648491859436
Train loss: 0.3678
[val] Step 38 | Loss 0.1207
Validation loss: 0.1483
Epoch 26/50
Epoch 26, step 100 | loss 0.43453994393348694
Epoch 26, step 200 | loss 0.3436118960380554
Epoch 26, step 300 | loss 0.3685877025127411
Epoch 26, step 321 | loss 0.37050583958625793
Train loss: 0.3645
[val] Step 38 | Loss 0.1067
Validation loss: 0.1526
Epoch 27/50
Epoch 27, step 100 | loss 0.3733450770378113
Epoch 27, step 200 | loss 0.37299954891204834
Epoch 27, step 300 | loss 0.40867879986763
Epoch 27, step 321 | loss 0.4375799298286438
Train loss: 0.3653
[val] Step 38 | Loss 0.2359
Validation loss: 0.2239
Epoch 28/50
Epoch 28, step 100 | loss 0.35009080171585083
Epoch 28, step 200 | loss 0.3292653560638428
Epoch 28, step 300 | loss 0.37271347641944885
Epoch 28, step 321 | loss 0.31306055188179016
Train loss: 0.3651
[val] Step 38 | Loss 0.1104
Validation loss: 0.1647
Epoch 29/50
Epoch 29, step 100 | loss 0.3990619480609894
Epoch 29, step 200 | loss 0.35112422704696655
Epoch 29, step 300 | loss 0.3259193003177643
Epoch 29, step 321 | loss 0.4111565351486206
Train loss: 0.3640
[val] Step 38 | Loss 0.1413
Validation loss: 0.2744
Epoch 30/50
Epoch 30, step 100 | loss 0.31856074929237366
Epoch 30, step 200 | loss 0.27877843379974365
Epoch 30, step 300 | loss 0.3859254717826843
Epoch 30, step 321 | loss 0.42744380235671997
Train loss: 0.3638
[val] Step 38 | Loss 0.4026
Validation loss: 0.2688
Epoch 31/50
Epoch 31, step 100 | loss 0.37733155488967896
Epoch 31, step 200 | loss 0.3647288978099823
Epoch 31, step 300 | loss 0.3891349136829376
Epoch 31, step 321 | loss 0.31156641244888306
Train loss: 0.3636
[val] Step 38 | Loss 0.2376
Validation loss: 0.2180
Epoch 32/50
Epoch 32, step 100 | loss 0.38296937942504883
Epoch 32, step 200 | loss 0.37288540601730347
Epoch 32, step 300 | loss 0.3230413794517517
Epoch 32, step 321 | loss 0.41722142696380615
Train loss: 0.3646
[val] Step 38 | Loss 0.2416
Validation loss: 0.2274
Epoch 33/50
Epoch 33, step 100 | loss 0.32373106479644775
Epoch 33, step 200 | loss 0.3838333785533905
Epoch 33, step 300 | loss 0.4269135594367981
Epoch 33, step 321 | loss 0.3940504193305969
Train loss: 0.3633
[val] Step 38 | Loss 0.3745
Validation loss: 0.2451
Epoch 34/50
Epoch 34, step 100 | loss 0.3149072527885437
Epoch 34, step 200 | loss 0.36992883682250977
Epoch 34, step 300 | loss 0.3197786509990692
Epoch 34, step 321 | loss 0.363688588142395
Train loss: 0.3613
[val] Step 38 | Loss 0.2814
Validation loss: 0.2144
Epoch 35/50
Epoch 35, step 100 | loss 0.3387957811355591
Epoch 35, step 200 | loss 0.3174945116043091
Epoch 35, step 300 | loss 0.33559074997901917
Epoch 35, step 321 | loss 0.3057820200920105
Train loss: 0.3572
[val] Step 38 | Loss 0.2254
Validation loss: 0.2184
Epoch 36/50
Epoch 36, step 100 | loss 0.4308546483516693
Epoch 36, step 200 | loss 0.35305944085121155
Epoch 36, step 300 | loss 0.3767508566379547
Epoch 36, step 321 | loss 0.3975958824157715
Train loss: 0.3602
[val] Step 38 | Loss 0.2018
Validation loss: 0.2155
Epoch 37/50
Epoch 37, step 100 | loss 0.3868900537490845
Epoch 37, step 200 | loss 0.3918965756893158
Epoch 37, step 300 | loss 0.3364425599575043
Epoch 37, step 321 | loss 0.34463754296302795
Train loss: 0.3561
[val] Step 38 | Loss 0.1828
Validation loss: 0.2011
Epoch 38/50
Epoch 38, step 100 | loss 0.34973540902137756
Epoch 38, step 200 | loss 0.42837420105934143
Epoch 38, step 300 | loss 0.38266128301620483
Epoch 38, step 321 | loss 0.3471904695034027
Train loss: 0.3626
[val] Step 38 | Loss 0.1576
Validation loss: 0.3116
Epoch 39/50
Epoch 39, step 100 | loss 0.3975086808204651
Epoch 39, step 200 | loss 0.29131340980529785
Epoch 39, step 300 | loss 0.41640758514404297
Epoch 39, step 321 | loss 0.3780572712421417
Train loss: 0.3611
[val] Step 38 | Loss 0.2070
Validation loss: 0.2784
Epoch 40/50
Epoch 40, step 100 | loss 0.3394380211830139
Epoch 40, step 200 | loss 0.3257778584957123
Epoch 40, step 300 | loss 0.26876190304756165
Epoch 40, step 321 | loss 0.33482787013053894
Train loss: 0.3586
[val] Step 38 | Loss 0.3181
Validation loss: 0.2514
Epoch 41/50
Epoch 41, step 100 | loss 0.3073402941226959
Epoch 41, step 200 | loss 0.42229509353637695
Epoch 41, step 300 | loss 0.3171393871307373
Epoch 41, step 321 | loss 0.3309367001056671
Train loss: 0.3593
[val] Step 38 | Loss 0.1802
Validation loss: 0.1849
Epoch 42/50
Epoch 42, step 100 | loss 0.34193575382232666
Epoch 42, step 200 | loss 0.3565188944339752
Epoch 42, step 300 | loss 0.3965103328227997
Epoch 42, step 321 | loss 0.35250893235206604
Train loss: 0.3582
[val] Step 38 | Loss 0.1027
Validation loss: 0.1808
Epoch 43/50
Epoch 43, step 100 | loss 0.3667108416557312
Epoch 43, step 200 | loss 0.3524461090564728
Epoch 43, step 300 | loss 0.3270968496799469
Epoch 43, step 321 | loss 0.3690797984600067
Train loss: 0.3571
[val] Step 38 | Loss 0.1696
Validation loss: 0.2026
Epoch 44/50
Epoch 44, step 100 | loss 0.39425143599510193
Epoch 44, step 200 | loss 0.35799941420555115
Epoch 44, step 300 | loss 0.347141295671463
Epoch 44, step 321 | loss 0.4215352237224579
Train loss: 0.3613
[val] Step 38 | Loss 0.1748
Validation loss: 0.1305
Epoch 45/50
Epoch 45, step 100 | loss 0.36569204926490784
Epoch 45, step 200 | loss 0.3459450602531433
Epoch 45, step 300 | loss 0.33293548226356506
Epoch 45, step 321 | loss 0.3473474085330963
Train loss: 0.3623
[val] Step 38 | Loss 0.2227
Validation loss: 0.1768
Epoch 46/50
Epoch 46, step 100 | loss 0.3706109821796417
Epoch 46, step 200 | loss 0.36915478110313416
Epoch 46, step 300 | loss 0.3774626851081848
Epoch 46, step 321 | loss 0.3610353469848633
Train loss: 0.3570
[val] Step 38 | Loss 0.3052
Validation loss: 0.2350
Epoch 47/50
Epoch 47, step 100 | loss 0.35580554604530334
Epoch 47, step 200 | loss 0.3144780695438385
Epoch 47, step 300 | loss 0.3111543655395508
Epoch 47, step 321 | loss 0.37700262665748596
Train loss: 0.3553
[val] Step 38 | Loss 0.1558
Validation loss: 0.1846
Epoch 48/50
Epoch 48, step 100 | loss 0.37763693928718567
Epoch 48, step 200 | loss 0.37580084800720215
Epoch 48, step 300 | loss 0.29712241888046265
Epoch 48, step 321 | loss 0.3306441009044647
Train loss: 0.3570
[val] Step 38 | Loss 0.0829
Validation loss: 0.1468
Epoch 49/50
Epoch 49, step 100 | loss 0.34659862518310547
Epoch 49, step 200 | loss 0.3025580942630768
Epoch 49, step 300 | loss 0.3228951096534729
Epoch 49, step 321 | loss 0.33946093916893005
Train loss: 0.3560
[val] Step 38 | Loss 0.2613
Validation loss: 0.1544
Epoch 50/50
Epoch 50, step 100 | loss 0.36841458082199097
Epoch 50, step 200 | loss 0.31410253047943115
Epoch 50, step 300 | loss 0.37192821502685547
Epoch 50, step 321 | loss 0.25449711084365845
Train loss: 0.3603
[val] Step 38 | Loss 0.3919
Validation loss: 0.1917
[test] Step 34 | Loss 0.3372
Validation loss: 0.3521
Training end: 2026-01-31_05:52:05. Elapsed time: 7:56.
wandb: uploading artifact mamba-mae; updating run metadata
wandb: uploading artifact mamba-mae
wandb: 
wandb: Run history:
wandb:  test_loss в–Ѓ
wandb: train_loss в–€в–€в–„в–…в–„в–ѓв–„в–„в–…в–„в–ѓв–ѓв–ѓв–…в–ѓв–ѓв–„в–…в–„в–ѓв–„в–ѓв–ѓв–„в–„в–…в–‚в–…в–ѓв–‚в–„в–ѓв–ѓв–„в–„в–ѓв–„в–‚в–ѓв–Ѓ
wandb:   val_loss в–€в–‚в–‚в–‚в–ѓв–Ѓв–Ѓв–ѓв–‚в–„в–‚в–‚в–‚в–‚в–ѓв–‚в–‚в–‚в–„в–ѓв–Ѓв–„в–Ѓв–‚в–‡в–„в–†в–…в–ѓв–ѓв–‚в–ѓв–…в–ѓв–Ѓв–‚в–ѓв–…в–‚в–‡
wandb: 
wandb: Run summary:
wandb:  test_loss 0.33722
wandb: train_loss 0.2545
wandb:   val_loss 0.39194
wandb: 
wandb: рџљЂ View run Mamba-70 at: https://wandb.ai/emilyzho-usc/ssl-s4/runs/rpep0p0u
wandb: в­ђпёЏ View project at: https://wandb.ai/emilyzho-usc/ssl-s4
wandb: Synced 5 W&B file(s), 0 media file(s), 2 artifact file(s) and 0 other file(s)
wandb: Find logs at: ./wandb/run-20260131_054153-rpep0p0u/logs
{'d_input': 2,
 'd_model': 128,
 'd_output': 128,
 'dec_hidden_dims': [128, 64, 32],
 'enc_hidden_dims': [32, 64, 128],
 'mask_ratio': 0.7,
 'n_layers_seq': 6,
 'verbose': False}
Default device set to CUDA.
===============================================================================================
Layer (type:depth-idx)                        Output Shape              Param #
===============================================================================================
MambaMAE                                      [1, 2, 1440]              --
в”њв”ЂPatchMasking: 1-1                           [1, 2, 1440]              --
в”њв”ЂConvEncoder: 1-2                            [1, 128, 180]             --
в”‚    в””в”ЂModuleList: 2-1                        --                        --
в”‚    в”‚    в””в”ЂBlockConv: 3-1                    [1, 32, 720]              288
в”‚    в”‚    в””в”ЂBlockConv: 3-2                    [1, 64, 360]              6,336
в”‚    в”‚    в””в”ЂBlockConv: 3-3                    [1, 128, 180]             24,960
в”њв”ЂMambaModel: 1-3                             [1, 180, 128]             --
в”‚    в””в”ЂLinear: 2-2                            [1, 180, 128]             16,384
в”‚    в””в”ЂModuleList: 2-3                        --                        --
в”‚    в”‚    в””в”ЂMambaBlock: 3-4                   [1, 180, 128]             116,736
в”‚    в”‚    в””в”ЂMambaBlock: 3-5                   [1, 180, 128]             116,736
в”‚    в”‚    в””в”ЂMambaBlock: 3-6                   [1, 180, 128]             116,736
в”‚    в”‚    в””в”ЂMambaBlock: 3-7                   [1, 180, 128]             116,736
в”‚    в”‚    в””в”ЂMambaBlock: 3-8                   [1, 180, 128]             116,736
в”‚    в”‚    в””в”ЂMambaBlock: 3-9                   [1, 180, 128]             116,736
в”‚    в””в”ЂIdentity: 2-4                          [1, 180, 128]             --
в”њв”ЂLayerNorm: 1-4                              [1, 180, 128]             256
в”њв”ЂConvDecoder: 1-5                            [1, 2, 1440]              --
в”‚    в””в”ЂModuleList: 2-5                        --                        --
в”‚    в”‚    в””в”ЂBlockConv: 3-10                   [1, 64, 360]              24,768
в”‚    в”‚    в””в”ЂBlockConv: 3-11                   [1, 32, 720]              6,240
в”‚    в”‚    в””в”ЂBlockDecoderLast: 3-12            [1, 2, 1440]              198
===============================================================================================
Total params: 779,846
Trainable params: 779,846
Non-trainable params: 0
Total mult-adds (Units.MEGABYTES): 33.12
===============================================================================================
Input size (MB): 0.01
Forward/backward pass size (MB): 7.04
Params size (MB): 1.39
Estimated Total Size (MB): 8.44
===============================================================================================
Starting training...
Model saved as /home/emilyzho/ssl-physio/models/reconstruction/mamba-mae_70.pt. Exiting.
