nohup: ignoring input
CUDA extension for structured kernels (Cauchy and Vandermonde multiplication) not found. Install by going to extensions/kernels/ and running `python setup.py install`, for improved speed and memory efficiency. Note that the kernel changed for state-spaces 4.0 and must be recompiled.
Falling back on slow Cauchy and Vandermonde kernel. Install at least one of pykeops or the CUDA extension for better speed and memory efficiency.
wandb: Currently logged in as: emilyzho (emilyzho-usc) to https://api.wandb.ai. Use `wandb login --relogin` to force relogin
wandb: Tracking run with wandb version 0.23.1
wandb: Run data is saved locally in /home/emilyzho/ssl-physio/scripts/training/wandb/run-20260131_050852-aktxhl2m
wandb: Run `wandb offline` to turn off syncing.
wandb: Syncing run S4-30
wandb: ⭐️ View project at https://wandb.ai/emilyzho-usc/ssl-s4
wandb: 🚀 View run at https://wandb.ai/emilyzho-usc/ssl-s4/runs/aktxhl2m
Constructing S4 (H, N, L) = (128, 32, None)
Constructing S4 (H, N, L) = (128, 32, None)
Constructing S4 (H, N, L) = (128, 32, None)
Constructing S4 (H, N, L) = (128, 32, None)
Constructing S4 (H, N, L) = (128, 32, None)
Constructing S4 (H, N, L) = (128, 32, None)
S4: Initializing kernel to length 180
S4: Initializing kernel to length 180
S4: Initializing kernel to length 180
S4: Initializing kernel to length 180
S4: Initializing kernel to length 180
S4: Initializing kernel to length 180
Trainable params: 0.49 M
Training start: 2026-01-31_05:11:06.
Epoch 1/50
Epoch 1, step 100 | loss 0.20005345344543457
Epoch 1, step 200 | loss 0.17127828299999237
Epoch 1, step 300 | loss 0.1758115589618683
Epoch 1, step 321 | loss 0.15735910832881927
Train loss: 0.2130
[val] Step 38 | Loss 0.5111
Validation loss: 0.5717
Epoch 2/50
Epoch 2, step 100 | loss 0.13839295506477356
Epoch 2, step 200 | loss 0.13415345549583435
Epoch 2, step 300 | loss 0.14139071106910706
Epoch 2, step 321 | loss 0.1900738924741745
Train loss: 0.1441
[val] Step 38 | Loss 0.1984
Validation loss: 0.1867
Epoch 3/50
Epoch 3, step 100 | loss 0.10598896443843842
Epoch 3, step 200 | loss 0.0955611914396286
Epoch 3, step 300 | loss 0.10322742909193039
Epoch 3, step 321 | loss 0.1323111206293106
Train loss: 0.1248
[val] Step 38 | Loss 0.1576
Validation loss: 0.1682
Epoch 4/50
Epoch 4, step 100 | loss 0.0961357057094574
Epoch 4, step 200 | loss 0.09939634799957275
Epoch 4, step 300 | loss 0.12986595928668976
Epoch 4, step 321 | loss 0.09763144701719284
Train loss: 0.1167
[val] Step 38 | Loss 0.1711
Validation loss: 0.1576
Epoch 5/50
Epoch 5, step 100 | loss 0.10893306136131287
Epoch 5, step 200 | loss 0.09422001242637634
Epoch 5, step 300 | loss 0.16948874294757843
Epoch 5, step 321 | loss 0.10598605126142502
Train loss: 0.1148
[val] Step 38 | Loss 0.1412
Validation loss: 0.1432
Epoch 6/50
Epoch 6, step 100 | loss 0.07972989976406097
Epoch 6, step 200 | loss 0.08667289465665817
Epoch 6, step 300 | loss 0.09800810366868973
Epoch 6, step 321 | loss 0.1189688891172409
Train loss: 0.1110
[val] Step 38 | Loss 0.1014
Validation loss: 0.1102
Epoch 7/50
Epoch 7, step 100 | loss 0.10748081654310226
Epoch 7, step 200 | loss 0.12684835493564606
Epoch 7, step 300 | loss 0.11022000014781952
Epoch 7, step 321 | loss 0.11415001004934311
Train loss: 0.1102
[val] Step 38 | Loss 0.1092
Validation loss: 0.1360
Epoch 8/50
Epoch 8, step 100 | loss 0.10710630565881729
Epoch 8, step 200 | loss 0.11276362836360931
Epoch 8, step 300 | loss 0.1348777562379837
Epoch 8, step 321 | loss 0.14266183972358704
Train loss: 0.1072
[val] Step 38 | Loss 0.1436
Validation loss: 0.1133
Epoch 9/50
Epoch 9, step 100 | loss 0.12398393452167511
Epoch 9, step 200 | loss 0.09289316833019257
Epoch 9, step 300 | loss 0.10790454596281052
Epoch 9, step 321 | loss 0.1323986053466797
Train loss: 0.1030
[val] Step 38 | Loss 0.1234
Validation loss: 0.1175
Epoch 10/50
Epoch 10, step 100 | loss 0.10089769959449768
Epoch 10, step 200 | loss 0.11017986387014389
Epoch 10, step 300 | loss 0.10551248490810394
Epoch 10, step 321 | loss 0.12279665470123291
Train loss: 0.1048
[val] Step 38 | Loss 0.0947
Validation loss: 0.1006
Epoch 11/50
Epoch 11, step 100 | loss 0.1027093306183815
Epoch 11, step 200 | loss 0.08789476752281189
Epoch 11, step 300 | loss 0.14268885552883148
Epoch 11, step 321 | loss 0.09630566090345383
Train loss: 0.1043
[val] Step 38 | Loss 0.1237
Validation loss: 0.1081
Epoch 12/50
Epoch 12, step 100 | loss 0.07373975217342377
Epoch 12, step 200 | loss 0.0752371996641159
Epoch 12, step 300 | loss 0.09093208611011505
Epoch 12, step 321 | loss 0.07427973300218582
Train loss: 0.1039
[val] Step 38 | Loss 0.0844
Validation loss: 0.0844
Epoch 13/50
Epoch 13, step 100 | loss 0.10140985250473022
Epoch 13, step 200 | loss 0.10948438942432404
Epoch 13, step 300 | loss 0.0896465927362442
Epoch 13, step 321 | loss 0.11922679841518402
Train loss: 0.1025
[val] Step 38 | Loss 0.0767
Validation loss: 0.0844
Epoch 14/50
Epoch 14, step 100 | loss 0.08528909087181091
Epoch 14, step 200 | loss 0.11455989629030228
Epoch 14, step 300 | loss 0.09914281964302063
Epoch 14, step 321 | loss 0.09997792541980743
Train loss: 0.1019
[val] Step 38 | Loss 0.0797
Validation loss: 0.0799
Epoch 15/50
Epoch 15, step 100 | loss 0.0931292250752449
Epoch 15, step 200 | loss 0.10133436322212219
Epoch 15, step 300 | loss 0.10029968619346619
Epoch 15, step 321 | loss 0.06205232813954353
Train loss: 0.1001
[val] Step 38 | Loss 0.0703
Validation loss: 0.0746
Epoch 16/50
Epoch 16, step 100 | loss 0.09646487981081009
Epoch 16, step 200 | loss 0.10059767961502075
Epoch 16, step 300 | loss 0.10043396800756454
Epoch 16, step 321 | loss 0.07013236731290817
Train loss: 0.0993
[val] Step 38 | Loss 0.0944
Validation loss: 0.0815
Epoch 17/50
Epoch 17, step 100 | loss 0.125294029712677
Epoch 17, step 200 | loss 0.10973237454891205
Epoch 17, step 300 | loss 0.07699549943208694
Epoch 17, step 321 | loss 0.10361423343420029
Train loss: 0.0974
[val] Step 38 | Loss 0.0719
Validation loss: 0.0734
Epoch 18/50
Epoch 18, step 100 | loss 0.09795460104942322
Epoch 18, step 200 | loss 0.10071108490228653
Epoch 18, step 300 | loss 0.09716096520423889
Epoch 18, step 321 | loss 0.15196803212165833
Train loss: 0.0974
[val] Step 38 | Loss 0.0791
Validation loss: 0.0726
Epoch 19/50
Epoch 19, step 100 | loss 0.07552020996809006
Epoch 19, step 200 | loss 0.06553661823272705
Epoch 19, step 300 | loss 0.08259572833776474
Epoch 19, step 321 | loss 0.09623593091964722
Train loss: 0.0975
[val] Step 38 | Loss 0.0666
Validation loss: 0.0645
Epoch 20/50
Epoch 20, step 100 | loss 0.09687604010105133
Epoch 20, step 200 | loss 0.11770398914813995
Epoch 20, step 300 | loss 0.07977478206157684
Epoch 20, step 321 | loss 0.10488564521074295
Train loss: 0.0984
[val] Step 38 | Loss 0.0821
Validation loss: 0.0802
Epoch 21/50
Epoch 21, step 100 | loss 0.06910675019025803
Epoch 21, step 200 | loss 0.13221429288387299
Epoch 21, step 300 | loss 0.09275159984827042
Epoch 21, step 321 | loss 0.09224892407655716
Train loss: 0.0985
[val] Step 38 | Loss 0.0607
Validation loss: 0.0682
Epoch 22/50
Epoch 22, step 100 | loss 0.06616359949111938
Epoch 22, step 200 | loss 0.07804641127586365
Epoch 22, step 300 | loss 0.07317128777503967
Epoch 22, step 321 | loss 0.09235347807407379
Train loss: 0.0965
[val] Step 38 | Loss 0.0944
Validation loss: 0.0596
Epoch 23/50
Epoch 23, step 100 | loss 0.10039504617452621
Epoch 23, step 200 | loss 0.11773160845041275
Epoch 23, step 300 | loss 0.09384032338857651
Epoch 23, step 321 | loss 0.12751294672489166
Train loss: 0.0969
[val] Step 38 | Loss 0.0567
Validation loss: 0.0610
Epoch 24/50
Epoch 24, step 100 | loss 0.06974706053733826
Epoch 24, step 200 | loss 0.06615716964006424
Epoch 24, step 300 | loss 0.07147683203220367
Epoch 24, step 321 | loss 0.12561048567295074
Train loss: 0.0965
[val] Step 38 | Loss 0.0784
Validation loss: 0.0631
Epoch 25/50
Epoch 25, step 100 | loss 0.08066847920417786
Epoch 25, step 200 | loss 0.06706590950489044
Epoch 25, step 300 | loss 0.08582738041877747
Epoch 25, step 321 | loss 0.10793290287256241
Train loss: 0.0974
[val] Step 38 | Loss 0.0585
Validation loss: 0.0661
Epoch 26/50
Epoch 26, step 100 | loss 0.10366630554199219
Epoch 26, step 200 | loss 0.09158053249120712
Epoch 26, step 300 | loss 0.07958666235208511
Epoch 26, step 321 | loss 0.16259588301181793
Train loss: 0.0961
[val] Step 38 | Loss 0.0680
Validation loss: 0.0660
Epoch 27/50
Epoch 27, step 100 | loss 0.11024535447359085
Epoch 27, step 200 | loss 0.09804785251617432
Epoch 27, step 300 | loss 0.09574805945158005
Epoch 27, step 321 | loss 0.08326826244592667
Train loss: 0.0947
[val] Step 38 | Loss 0.0675
Validation loss: 0.0756
Epoch 28/50
Epoch 28, step 100 | loss 0.08683789521455765
Epoch 28, step 200 | loss 0.08194310963153839
Epoch 28, step 300 | loss 0.07071707397699356
Epoch 28, step 321 | loss 0.08398361504077911
Train loss: 0.0929
[val] Step 38 | Loss 0.0482
Validation loss: 0.0569
Epoch 29/50
Epoch 29, step 100 | loss 0.06724020093679428
Epoch 29, step 200 | loss 0.09596292674541473
Epoch 29, step 300 | loss 0.07797639071941376
Epoch 29, step 321 | loss 0.07801339775323868
Train loss: 0.0949
[val] Step 38 | Loss 0.0598
Validation loss: 0.0563
Epoch 30/50
Epoch 30, step 100 | loss 0.07573270052671432
Epoch 30, step 200 | loss 0.10214497148990631
Epoch 30, step 300 | loss 0.0880485475063324
Epoch 30, step 321 | loss 0.0734180361032486
Train loss: 0.0947
[val] Step 38 | Loss 0.0420
Validation loss: 0.0551
Epoch 31/50
Epoch 31, step 100 | loss 0.09698796272277832
Epoch 31, step 200 | loss 0.10847502946853638
Epoch 31, step 300 | loss 0.1003134548664093
Epoch 31, step 321 | loss 0.09596695005893707
Train loss: 0.0946
[val] Step 38 | Loss 0.0691
Validation loss: 0.0570
Epoch 32/50
Epoch 32, step 100 | loss 0.08559485524892807
Epoch 32, step 200 | loss 0.09251528233289719
Epoch 32, step 300 | loss 0.10267361998558044
Epoch 32, step 321 | loss 0.11589821428060532
Train loss: 0.0935
[val] Step 38 | Loss 0.0671
Validation loss: 0.0622
Epoch 33/50
Epoch 33, step 100 | loss 0.07545608282089233
Epoch 33, step 200 | loss 0.08466456085443497
Epoch 33, step 300 | loss 0.1166997104883194
Epoch 33, step 321 | loss 0.09318087995052338
Train loss: 0.0932
[val] Step 38 | Loss 0.0594
Validation loss: 0.0629
Epoch 34/50
Epoch 34, step 100 | loss 0.10214140266180038
Epoch 34, step 200 | loss 0.11614170670509338
Epoch 34, step 300 | loss 0.0899680033326149
Epoch 34, step 321 | loss 0.0854698121547699
Train loss: 0.0930
[val] Step 38 | Loss 0.0504
Validation loss: 0.0546
Epoch 35/50
Epoch 35, step 100 | loss 0.08060841262340546
Epoch 35, step 200 | loss 0.1219678670167923
Epoch 35, step 300 | loss 0.1027945876121521
Epoch 35, step 321 | loss 0.057629987597465515
Train loss: 0.0954
[val] Step 38 | Loss 0.0546
Validation loss: 0.0549
Epoch 36/50
Epoch 36, step 100 | loss 0.09098644554615021
Epoch 36, step 200 | loss 0.08804330229759216
Epoch 36, step 300 | loss 0.09120538830757141
Epoch 36, step 321 | loss 0.08756936341524124
Train loss: 0.0947
[val] Step 38 | Loss 0.0595
Validation loss: 0.0591
Epoch 37/50
Epoch 37, step 100 | loss 0.10676822811365128
Epoch 37, step 200 | loss 0.07283179461956024
Epoch 37, step 300 | loss 0.09859199821949005
Epoch 37, step 321 | loss 0.08056408166885376
Train loss: 0.0945
[val] Step 38 | Loss 0.0486
Validation loss: 0.0592
Epoch 38/50
Epoch 38, step 100 | loss 0.07923854142427444
Epoch 38, step 200 | loss 0.0737440213561058
Epoch 38, step 300 | loss 0.09596849977970123
Epoch 38, step 321 | loss 0.07137414813041687
Train loss: 0.0920
[val] Step 38 | Loss 0.0498
Validation loss: 0.0493
Epoch 39/50
Epoch 39, step 100 | loss 0.060791101306676865
Epoch 39, step 200 | loss 0.07467351853847504
Epoch 39, step 300 | loss 0.09200426936149597
Epoch 39, step 321 | loss 0.09921061247587204
Train loss: 0.0929
[val] Step 38 | Loss 0.0641
Validation loss: 0.0600
Epoch 40/50
Epoch 40, step 100 | loss 0.1058112159371376
Epoch 40, step 200 | loss 0.12591597437858582
Epoch 40, step 300 | loss 0.10421543568372726
Epoch 40, step 321 | loss 0.0871046707034111
Train loss: 0.0921
[val] Step 38 | Loss 0.0579
Validation loss: 0.0513
Epoch 41/50
Epoch 41, step 100 | loss 0.09540748596191406
Epoch 41, step 200 | loss 0.0908462330698967
Epoch 41, step 300 | loss 0.07271087914705276
Epoch 41, step 321 | loss 0.06850877404212952
Train loss: 0.0904
[val] Step 38 | Loss 0.0425
Validation loss: 0.0519
Epoch 42/50
Epoch 42, step 100 | loss 0.12182309478521347
Epoch 42, step 200 | loss 0.10711316019296646
Epoch 42, step 300 | loss 0.08470770716667175
Epoch 42, step 321 | loss 0.10243067145347595
Train loss: 0.0932
[val] Step 38 | Loss 0.0579
Validation loss: 0.0536
Epoch 43/50
Epoch 43, step 100 | loss 0.051674146205186844
Epoch 43, step 200 | loss 0.07150832563638687
Epoch 43, step 300 | loss 0.09331376105546951
Epoch 43, step 321 | loss 0.06326818466186523
Train loss: 0.0910
[val] Step 38 | Loss 0.0576
Validation loss: 0.0553
Epoch 44/50
Epoch 44, step 100 | loss 0.07768823951482773
Epoch 44, step 200 | loss 0.08861935883760452
Epoch 44, step 300 | loss 0.10278166085481644
Epoch 44, step 321 | loss 0.11922405660152435
Train loss: 0.0911
[val] Step 38 | Loss 0.0579
Validation loss: 0.0544
Epoch 45/50
Epoch 45, step 100 | loss 0.060239095240831375
Epoch 45, step 200 | loss 0.08239056169986725
Epoch 45, step 300 | loss 0.08144741505384445
Epoch 45, step 321 | loss 0.09739591926336288
Train loss: 0.0899
[val] Step 38 | Loss 0.0660
Validation loss: 0.0564
Epoch 46/50
Epoch 46, step 100 | loss 0.07752794027328491
Epoch 46, step 200 | loss 0.09893899410963058
Epoch 46, step 300 | loss 0.11556315422058105
Epoch 46, step 321 | loss 0.10935672372579575
Train loss: 0.0904
[val] Step 38 | Loss 0.0552
Validation loss: 0.0501
Epoch 47/50
Epoch 47, step 100 | loss 0.08531256020069122
Epoch 47, step 200 | loss 0.12814056873321533
Epoch 47, step 300 | loss 0.06621521711349487
Epoch 47, step 321 | loss 0.1070166826248169
Train loss: 0.0898
[val] Step 38 | Loss 0.0377
Validation loss: 0.0510
Epoch 48/50
Epoch 48, step 100 | loss 0.06765685975551605
Epoch 48, step 200 | loss 0.07802323251962662
Epoch 48, step 300 | loss 0.11637920886278152
Epoch 48, step 321 | loss 0.08254782110452652
Train loss: 0.0896
[val] Step 38 | Loss 0.0236
Validation loss: 0.0502
Epoch 49/50
Epoch 49, step 100 | loss 0.07133489102125168
Epoch 49, step 200 | loss 0.08103053271770477
Epoch 49, step 300 | loss 0.06655177474021912
Epoch 49, step 321 | loss 0.0884963870048523
Train loss: 0.0910
[val] Step 38 | Loss 0.0579
Validation loss: 0.0534
Epoch 50/50
Epoch 50, step 100 | loss 0.09087789803743362
Epoch 50, step 200 | loss 0.05774727091193199
Epoch 50, step 300 | loss 0.10750821977853775
Epoch 50, step 321 | loss 0.08627017587423325
Train loss: 0.0902
[val] Step 38 | Loss 0.0543
Validation loss: 0.0503
[test] Step 34 | Loss 0.0759
Validation loss: 0.0849
Training end: 2026-01-31_05:24:50. Elapsed time: 13:43.
wandb: uploading artifact s4-mae; updating run metadata
wandb: uploading artifact s4-mae
wandb: uploading history steps 245-250, summary, console lines 473-483
wandb: 
wandb: Run history:
wandb:  test_loss ▁
wandb: train_loss ▇▆▆▆▃▃█▃▅▆▂▂▃▁▁▄▁▃▅▂█▄▂▂▂▄▃▂▅▃▃▃▂▅▃▅▃▃▁▅
wandb:   val_loss █▄▃▃▃▂▃▂▂▂▂▂▂▂▂▂▂▂▂▁▂▂▂▁▂▂▂▂▁▁▁▂▁▁▁▂▁▁▁▁
wandb: 
wandb: Run summary:
wandb:  test_loss 0.07593
wandb: train_loss 0.08627
wandb:   val_loss 0.05435
wandb: 
wandb: 🚀 View run S4-30 at: https://wandb.ai/emilyzho-usc/ssl-s4/runs/aktxhl2m
wandb: ⭐️ View project at: https://wandb.ai/emilyzho-usc/ssl-s4
wandb: Synced 5 W&B file(s), 0 media file(s), 2 artifact file(s) and 0 other file(s)
wandb: Find logs at: ./wandb/run-20260131_050852-aktxhl2m/logs
{'d_input': 2,
 'd_model': 128,
 'd_output': 128,
 'dec_hidden_dims': [128, 64, 32],
 'enc_hidden_dims': [32, 64, 128],
 'mask_ratio': 0.3,
 'n_layers_s4': 6,
 'verbose': False}
Default device set to CUDA.
===============================================================================================
Layer (type:depth-idx)                        Output Shape              Param #
===============================================================================================
S4MAE                                         [1, 2, 1440]              --
├─PatchMasking: 1-1                           [1, 2, 1440]              --
├─ConvEncoder: 1-2                            [1, 128, 180]             --
│    └─ModuleList: 2-1                        --                        --
│    │    └─BlockConv: 3-1                    [1, 32, 720]              288
│    │    └─BlockConv: 3-2                    [1, 64, 360]              6,336
│    │    └─BlockConv: 3-3                    [1, 128, 180]             24,960
├─S4Model: 1-3                                [1, 180, 128]             --
│    └─Linear: 2-2                            [1, 180, 128]             16,512
│    └─ModuleList: 2-18                       --                        (recursive)
│    │    └─S4Block: 3-4                      [1, 128, 180]             66,048
│    └─ModuleList: 2-19                       --                        --
│    │    └─Dropout1d: 3-5                    [1, 128, 180]             --
│    └─ModuleList: 2-20                       --                        (recursive)
│    │    └─LayerNorm: 3-6                    [1, 180, 128]             256
│    └─ModuleList: 2-18                       --                        (recursive)
│    │    └─S4Block: 3-7                      [1, 128, 180]             66,048
│    └─ModuleList: 2-19                       --                        --
│    │    └─Dropout1d: 3-8                    [1, 128, 180]             --
│    └─ModuleList: 2-20                       --                        (recursive)
│    │    └─LayerNorm: 3-9                    [1, 180, 128]             256
│    └─ModuleList: 2-18                       --                        (recursive)
│    │    └─S4Block: 3-10                     [1, 128, 180]             66,048
│    └─ModuleList: 2-19                       --                        --
│    │    └─Dropout1d: 3-11                   [1, 128, 180]             --
│    └─ModuleList: 2-20                       --                        (recursive)
│    │    └─LayerNorm: 3-12                   [1, 180, 128]             256
│    └─ModuleList: 2-18                       --                        (recursive)
│    │    └─S4Block: 3-13                     [1, 128, 180]             66,048
│    └─ModuleList: 2-19                       --                        --
│    │    └─Dropout1d: 3-14                   [1, 128, 180]             --
│    └─ModuleList: 2-20                       --                        (recursive)
│    │    └─LayerNorm: 3-15                   [1, 180, 128]             256
│    └─ModuleList: 2-18                       --                        (recursive)
│    │    └─S4Block: 3-16                     [1, 128, 180]             66,048
│    └─ModuleList: 2-19                       --                        --
│    │    └─Dropout1d: 3-17                   [1, 128, 180]             --
│    └─ModuleList: 2-20                       --                        (recursive)
│    │    └─LayerNorm: 3-18                   [1, 180, 128]             256
│    └─ModuleList: 2-18                       --                        (recursive)
│    │    └─S4Block: 3-19                     [1, 128, 180]             66,048
│    └─ModuleList: 2-19                       --                        --
│    │    └─Dropout1d: 3-20                   [1, 128, 180]             --
│    └─ModuleList: 2-20                       --                        (recursive)
│    │    └─LayerNorm: 3-21                   [1, 180, 128]             256
│    └─Linear: 2-21                           [1, 180, 128]             16,512
├─ConvDecoder: 1-4                            [1, 2, 1440]              --
│    └─ModuleList: 2-22                       --                        --
│    │    └─BlockConv: 3-22                   [1, 64, 360]              24,768
│    │    └─BlockConv: 3-23                   [1, 32, 720]              6,240
│    │    └─BlockDecoderLast: 3-24            [1, 2, 1440]              198
===============================================================================================
Total params: 493,638
Trainable params: 493,638
Non-trainable params: 0
Total mult-adds (Units.MEGABYTES): 20.67
===============================================================================================
Input size (MB): 0.01
Forward/backward pass size (MB): 6.66
Params size (MB): 1.97
Estimated Total Size (MB): 8.64
===============================================================================================
Starting training...
Model saved as /home/emilyzho/ssl-physio/models/reconstruction/s4-mae_30.pt. Exiting.
