nohup: ignoring input
CUDA extension for structured kernels (Cauchy and Vandermonde multiplication) not found. Install by going to extensions/kernels/ and running `python setup.py install`, for improved speed and memory efficiency. Note that the kernel changed for state-spaces 4.0 and must be recompiled.
Falling back on slow Cauchy and Vandermonde kernel. Install at least one of pykeops or the CUDA extension for better speed and memory efficiency.
wandb: Currently logged in as: emilyzho (emilyzho-usc) to https://api.wandb.ai. Use `wandb login --relogin` to force relogin
wandb: Tracking run with wandb version 0.23.1
wandb: Run data is saved locally in /home/emilyzho/ssl-physio/scripts/training/wandb/run-20260131_051252-nu5mvb9c
wandb: Run `wandb offline` to turn off syncing.
wandb: Syncing run S4-50
wandb: ⭐️ View project at https://wandb.ai/emilyzho-usc/ssl-s4
wandb: 🚀 View run at https://wandb.ai/emilyzho-usc/ssl-s4/runs/nu5mvb9c
Constructing S4 (H, N, L) = (128, 32, None)
Constructing S4 (H, N, L) = (128, 32, None)
Constructing S4 (H, N, L) = (128, 32, None)
Constructing S4 (H, N, L) = (128, 32, None)
Constructing S4 (H, N, L) = (128, 32, None)
Constructing S4 (H, N, L) = (128, 32, None)
S4: Initializing kernel to length 180
S4: Initializing kernel to length 180
S4: Initializing kernel to length 180
S4: Initializing kernel to length 180
S4: Initializing kernel to length 180
S4: Initializing kernel to length 180
Trainable params: 0.49 M
Training start: 2026-01-31_05:15:07.
Epoch 1/50
Epoch 1, step 100 | loss 0.3882541358470917
Epoch 1, step 200 | loss 0.30110540986061096
Epoch 1, step 300 | loss 0.3845396041870117
Epoch 1, step 321 | loss 0.35182076692581177
Train loss: 0.3730
[val] Step 38 | Loss 0.4065
Validation loss: 0.4938
Epoch 2/50
Epoch 2, step 100 | loss 0.27213552594184875
Epoch 2, step 200 | loss 0.26962026953697205
Epoch 2, step 300 | loss 0.2934072017669678
Epoch 2, step 321 | loss 0.22414140403270721
Train loss: 0.2773
[val] Step 38 | Loss 0.1856
Validation loss: 0.1644
Epoch 3/50
Epoch 3, step 100 | loss 0.2604596018791199
Epoch 3, step 200 | loss 0.18061600625514984
Epoch 3, step 300 | loss 0.18198442459106445
Epoch 3, step 321 | loss 0.2459724396467209
Train loss: 0.2479
[val] Step 38 | Loss 0.1538
Validation loss: 0.1457
Epoch 4/50
Epoch 4, step 100 | loss 0.23618139326572418
Epoch 4, step 200 | loss 0.20145800709724426
Epoch 4, step 300 | loss 0.19096337258815765
Epoch 4, step 321 | loss 0.20287974178791046
Train loss: 0.2382
[val] Step 38 | Loss 0.1541
Validation loss: 0.1563
Epoch 5/50
Epoch 5, step 100 | loss 0.24647514522075653
Epoch 5, step 200 | loss 0.2088051289319992
Epoch 5, step 300 | loss 0.2222447395324707
Epoch 5, step 321 | loss 0.25050410628318787
Train loss: 0.2311
[val] Step 38 | Loss 0.1452
Validation loss: 0.1355
Epoch 6/50
Epoch 6, step 100 | loss 0.18808729946613312
Epoch 6, step 200 | loss 0.2131505012512207
Epoch 6, step 300 | loss 0.18720322847366333
Epoch 6, step 321 | loss 0.2673799693584442
Train loss: 0.2280
[val] Step 38 | Loss 0.1744
Validation loss: 0.1433
Epoch 7/50
Epoch 7, step 100 | loss 0.30463671684265137
Epoch 7, step 200 | loss 0.23310424387454987
Epoch 7, step 300 | loss 0.24096769094467163
Epoch 7, step 321 | loss 0.2866259217262268
Train loss: 0.2292
[val] Step 38 | Loss 0.1503
Validation loss: 0.1290
Epoch 8/50
Epoch 8, step 100 | loss 0.1969328373670578
Epoch 8, step 200 | loss 0.2838084399700165
Epoch 8, step 300 | loss 0.26730668544769287
Epoch 8, step 321 | loss 0.24588681757450104
Train loss: 0.2214
[val] Step 38 | Loss 0.0954
Validation loss: 0.1013
Epoch 9/50
Epoch 9, step 100 | loss 0.2091740071773529
Epoch 9, step 200 | loss 0.1650964319705963
Epoch 9, step 300 | loss 0.237021341919899
Epoch 9, step 321 | loss 0.179985910654068
Train loss: 0.2230
[val] Step 38 | Loss 0.0994
Validation loss: 0.1081
Epoch 10/50
Epoch 10, step 100 | loss 0.20827887952327728
Epoch 10, step 200 | loss 0.24705196917057037
Epoch 10, step 300 | loss 0.171479731798172
Epoch 10, step 321 | loss 0.1862775683403015
Train loss: 0.2234
[val] Step 38 | Loss 0.0838
Validation loss: 0.0855
Epoch 11/50
Epoch 11, step 100 | loss 0.20338428020477295
Epoch 11, step 200 | loss 0.23940692842006683
Epoch 11, step 300 | loss 0.19459004700183868
Epoch 11, step 321 | loss 0.24333253502845764
Train loss: 0.2194
[val] Step 38 | Loss 0.1145
Validation loss: 0.0859
Epoch 12/50
Epoch 12, step 100 | loss 0.2518983781337738
Epoch 12, step 200 | loss 0.21336629986763
Epoch 12, step 300 | loss 0.190814808011055
Epoch 12, step 321 | loss 0.22724267840385437
Train loss: 0.2190
[val] Step 38 | Loss 0.0918
Validation loss: 0.0816
Epoch 13/50
Epoch 13, step 100 | loss 0.17403602600097656
Epoch 13, step 200 | loss 0.24474258720874786
Epoch 13, step 300 | loss 0.16494952142238617
Epoch 13, step 321 | loss 0.2515762150287628
Train loss: 0.2169
[val] Step 38 | Loss 0.0632
Validation loss: 0.0779
Epoch 14/50
Epoch 14, step 100 | loss 0.262872576713562
Epoch 14, step 200 | loss 0.23425832390785217
Epoch 14, step 300 | loss 0.18382692337036133
Epoch 14, step 321 | loss 0.23871825635433197
Train loss: 0.2136
[val] Step 38 | Loss 0.0523
Validation loss: 0.0644
Epoch 15/50
Epoch 15, step 100 | loss 0.1827196180820465
Epoch 15, step 200 | loss 0.19432640075683594
Epoch 15, step 300 | loss 0.15466007590293884
Epoch 15, step 321 | loss 0.22205202281475067
Train loss: 0.2158
[val] Step 38 | Loss 0.0546
Validation loss: 0.0737
Epoch 16/50
Epoch 16, step 100 | loss 0.24373099207878113
Epoch 16, step 200 | loss 0.20100344717502594
Epoch 16, step 300 | loss 0.17277775704860687
Epoch 16, step 321 | loss 0.23979827761650085
Train loss: 0.2141
[val] Step 38 | Loss 0.0814
Validation loss: 0.0756
Epoch 17/50
Epoch 17, step 100 | loss 0.20766790211200714
Epoch 17, step 200 | loss 0.15187348425388336
Epoch 17, step 300 | loss 0.1957530975341797
Epoch 17, step 321 | loss 0.2196461260318756
Train loss: 0.2156
[val] Step 38 | Loss 0.0728
Validation loss: 0.0674
Epoch 18/50
Epoch 18, step 100 | loss 0.22935956716537476
Epoch 18, step 200 | loss 0.17283116281032562
Epoch 18, step 300 | loss 0.2193876951932907
Epoch 18, step 321 | loss 0.16944345831871033
Train loss: 0.2119
[val] Step 38 | Loss 0.1038
Validation loss: 0.0691
Epoch 19/50
Epoch 19, step 100 | loss 0.2097996175289154
Epoch 19, step 200 | loss 0.17630499601364136
Epoch 19, step 300 | loss 0.20154796540737152
Epoch 19, step 321 | loss 0.2058311551809311
Train loss: 0.2136
[val] Step 38 | Loss 0.0657
Validation loss: 0.0697
Epoch 20/50
Epoch 20, step 100 | loss 0.19495727121829987
Epoch 20, step 200 | loss 0.19291064143180847
Epoch 20, step 300 | loss 0.23135672509670258
Epoch 20, step 321 | loss 0.1690024584531784
Train loss: 0.2095
[val] Step 38 | Loss 0.0877
Validation loss: 0.0651
Epoch 21/50
Epoch 21, step 100 | loss 0.22763948142528534
Epoch 21, step 200 | loss 0.2440197914838791
Epoch 21, step 300 | loss 0.17618335783481598
Epoch 21, step 321 | loss 0.26266032457351685
Train loss: 0.2077
[val] Step 38 | Loss 0.0840
Validation loss: 0.0764
Epoch 22/50
Epoch 22, step 100 | loss 0.1872861534357071
Epoch 22, step 200 | loss 0.173029825091362
Epoch 22, step 300 | loss 0.17866431176662445
Epoch 22, step 321 | loss 0.15746460855007172
Train loss: 0.2119
[val] Step 38 | Loss 0.1357
Validation loss: 0.0712
Epoch 23/50
Epoch 23, step 100 | loss 0.2383539080619812
Epoch 23, step 200 | loss 0.27444595098495483
Epoch 23, step 300 | loss 0.22375953197479248
Epoch 23, step 321 | loss 0.18915532529354095
Train loss: 0.2094
[val] Step 38 | Loss 0.0800
Validation loss: 0.0688
Epoch 24/50
Epoch 24, step 100 | loss 0.20523452758789062
Epoch 24, step 200 | loss 0.2572247087955475
Epoch 24, step 300 | loss 0.1622142791748047
Epoch 24, step 321 | loss 0.19265314936637878
Train loss: 0.2087
[val] Step 38 | Loss 0.0813
Validation loss: 0.0655
Epoch 25/50
Epoch 25, step 100 | loss 0.2104535698890686
Epoch 25, step 200 | loss 0.23738598823547363
Epoch 25, step 300 | loss 0.23640471696853638
Epoch 25, step 321 | loss 0.21124188601970673
Train loss: 0.2094
[val] Step 38 | Loss 0.0865
Validation loss: 0.0707
Epoch 26/50
Epoch 26, step 100 | loss 0.25804057717323303
Epoch 26, step 200 | loss 0.22842517495155334
Epoch 26, step 300 | loss 0.17881546914577484
Epoch 26, step 321 | loss 0.22241182625293732
Train loss: 0.2096
[val] Step 38 | Loss 0.0495
Validation loss: 0.0636
Epoch 27/50
Epoch 27, step 100 | loss 0.19646966457366943
Epoch 27, step 200 | loss 0.18036088347434998
Epoch 27, step 300 | loss 0.20234371721744537
Epoch 27, step 321 | loss 0.20287218689918518
Train loss: 0.2059
[val] Step 38 | Loss 0.0656
Validation loss: 0.0633
Epoch 28/50
Epoch 28, step 100 | loss 0.17866486310958862
Epoch 28, step 200 | loss 0.28504884243011475
Epoch 28, step 300 | loss 0.16365686058998108
Epoch 28, step 321 | loss 0.18319018185138702
Train loss: 0.2086
[val] Step 38 | Loss 0.0404
Validation loss: 0.0613
Epoch 29/50
Epoch 29, step 100 | loss 0.23200711607933044
Epoch 29, step 200 | loss 0.20320960879325867
Epoch 29, step 300 | loss 0.2348516583442688
Epoch 29, step 321 | loss 0.21592606604099274
Train loss: 0.2062
[val] Step 38 | Loss 0.0835
Validation loss: 0.0596
Epoch 30/50
Epoch 30, step 100 | loss 0.20896798372268677
Epoch 30, step 200 | loss 0.21485614776611328
Epoch 30, step 300 | loss 0.19300484657287598
Epoch 30, step 321 | loss 0.24156014621257782
Train loss: 0.2087
[val] Step 38 | Loss 0.0899
Validation loss: 0.0651
Epoch 31/50
Epoch 31, step 100 | loss 0.21656520664691925
Epoch 31, step 200 | loss 0.20091383159160614
Epoch 31, step 300 | loss 0.2072141021490097
Epoch 31, step 321 | loss 0.15897499024868011
Train loss: 0.2073
[val] Step 38 | Loss 0.0877
Validation loss: 0.0747
Epoch 32/50
Epoch 32, step 100 | loss 0.22349856793880463
Epoch 32, step 200 | loss 0.2026820331811905
Epoch 32, step 300 | loss 0.16903162002563477
Epoch 32, step 321 | loss 0.17678000032901764
Train loss: 0.2055
[val] Step 38 | Loss 0.0903
Validation loss: 0.0668
Epoch 33/50
Epoch 33, step 100 | loss 0.17990973591804504
Epoch 33, step 200 | loss 0.2160562425851822
Epoch 33, step 300 | loss 0.2142648994922638
Epoch 33, step 321 | loss 0.211669921875
Train loss: 0.2061
[val] Step 38 | Loss 0.1494
Validation loss: 0.0715
Epoch 34/50
Epoch 34, step 100 | loss 0.15679271519184113
Epoch 34, step 200 | loss 0.24155209958553314
Epoch 34, step 300 | loss 0.1918262094259262
Epoch 34, step 321 | loss 0.2351599931716919
Train loss: 0.2069
[val] Step 38 | Loss 0.0728
Validation loss: 0.0639
Epoch 35/50
Epoch 35, step 100 | loss 0.191092386841774
Epoch 35, step 200 | loss 0.2254244089126587
Epoch 35, step 300 | loss 0.16571561992168427
Epoch 35, step 321 | loss 0.2156807780265808
Train loss: 0.2030
[val] Step 38 | Loss 0.0624
Validation loss: 0.0591
Epoch 36/50
Epoch 36, step 100 | loss 0.17900153994560242
Epoch 36, step 200 | loss 0.18425950407981873
Epoch 36, step 300 | loss 0.23476524651050568
Epoch 36, step 321 | loss 0.1580941081047058
Train loss: 0.2007
[val] Step 38 | Loss 0.0474
Validation loss: 0.0526
Epoch 37/50
Epoch 37, step 100 | loss 0.2145126760005951
Epoch 37, step 200 | loss 0.2096179574728012
Epoch 37, step 300 | loss 0.22315576672554016
Epoch 37, step 321 | loss 0.1940176784992218
Train loss: 0.2027
[val] Step 38 | Loss 0.0475
Validation loss: 0.0566
Epoch 38/50
Epoch 38, step 100 | loss 0.16705475747585297
Epoch 38, step 200 | loss 0.1974925547838211
Epoch 38, step 300 | loss 0.23543065786361694
Epoch 38, step 321 | loss 0.23762251436710358
Train loss: 0.2046
[val] Step 38 | Loss 0.0634
Validation loss: 0.0549
Epoch 39/50
Epoch 39, step 100 | loss 0.1608697474002838
Epoch 39, step 200 | loss 0.20995885133743286
Epoch 39, step 300 | loss 0.2248680591583252
Epoch 39, step 321 | loss 0.2632963955402374
Train loss: 0.2056
[val] Step 38 | Loss 0.0506
Validation loss: 0.0610
Epoch 40/50
Epoch 40, step 100 | loss 0.19492363929748535
Epoch 40, step 200 | loss 0.20973755419254303
Epoch 40, step 300 | loss 0.16526174545288086
Epoch 40, step 321 | loss 0.16191165149211884
Train loss: 0.1998
[val] Step 38 | Loss 0.0643
Validation loss: 0.0564
Epoch 41/50
Epoch 41, step 100 | loss 0.20098228752613068
Epoch 41, step 200 | loss 0.1990366280078888
Epoch 41, step 300 | loss 0.15477542579174042
Epoch 41, step 321 | loss 0.19999220967292786
Train loss: 0.1984
[val] Step 38 | Loss 0.0399
Validation loss: 0.0571
Epoch 42/50
Epoch 42, step 100 | loss 0.20805491507053375
Epoch 42, step 200 | loss 0.19107791781425476
Epoch 42, step 300 | loss 0.19233666360378265
Epoch 42, step 321 | loss 0.17884105443954468
Train loss: 0.2012
[val] Step 38 | Loss 0.0605
Validation loss: 0.0569
Epoch 43/50
Epoch 43, step 100 | loss 0.1987089067697525
Epoch 43, step 200 | loss 0.2206897735595703
Epoch 43, step 300 | loss 0.20463503897190094
Epoch 43, step 321 | loss 0.21924053132534027
Train loss: 0.2003
[val] Step 38 | Loss 0.0529
Validation loss: 0.0590
Epoch 44/50
Epoch 44, step 100 | loss 0.19210408627986908
Epoch 44, step 200 | loss 0.2066589891910553
Epoch 44, step 300 | loss 0.21504728496074677
Epoch 44, step 321 | loss 0.18081773817539215
Train loss: 0.1982
[val] Step 38 | Loss 0.0716
Validation loss: 0.0546
Epoch 45/50
Epoch 45, step 100 | loss 0.19038720428943634
Epoch 45, step 200 | loss 0.1934143304824829
Epoch 45, step 300 | loss 0.22458210587501526
Epoch 45, step 321 | loss 0.3165454864501953
Train loss: 0.2020
[val] Step 38 | Loss 0.0806
Validation loss: 0.0565
Epoch 46/50
Epoch 46, step 100 | loss 0.15222926437854767
Epoch 46, step 200 | loss 0.20700040459632874
Epoch 46, step 300 | loss 0.190459743142128
Epoch 46, step 321 | loss 0.21810123324394226
Train loss: 0.2010
[val] Step 38 | Loss 0.0700
Validation loss: 0.0563
Epoch 47/50
Epoch 47, step 100 | loss 0.19811874628067017
Epoch 47, step 200 | loss 0.15607403218746185
Epoch 47, step 300 | loss 0.1837684065103531
Epoch 47, step 321 | loss 0.20740431547164917
Train loss: 0.1998
[val] Step 38 | Loss 0.0330
Validation loss: 0.0594
Epoch 48/50
Epoch 48, step 100 | loss 0.20288591086864471
Epoch 48, step 200 | loss 0.2410859912633896
Epoch 48, step 300 | loss 0.1708117127418518
Epoch 48, step 321 | loss 0.22903141379356384
Train loss: 0.2002
[val] Step 38 | Loss 0.0320
Validation loss: 0.0472
Epoch 49/50
Epoch 49, step 100 | loss 0.18667209148406982
Epoch 49, step 200 | loss 0.21800731122493744
Epoch 49, step 300 | loss 0.1864728331565857
Epoch 49, step 321 | loss 0.19226355850696564
Train loss: 0.2003
[val] Step 38 | Loss 0.0961
Validation loss: 0.0638
Epoch 50/50
Epoch 50, step 100 | loss 0.20496848225593567
Epoch 50, step 200 | loss 0.18432030081748962
Epoch 50, step 300 | loss 0.18138055503368378
Epoch 50, step 321 | loss 0.15967091917991638
Train loss: 0.1985
[val] Step 38 | Loss 0.0913
Validation loss: 0.0577
[test] Step 34 | Loss 0.2181
Validation loss: 0.1997
Training end: 2026-01-31_05:28:53. Elapsed time: 13:46.
wandb: uploading artifact s4-mae; updating run metadata
wandb: uploading artifact s4-mae; uploading output.log; uploading wandb-summary.json; uploading config.yaml
wandb: uploading artifact s4-mae
wandb: 
wandb: Run history:
wandb:  test_loss ▁
wandb: train_loss ▅▃▅▃▄▄▅▆▁▄▅▂▄▃▅▄▄▄▁▆▄▅▄▄▃▁▄▂▂▂▄▁▄▂▂▂█▃▃▃
wandb:   val_loss █▄▃▃▃▃▂▂▂▃▂▁▁▂▂▂▂▂▃▂▂▁▂▂▂▃▂▂▁▁▁▂▁▂▁▂▂▁▁▂
wandb: 
wandb: Run summary:
wandb:  test_loss 0.2181
wandb: train_loss 0.15967
wandb:   val_loss 0.09131
wandb: 
wandb: 🚀 View run S4-50 at: https://wandb.ai/emilyzho-usc/ssl-s4/runs/nu5mvb9c
wandb: ⭐️ View project at: https://wandb.ai/emilyzho-usc/ssl-s4
wandb: Synced 5 W&B file(s), 0 media file(s), 2 artifact file(s) and 0 other file(s)
wandb: Find logs at: ./wandb/run-20260131_051252-nu5mvb9c/logs
{'d_input': 2,
 'd_model': 128,
 'd_output': 128,
 'dec_hidden_dims': [128, 64, 32],
 'enc_hidden_dims': [32, 64, 128],
 'mask_ratio': 0.5,
 'n_layers_s4': 6,
 'verbose': False}
Default device set to CUDA.
===============================================================================================
Layer (type:depth-idx)                        Output Shape              Param #
===============================================================================================
S4MAE                                         [1, 2, 1440]              --
├─PatchMasking: 1-1                           [1, 2, 1440]              --
├─ConvEncoder: 1-2                            [1, 128, 180]             --
│    └─ModuleList: 2-1                        --                        --
│    │    └─BlockConv: 3-1                    [1, 32, 720]              288
│    │    └─BlockConv: 3-2                    [1, 64, 360]              6,336
│    │    └─BlockConv: 3-3                    [1, 128, 180]             24,960
├─S4Model: 1-3                                [1, 180, 128]             --
│    └─Linear: 2-2                            [1, 180, 128]             16,512
│    └─ModuleList: 2-18                       --                        (recursive)
│    │    └─S4Block: 3-4                      [1, 128, 180]             66,048
│    └─ModuleList: 2-19                       --                        --
│    │    └─Dropout1d: 3-5                    [1, 128, 180]             --
│    └─ModuleList: 2-20                       --                        (recursive)
│    │    └─LayerNorm: 3-6                    [1, 180, 128]             256
│    └─ModuleList: 2-18                       --                        (recursive)
│    │    └─S4Block: 3-7                      [1, 128, 180]             66,048
│    └─ModuleList: 2-19                       --                        --
│    │    └─Dropout1d: 3-8                    [1, 128, 180]             --
│    └─ModuleList: 2-20                       --                        (recursive)
│    │    └─LayerNorm: 3-9                    [1, 180, 128]             256
│    └─ModuleList: 2-18                       --                        (recursive)
│    │    └─S4Block: 3-10                     [1, 128, 180]             66,048
│    └─ModuleList: 2-19                       --                        --
│    │    └─Dropout1d: 3-11                   [1, 128, 180]             --
│    └─ModuleList: 2-20                       --                        (recursive)
│    │    └─LayerNorm: 3-12                   [1, 180, 128]             256
│    └─ModuleList: 2-18                       --                        (recursive)
│    │    └─S4Block: 3-13                     [1, 128, 180]             66,048
│    └─ModuleList: 2-19                       --                        --
│    │    └─Dropout1d: 3-14                   [1, 128, 180]             --
│    └─ModuleList: 2-20                       --                        (recursive)
│    │    └─LayerNorm: 3-15                   [1, 180, 128]             256
│    └─ModuleList: 2-18                       --                        (recursive)
│    │    └─S4Block: 3-16                     [1, 128, 180]             66,048
│    └─ModuleList: 2-19                       --                        --
│    │    └─Dropout1d: 3-17                   [1, 128, 180]             --
│    └─ModuleList: 2-20                       --                        (recursive)
│    │    └─LayerNorm: 3-18                   [1, 180, 128]             256
│    └─ModuleList: 2-18                       --                        (recursive)
│    │    └─S4Block: 3-19                     [1, 128, 180]             66,048
│    └─ModuleList: 2-19                       --                        --
│    │    └─Dropout1d: 3-20                   [1, 128, 180]             --
│    └─ModuleList: 2-20                       --                        (recursive)
│    │    └─LayerNorm: 3-21                   [1, 180, 128]             256
│    └─Linear: 2-21                           [1, 180, 128]             16,512
├─ConvDecoder: 1-4                            [1, 2, 1440]              --
│    └─ModuleList: 2-22                       --                        --
│    │    └─BlockConv: 3-22                   [1, 64, 360]              24,768
│    │    └─BlockConv: 3-23                   [1, 32, 720]              6,240
│    │    └─BlockDecoderLast: 3-24            [1, 2, 1440]              198
===============================================================================================
Total params: 493,638
Trainable params: 493,638
Non-trainable params: 0
Total mult-adds (Units.MEGABYTES): 20.67
===============================================================================================
Input size (MB): 0.01
Forward/backward pass size (MB): 6.66
Params size (MB): 1.97
Estimated Total Size (MB): 8.64
===============================================================================================
Starting training...
Model saved as /home/emilyzho/ssl-physio/models/reconstruction/s4-mae_50.pt. Exiting.
