nohup: ignoring input
CUDA extension for structured kernels (Cauchy and Vandermonde multiplication) not found. Install by going to extensions/kernels/ and running `python setup.py install`, for improved speed and memory efficiency. Note that the kernel changed for state-spaces 4.0 and must be recompiled.
Falling back on slow Cauchy and Vandermonde kernel. Install at least one of pykeops or the CUDA extension for better speed and memory efficiency.
wandb: Currently logged in as: emilyzho (emilyzho-usc) to https://api.wandb.ai. Use `wandb login --relogin` to force relogin
wandb: Tracking run with wandb version 0.23.1
wandb: Run data is saved locally in /home/emilyzho/ssl-physio/scripts/training/wandb/run-20260131_051254-hpailwwk
wandb: Run `wandb offline` to turn off syncing.
wandb: Syncing run S4-70
wandb: ⭐️ View project at https://wandb.ai/emilyzho-usc/ssl-s4
wandb: 🚀 View run at https://wandb.ai/emilyzho-usc/ssl-s4/runs/hpailwwk
Constructing S4 (H, N, L) = (128, 32, None)
Constructing S4 (H, N, L) = (128, 32, None)
Constructing S4 (H, N, L) = (128, 32, None)
Constructing S4 (H, N, L) = (128, 32, None)
Constructing S4 (H, N, L) = (128, 32, None)
Constructing S4 (H, N, L) = (128, 32, None)
S4: Initializing kernel to length 180
S4: Initializing kernel to length 180
S4: Initializing kernel to length 180
S4: Initializing kernel to length 180
S4: Initializing kernel to length 180
S4: Initializing kernel to length 180
Trainable params: 0.49 M
Training start: 2026-01-31_05:15:08.
Epoch 1/50
Epoch 1, step 100 | loss 0.5782979726791382
Epoch 1, step 200 | loss 0.5382354855537415
Epoch 1, step 300 | loss 0.5123870968818665
Epoch 1, step 321 | loss 0.5455577969551086
Train loss: 0.5761
[val] Step 38 | Loss 0.3087
Validation loss: 0.4352
Epoch 2/50
Epoch 2, step 100 | loss 0.4463009536266327
Epoch 2, step 200 | loss 0.40927815437316895
Epoch 2, step 300 | loss 0.46890315413475037
Epoch 2, step 321 | loss 0.4234462082386017
Train loss: 0.4570
[val] Step 38 | Loss 0.2450
Validation loss: 0.2863
Epoch 3/50
Epoch 3, step 100 | loss 0.4193747341632843
Epoch 3, step 200 | loss 0.4509149491786957
Epoch 3, step 300 | loss 0.4123460650444031
Epoch 3, step 321 | loss 0.3709520101547241
Train loss: 0.4193
[val] Step 38 | Loss 0.2272
Validation loss: 0.2293
Epoch 4/50
Epoch 4, step 100 | loss 0.33629605174064636
Epoch 4, step 200 | loss 0.4463445544242859
Epoch 4, step 300 | loss 0.3766123652458191
Epoch 4, step 321 | loss 0.37001147866249084
Train loss: 0.4088
[val] Step 38 | Loss 0.2091
Validation loss: 0.2073
Epoch 5/50
Epoch 5, step 100 | loss 0.49282172322273254
Epoch 5, step 200 | loss 0.3846467435359955
Epoch 5, step 300 | loss 0.38842979073524475
Epoch 5, step 321 | loss 0.37930014729499817
Train loss: 0.4026
[val] Step 38 | Loss 0.1994
Validation loss: 0.2345
Epoch 6/50
Epoch 6, step 100 | loss 0.34778058528900146
Epoch 6, step 200 | loss 0.41387757658958435
Epoch 6, step 300 | loss 0.34101584553718567
Epoch 6, step 321 | loss 0.37360355257987976
Train loss: 0.3949
[val] Step 38 | Loss 0.1906
Validation loss: 0.1775
Epoch 7/50
Epoch 7, step 100 | loss 0.3801344931125641
Epoch 7, step 200 | loss 0.4415476620197296
Epoch 7, step 300 | loss 0.37564077973365784
Epoch 7, step 321 | loss 0.3764733672142029
Train loss: 0.3956
[val] Step 38 | Loss 0.1402
Validation loss: 0.1616
Epoch 8/50
Epoch 8, step 100 | loss 0.3246440589427948
Epoch 8, step 200 | loss 0.3972029983997345
Epoch 8, step 300 | loss 0.33009299635887146
Epoch 8, step 321 | loss 0.4313647449016571
Train loss: 0.3896
[val] Step 38 | Loss 0.1406
Validation loss: 0.1240
Epoch 9/50
Epoch 9, step 100 | loss 0.4102403223514557
Epoch 9, step 200 | loss 0.324535071849823
Epoch 9, step 300 | loss 0.3469415009021759
Epoch 9, step 321 | loss 0.363535076379776
Train loss: 0.3905
[val] Step 38 | Loss 0.1494
Validation loss: 0.1505
Epoch 10/50
Epoch 10, step 100 | loss 0.38986828923225403
Epoch 10, step 200 | loss 0.41064539551734924
Epoch 10, step 300 | loss 0.37470144033432007
Epoch 10, step 321 | loss 0.37121614813804626
Train loss: 0.3874
[val] Step 38 | Loss 0.1236
Validation loss: 0.1367
Epoch 11/50
Epoch 11, step 100 | loss 0.40260469913482666
Epoch 11, step 200 | loss 0.4213959574699402
Epoch 11, step 300 | loss 0.35142943263053894
Epoch 11, step 321 | loss 0.40610989928245544
Train loss: 0.3843
[val] Step 38 | Loss 0.1661
Validation loss: 0.1267
Epoch 12/50
Epoch 12, step 100 | loss 0.43854400515556335
Epoch 12, step 200 | loss 0.3920395076274872
Epoch 12, step 300 | loss 0.38598307967185974
Epoch 12, step 321 | loss 0.4020320773124695
Train loss: 0.3822
[val] Step 38 | Loss 0.1132
Validation loss: 0.1119
Epoch 13/50
Epoch 13, step 100 | loss 0.4209102392196655
Epoch 13, step 200 | loss 0.43929851055145264
Epoch 13, step 300 | loss 0.3750700354576111
Epoch 13, step 321 | loss 0.3717454671859741
Train loss: 0.3810
[val] Step 38 | Loss 0.0810
Validation loss: 0.1107
Epoch 14/50
Epoch 14, step 100 | loss 0.3460671305656433
Epoch 14, step 200 | loss 0.397438108921051
Epoch 14, step 300 | loss 0.42652004957199097
Epoch 14, step 321 | loss 0.3653460741043091
Train loss: 0.3780
[val] Step 38 | Loss 0.1034
Validation loss: 0.1237
Epoch 15/50
Epoch 15, step 100 | loss 0.37866050004959106
Epoch 15, step 200 | loss 0.438462495803833
Epoch 15, step 300 | loss 0.33382704854011536
Epoch 15, step 321 | loss 0.3398309648036957
Train loss: 0.3782
[val] Step 38 | Loss 0.1028
Validation loss: 0.1095
Epoch 16/50
Epoch 16, step 100 | loss 0.39648428559303284
Epoch 16, step 200 | loss 0.45884308218955994
Epoch 16, step 300 | loss 0.40242502093315125
Epoch 16, step 321 | loss 0.3811403214931488
Train loss: 0.3793
[val] Step 38 | Loss 0.1111
Validation loss: 0.1072
Epoch 17/50
Epoch 17, step 100 | loss 0.3492204248905182
Epoch 17, step 200 | loss 0.3873395323753357
Epoch 17, step 300 | loss 0.35505616664886475
Epoch 17, step 321 | loss 0.3771381080150604
Train loss: 0.3744
[val] Step 38 | Loss 0.0933
Validation loss: 0.1159
Epoch 18/50
Epoch 18, step 100 | loss 0.43374407291412354
Epoch 18, step 200 | loss 0.3556079566478729
Epoch 18, step 300 | loss 0.4064796566963196
Epoch 18, step 321 | loss 0.3246745765209198
Train loss: 0.3749
[val] Step 38 | Loss 0.0950
Validation loss: 0.1044
Epoch 19/50
Epoch 19, step 100 | loss 0.3606908321380615
Epoch 19, step 200 | loss 0.35404613614082336
Epoch 19, step 300 | loss 0.33487868309020996
Epoch 19, step 321 | loss 0.3544866740703583
Train loss: 0.3729
[val] Step 38 | Loss 0.0827
Validation loss: 0.1104
Epoch 20/50
Epoch 20, step 100 | loss 0.35896924138069153
Epoch 20, step 200 | loss 0.42557621002197266
Epoch 20, step 300 | loss 0.4145374000072479
Epoch 20, step 321 | loss 0.33610326051712036
Train loss: 0.3752
[val] Step 38 | Loss 0.1326
Validation loss: 0.1166
Epoch 21/50
Epoch 21, step 100 | loss 0.3900694251060486
Epoch 21, step 200 | loss 0.3869069516658783
Epoch 21, step 300 | loss 0.370343953371048
Epoch 21, step 321 | loss 0.39049190282821655
Train loss: 0.3722
[val] Step 38 | Loss 0.1172
Validation loss: 0.1234
Epoch 22/50
Epoch 22, step 100 | loss 0.3719637989997864
Epoch 22, step 200 | loss 0.379257470369339
Epoch 22, step 300 | loss 0.3762727677822113
Epoch 22, step 321 | loss 0.3776577115058899
Train loss: 0.3730
[val] Step 38 | Loss 0.1842
Validation loss: 0.1038
Epoch 23/50
Epoch 23, step 100 | loss 0.3570775091648102
Epoch 23, step 200 | loss 0.4436122477054596
Epoch 23, step 300 | loss 0.34160473942756653
Epoch 23, step 321 | loss 0.3638957142829895
Train loss: 0.3724
[val] Step 38 | Loss 0.1521
Validation loss: 0.1133
Epoch 24/50
Epoch 24, step 100 | loss 0.4185888469219208
Epoch 24, step 200 | loss 0.3698239028453827
Epoch 24, step 300 | loss 0.3946349322795868
Epoch 24, step 321 | loss 0.3991990089416504
Train loss: 0.3705
[val] Step 38 | Loss 0.1306
Validation loss: 0.1244
Epoch 25/50
Epoch 25, step 100 | loss 0.3975832760334015
Epoch 25, step 200 | loss 0.4246048033237457
Epoch 25, step 300 | loss 0.43993616104125977
Epoch 25, step 321 | loss 0.3121575117111206
Train loss: 0.3710
[val] Step 38 | Loss 0.1145
Validation loss: 0.1048
Epoch 26/50
Epoch 26, step 100 | loss 0.347007691860199
Epoch 26, step 200 | loss 0.3473244309425354
Epoch 26, step 300 | loss 0.3715394139289856
Epoch 26, step 321 | loss 0.36072230339050293
Train loss: 0.3682
[val] Step 38 | Loss 0.0770
Validation loss: 0.0978
Epoch 27/50
Epoch 27, step 100 | loss 0.3491402268409729
Epoch 27, step 200 | loss 0.34019356966018677
Epoch 27, step 300 | loss 0.4169974625110626
Epoch 27, step 321 | loss 0.39285895228385925
Train loss: 0.3676
[val] Step 38 | Loss 0.0913
Validation loss: 0.1053
Epoch 28/50
Epoch 28, step 100 | loss 0.3441532254219055
Epoch 28, step 200 | loss 0.3643629252910614
Epoch 28, step 300 | loss 0.33781376481056213
Epoch 28, step 321 | loss 0.3733004331588745
Train loss: 0.3670
[val] Step 38 | Loss 0.0603
Validation loss: 0.0885
Epoch 29/50
Epoch 29, step 100 | loss 0.37371841073036194
Epoch 29, step 200 | loss 0.344389945268631
Epoch 29, step 300 | loss 0.3709843158721924
Epoch 29, step 321 | loss 0.30878859758377075
Train loss: 0.3658
[val] Step 38 | Loss 0.1149
Validation loss: 0.1054
Epoch 30/50
Epoch 30, step 100 | loss 0.34174394607543945
Epoch 30, step 200 | loss 0.3627600371837616
Epoch 30, step 300 | loss 0.3003716766834259
Epoch 30, step 321 | loss 0.3612062633037567
Train loss: 0.3680
[val] Step 38 | Loss 0.0924
Validation loss: 0.0966
Epoch 31/50
Epoch 31, step 100 | loss 0.3749450743198395
Epoch 31, step 200 | loss 0.32902202010154724
Epoch 31, step 300 | loss 0.34466874599456787
Epoch 31, step 321 | loss 0.3252291679382324
Train loss: 0.3679
[val] Step 38 | Loss 0.1103
Validation loss: 0.0963
Epoch 32/50
Epoch 32, step 100 | loss 0.29931098222732544
Epoch 32, step 200 | loss 0.3646053373813629
Epoch 32, step 300 | loss 0.3363477289676666
Epoch 32, step 321 | loss 0.38052138686180115
Train loss: 0.3642
[val] Step 38 | Loss 0.1224
Validation loss: 0.1076
Epoch 33/50
Epoch 33, step 100 | loss 0.3641887605190277
Epoch 33, step 200 | loss 0.33895233273506165
Epoch 33, step 300 | loss 0.4568065404891968
Epoch 33, step 321 | loss 0.3692805767059326
Train loss: 0.3667
[val] Step 38 | Loss 0.1581
Validation loss: 0.0961
Epoch 34/50
Epoch 34, step 100 | loss 0.34595125913619995
Epoch 34, step 200 | loss 0.3765365779399872
Epoch 34, step 300 | loss 0.3494469225406647
Epoch 34, step 321 | loss 0.29180124402046204
Train loss: 0.3584
[val] Step 38 | Loss 0.1092
Validation loss: 0.1054
Epoch 35/50
Epoch 35, step 100 | loss 0.4964664876461029
Epoch 35, step 200 | loss 0.3299742043018341
Epoch 35, step 300 | loss 0.4110243022441864
Epoch 35, step 321 | loss 0.3620620369911194
Train loss: 0.3636
[val] Step 38 | Loss 0.1118
Validation loss: 0.1189
Epoch 36/50
Epoch 36, step 100 | loss 0.370382696390152
Epoch 36, step 200 | loss 0.34733784198760986
Epoch 36, step 300 | loss 0.3561723232269287
Epoch 36, step 321 | loss 0.2968239486217499
Train loss: 0.3633
[val] Step 38 | Loss 0.0799
Validation loss: 0.0993
Epoch 37/50
Epoch 37, step 100 | loss 0.3837887644767761
Epoch 37, step 200 | loss 0.28685665130615234
Epoch 37, step 300 | loss 0.3434326648712158
Epoch 37, step 321 | loss 0.3386123776435852
Train loss: 0.3613
[val] Step 38 | Loss 0.1067
Validation loss: 0.1034
Epoch 38/50
Epoch 38, step 100 | loss 0.32886844873428345
Epoch 38, step 200 | loss 0.38174304366111755
Epoch 38, step 300 | loss 0.3606916666030884
Epoch 38, step 321 | loss 0.38267654180526733
Train loss: 0.3623
[val] Step 38 | Loss 0.1043
Validation loss: 0.1054
Epoch 39/50
Epoch 39, step 100 | loss 0.3003545105457306
Epoch 39, step 200 | loss 0.3554656505584717
Epoch 39, step 300 | loss 0.33396029472351074
Epoch 39, step 321 | loss 0.3657124638557434
Train loss: 0.3616
[val] Step 38 | Loss 0.0595
Validation loss: 0.0908
Epoch 40/50
Epoch 40, step 100 | loss 0.41395628452301025
Epoch 40, step 200 | loss 0.38983985781669617
Epoch 40, step 300 | loss 0.4132182002067566
Epoch 40, step 321 | loss 0.3699442744255066
Train loss: 0.3570
[val] Step 38 | Loss 0.1131
Validation loss: 0.1000
Epoch 41/50
Epoch 41, step 100 | loss 0.344835489988327
Epoch 41, step 200 | loss 0.3508301079273224
Epoch 41, step 300 | loss 0.3782613277435303
Epoch 41, step 321 | loss 0.3214179277420044
Train loss: 0.3608
[val] Step 38 | Loss 0.0791
Validation loss: 0.0964
Epoch 42/50
Epoch 42, step 100 | loss 0.31869304180145264
Epoch 42, step 200 | loss 0.38026222586631775
Epoch 42, step 300 | loss 0.3160421550273895
Epoch 42, step 321 | loss 0.3536337912082672
Train loss: 0.3593
[val] Step 38 | Loss 0.0755
Validation loss: 0.0836
Epoch 43/50
Epoch 43, step 100 | loss 0.3562248647212982
Epoch 43, step 200 | loss 0.32126888632774353
Epoch 43, step 300 | loss 0.4010738134384155
Epoch 43, step 321 | loss 0.4427540898323059
Train loss: 0.3602
[val] Step 38 | Loss 0.1220
Validation loss: 0.0996
Epoch 44/50
Epoch 44, step 100 | loss 0.34443312883377075
Epoch 44, step 200 | loss 0.33722326159477234
Epoch 44, step 300 | loss 0.40083208680152893
Epoch 44, step 321 | loss 0.3102068305015564
Train loss: 0.3582
[val] Step 38 | Loss 0.0874
Validation loss: 0.0892
Epoch 45/50
Epoch 45, step 100 | loss 0.3453662395477295
Epoch 45, step 200 | loss 0.405477911233902
Epoch 45, step 300 | loss 0.39178434014320374
Epoch 45, step 321 | loss 0.38875120878219604
Train loss: 0.3638
[val] Step 38 | Loss 0.1061
Validation loss: 0.1012
Epoch 46/50
Epoch 46, step 100 | loss 0.3574981689453125
Epoch 46, step 200 | loss 0.3427319824695587
Epoch 46, step 300 | loss 0.3635120391845703
Epoch 46, step 321 | loss 0.375437468290329
Train loss: 0.3593
[val] Step 38 | Loss 0.0948
Validation loss: 0.1007
Epoch 47/50
Epoch 47, step 100 | loss 0.3245789706707001
Epoch 47, step 200 | loss 0.3301846981048584
Epoch 47, step 300 | loss 0.31773266196250916
Epoch 47, step 321 | loss 0.3585298955440521
Train loss: 0.3608
[val] Step 38 | Loss 0.0505
Validation loss: 0.1052
Epoch 48/50
Epoch 48, step 100 | loss 0.28280186653137207
Epoch 48, step 200 | loss 0.39275428652763367
Epoch 48, step 300 | loss 0.3623606562614441
Epoch 48, step 321 | loss 0.3687012791633606
Train loss: 0.3583
[val] Step 38 | Loss 0.0819
Validation loss: 0.1078
Epoch 49/50
Epoch 49, step 100 | loss 0.35500064492225647
Epoch 49, step 200 | loss 0.3363039195537567
Epoch 49, step 300 | loss 0.3450097143650055
Epoch 49, step 321 | loss 0.325862318277359
Train loss: 0.3591
[val] Step 38 | Loss 0.2171
Validation loss: 0.1229
Epoch 50/50
Epoch 50, step 100 | loss 0.3391975164413452
Epoch 50, step 200 | loss 0.34781038761138916
Epoch 50, step 300 | loss 0.3392338156700134
Epoch 50, step 321 | loss 0.352907657623291
Train loss: 0.3572
[val] Step 38 | Loss 0.1027
Validation loss: 0.0934
[test] Step 34 | Loss 0.3527
Validation loss: 0.3644
Training end: 2026-01-31_05:28:17. Elapsed time: 13:9.
wandb: uploading artifact s4-mae; updating run metadata
wandb: uploading artifact s4-mae; uploading output.log; uploading wandb-summary.json; uploading config.yaml
wandb: uploading artifact s4-mae
wandb: 
wandb: Run history:
wandb:  test_loss ▁
wandb: train_loss █▄▃▄▃▅▂▃▂▃▄▃▅▃▄▂▂▃▂▁▃▃▂▆▂▂▃▁▂▃▂▃▃▂▂▃▂▂▄▂
wandb:   val_loss █▆▆▅▅▃▄▃▄▃▂▂▂▂▂▃▅▄▃▃▂▁▃▂▃▄▃▃▂▃▁▃▂▂▃▃▂▁▂▂
wandb: 
wandb: Run summary:
wandb:  test_loss 0.35266
wandb: train_loss 0.35291
wandb:   val_loss 0.10269
wandb: 
wandb: 🚀 View run S4-70 at: https://wandb.ai/emilyzho-usc/ssl-s4/runs/hpailwwk
wandb: ⭐️ View project at: https://wandb.ai/emilyzho-usc/ssl-s4
wandb: Synced 5 W&B file(s), 0 media file(s), 2 artifact file(s) and 0 other file(s)
wandb: Find logs at: ./wandb/run-20260131_051254-hpailwwk/logs
{'d_input': 2,
 'd_model': 128,
 'd_output': 128,
 'dec_hidden_dims': [128, 64, 32],
 'enc_hidden_dims': [32, 64, 128],
 'mask_ratio': 0.7,
 'n_layers_s4': 6,
 'verbose': False}
Default device set to CUDA.
===============================================================================================
Layer (type:depth-idx)                        Output Shape              Param #
===============================================================================================
S4MAE                                         [1, 2, 1440]              --
├─PatchMasking: 1-1                           [1, 2, 1440]              --
├─ConvEncoder: 1-2                            [1, 128, 180]             --
│    └─ModuleList: 2-1                        --                        --
│    │    └─BlockConv: 3-1                    [1, 32, 720]              288
│    │    └─BlockConv: 3-2                    [1, 64, 360]              6,336
│    │    └─BlockConv: 3-3                    [1, 128, 180]             24,960
├─S4Model: 1-3                                [1, 180, 128]             --
│    └─Linear: 2-2                            [1, 180, 128]             16,512
│    └─ModuleList: 2-18                       --                        (recursive)
│    │    └─S4Block: 3-4                      [1, 128, 180]             66,048
│    └─ModuleList: 2-19                       --                        --
│    │    └─Dropout1d: 3-5                    [1, 128, 180]             --
│    └─ModuleList: 2-20                       --                        (recursive)
│    │    └─LayerNorm: 3-6                    [1, 180, 128]             256
│    └─ModuleList: 2-18                       --                        (recursive)
│    │    └─S4Block: 3-7                      [1, 128, 180]             66,048
│    └─ModuleList: 2-19                       --                        --
│    │    └─Dropout1d: 3-8                    [1, 128, 180]             --
│    └─ModuleList: 2-20                       --                        (recursive)
│    │    └─LayerNorm: 3-9                    [1, 180, 128]             256
│    └─ModuleList: 2-18                       --                        (recursive)
│    │    └─S4Block: 3-10                     [1, 128, 180]             66,048
│    └─ModuleList: 2-19                       --                        --
│    │    └─Dropout1d: 3-11                   [1, 128, 180]             --
│    └─ModuleList: 2-20                       --                        (recursive)
│    │    └─LayerNorm: 3-12                   [1, 180, 128]             256
│    └─ModuleList: 2-18                       --                        (recursive)
│    │    └─S4Block: 3-13                     [1, 128, 180]             66,048
│    └─ModuleList: 2-19                       --                        --
│    │    └─Dropout1d: 3-14                   [1, 128, 180]             --
│    └─ModuleList: 2-20                       --                        (recursive)
│    │    └─LayerNorm: 3-15                   [1, 180, 128]             256
│    └─ModuleList: 2-18                       --                        (recursive)
│    │    └─S4Block: 3-16                     [1, 128, 180]             66,048
│    └─ModuleList: 2-19                       --                        --
│    │    └─Dropout1d: 3-17                   [1, 128, 180]             --
│    └─ModuleList: 2-20                       --                        (recursive)
│    │    └─LayerNorm: 3-18                   [1, 180, 128]             256
│    └─ModuleList: 2-18                       --                        (recursive)
│    │    └─S4Block: 3-19                     [1, 128, 180]             66,048
│    └─ModuleList: 2-19                       --                        --
│    │    └─Dropout1d: 3-20                   [1, 128, 180]             --
│    └─ModuleList: 2-20                       --                        (recursive)
│    │    └─LayerNorm: 3-21                   [1, 180, 128]             256
│    └─Linear: 2-21                           [1, 180, 128]             16,512
├─ConvDecoder: 1-4                            [1, 2, 1440]              --
│    └─ModuleList: 2-22                       --                        --
│    │    └─BlockConv: 3-22                   [1, 64, 360]              24,768
│    │    └─BlockConv: 3-23                   [1, 32, 720]              6,240
│    │    └─BlockDecoderLast: 3-24            [1, 2, 1440]              198
===============================================================================================
Total params: 493,638
Trainable params: 493,638
Non-trainable params: 0
Total mult-adds (Units.MEGABYTES): 20.67
===============================================================================================
Input size (MB): 0.01
Forward/backward pass size (MB): 6.66
Params size (MB): 1.97
Estimated Total Size (MB): 8.64
===============================================================================================
Starting training...
Model saved as /home/emilyzho/ssl-physio/models/reconstruction/s4-mae_70.pt. Exiting.
